<?xml version="1.0" encoding="UTF-8"?>
<con:testCase id="8c9b28b7-60fa-4fc2-9f34-a1f9bb560d1a" discardOkResults="true" failOnError="false" failTestCaseOnErrors="true" keepSession="false" name="Test Case 1" searchProperties="true" timeout="0" xmlns:con="http://eviware.com/soapui/config">
  <con:settings>
    <con:setting id="8c9b28b7-60fa-4fc2-9f34-a1f9bb560d1afileName">Test-Case-1</con:setting>
  </con:settings>
  <con:savedRecentRuns>1</con:savedRecentRuns>
  <con:testStep type="datasource" name="Data Source" id="b8ad8b60-52fa-41d0-aa2f-86f01795bd93">
    <con:settings/>
    <con:config xsi:type="con:DataSourceStep" xmlns:xsi="http://www.w3.org/2001/XMLSchema-instance">
      <con:dataSource type="Grid">
        <con:configuration>
          <check><![CDATA[<xml-fragment><con:entry xmlns:con="http://eviware.com/soapui/config">true</con:entry><con:entry xmlns:con="http://eviware.com/soapui/config">true</con:entry><con:entry xmlns:con="http://eviware.com/soapui/config">true</con:entry><con:entry xmlns:con="http://eviware.com/soapui/config">true</con:entry><con:entry xmlns:con="http://eviware.com/soapui/config">true</con:entry></xml-fragment>]]></check>
          <row><![CDATA[<xml-fragment><con:entry xmlns:con="http://eviware.com/soapui/config">1</con:entry><con:entry xmlns:con="http://eviware.com/soapui/config">USPS</con:entry><con:entry xmlns:con="http://eviware.com/soapui/config"/><con:entry xmlns:con="http://eviware.com/soapui/config"/></xml-fragment>]]></row>
          <row><![CDATA[<xml-fragment><con:entry xmlns:con="http://eviware.com/soapui/config">2</con:entry><con:entry xmlns:con="http://eviware.com/soapui/config">UPS</con:entry><con:entry xmlns:con="http://eviware.com/soapui/config">pluto8936</con:entry><con:entry xmlns:con="http://eviware.com/soapui/config"/></xml-fragment>]]></row>
          <row><![CDATA[<xml-fragment><con:entry xmlns:con="http://eviware.com/soapui/config">3</con:entry><con:entry xmlns:con="http://eviware.com/soapui/config">DHLExpress</con:entry><con:entry xmlns:con="http://eviware.com/soapui/config">pluto8936</con:entry><con:entry xmlns:con="http://eviware.com/soapui/config"/></xml-fragment>]]></row>
          <row><![CDATA[<xml-fragment><con:entry xmlns:con="http://eviware.com/soapui/config">4</con:entry><con:entry xmlns:con="http://eviware.com/soapui/config">CanadaPost</con:entry><con:entry xmlns:con="http://eviware.com/soapui/config">pluto8936</con:entry><con:entry xmlns:con="http://eviware.com/soapui/config"/></xml-fragment>]]></row>
          <row><![CDATA[<xml-fragment><con:entry xmlns:con="http://eviware.com/soapui/config">5</con:entry><con:entry xmlns:con="http://eviware.com/soapui/config">All</con:entry><con:entry xmlns:con="http://eviware.com/soapui/config">pluto8936</con:entry><con:entry xmlns:con="http://eviware.com/soapui/config"/></xml-fragment>]]></row>
          <recognizeAsPlainText>true</recognizeAsPlainText>
        </con:configuration>
      </con:dataSource>
      <con:shared>true</con:shared>
      <con:restartShared>true</con:restartShared>
      <con:property>SNO</con:property>
      <con:property>Carrier</con:property>
      <con:property>Promocode</con:property>
      <con:restartOnRun>true</con:restartOnRun>
    </con:config>
  </con:testStep>
  <con:testStep type="groovy" name="Groovy Script Name" id="a9a5112e-a6fd-4d14-9957-debd0ccf8347">
    <con:settings/>
    <con:config>
      <script>import java.lang.Math;

int num = (Math.random()*1000000)
String userName = "rband" + num.toString()
log.info(userName)
testRunner.testCase.setPropertyValue("username", userName)</script>
    </con:config>
  </con:testStep>
  <con:testStep type="request" id="a8118ed8-2cd8-4407-89e3-69dd2db66571" name="Register Account">
    <con:settings/>
    <con:config xsi:type="con:RequestStep" xmlns:xsi="http://www.w3.org/2001/XMLSchema-instance">
      <con:interface>SwsimV111Soap</con:interface>
      <con:operation>RegisterAccount</con:operation>
      <con:request name="Register Account" outgoingWss="" incomingWss="" timeout="" sslKeystore="" useWsAddressing="false" useWsReliableMessaging="false" wssPasswordType="" id="bf8bc6e5-cf88-4322-bf1d-a8e53b45304d">
        <con:settings>
          <con:setting id="com.eviware.soapui.impl.wsdl.WsdlRequest@request-headers">&lt;entry key="SoapAction" value="${#Project#Namespace}/RegisterAccount" xmlns="http://eviware.com/soapui/config"/></con:setting>
        </con:settings>
        <con:encoding>UTF-8</con:encoding>
        <con:endpoint>${#Project#ServiceEndpoint}</con:endpoint>
        <con:request><![CDATA[<soapenv:Envelope xmlns:soapenv="http://schemas.xmlsoap.org/soap/envelope/" xmlns:sws="${#Project#Namespace}">
   <soapenv:Header/>
   <soapenv:Body>
      <sws:RegisterAccount>
         <sws:IntegrationID>C27D7CDC-076E-4D62-98AA-AE45BF9B4B96</sws:IntegrationID>
         <sws:UserName>${#TestCase#username}</sws:UserName>
         <sws:Password>pass1$</sws:Password>
         <sws:Codeword1Type>MothersMaidenName</sws:Codeword1Type>
         <sws:Codeword1>Smith</sws:Codeword1>
         <sws:Codeword2Type>StreetName</sws:Codeword2Type>
         <sws:Codeword2>Maple</sws:Codeword2>
         <sws:PhysicalAddress>
            <sws:FirstName>rounak</sws:FirstName>
            <sws:LastName>ACCEPT</sws:LastName>
            <sws:Company>STAMPS</sws:Company>
            <!--Optional:-->
            <sws:Address1>13393 E ASBURY DR APT 103</sws:Address1>
            <!--Optional:-->
            <sws:Address2>Apt 123</sws:Address2>
            <!--Optional:-->
            <sws:Address3>attn: John</sws:Address3>
            <!--Optional:-->
            <sws:City>AURORA</sws:City>
            <!--Optional:-->
            <sws:State>CO</sws:State>
            <!--Optional:-->
            <sws:ZIPCode>80014</sws:ZIPCode>
            <sws:Country>US</sws:Country>
            <sws:PhoneNumber>2147483647</sws:PhoneNumber>
         </sws:PhysicalAddress>
         <sws:MailingAddress>
            <sws:FirstName>rounak</sws:FirstName>
            <sws:LastName>ACCEPT</sws:LastName>
            <sws:Company>STAMPS</sws:Company>
            <!--Optional:-->
            <sws:Address1>5231 MINNIE ST</sws:Address1>
            <!--Optional:-->
            <sws:Address2>Apt 123</sws:Address2>
            <!--Optional:-->
            <sws:Address3>attn: John</sws:Address3>
            <!--Optional:-->
            <sws:City>PORT ARTHUR</sws:City>
            <!--Optional:-->
            <sws:State>TX</sws:State>
            <!--Optional:-->
            <sws:ZIPCode>77640</sws:ZIPCode>
            <sws:Country>US</sws:Country>
            <sws:PhoneNumber>2147483647</sws:PhoneNumber>
         </sws:MailingAddress>
         <sws:MachineInfo>
            <sws:IPAddress>111.111.111.111</sws:IPAddress>
         </sws:MachineInfo>
         <sws:Email>rbandyopadhyay@stamps.com</sws:Email>
         <sws:AccountType>Individual</sws:AccountType>
         <sws:PromoCode>${Data Source#Promocode}</sws:PromoCode>
         <sws:CreditCard>
            <sws:CreditCardType>Visa</sws:CreditCardType>
            <sws:AccountNumber>4111111111111111</sws:AccountNumber>
            <sws:CVN>123</sws:CVN>
            <sws:ExpirationDate>2025-12-27T20:26:05Z</sws:ExpirationDate>
            <sws:BillingAddress>
               <sws:FirstName>rounak</sws:FirstName>
               <sws:LastName>Accept</sws:LastName>
               <sws:Company>Stamps</sws:Company>
               <sws:Address1>527 COLISEUM ST APT 22204</sws:Address1>
               <sws:Address2>Apt 123</sws:Address2>
               <sws:Address3>attn: John</sws:Address3>
               <sws:City>ORLANDO</sws:City>
               <sws:State>FL</sws:State>
               <sws:ZIPCode>32828</sws:ZIPCode>
            </sws:BillingAddress>
         </sws:CreditCard>
         <sws:SendEmail>true</sws:SendEmail>
      </sws:RegisterAccount>
     <sws1:RegisterAccount xmlns:sws1="http://stamps.com/xml/namespace/2021/01/swsim/SwsimV111"><sws1:IntegrationID/><sws1:UserName/><sws1:Password/><sws1:PhysicalAddress/><sws1:MachineInfo><sws1:IPAddress/></sws1:MachineInfo><sws1:Email/><sws1:AccountType/></sws1:RegisterAccount></soapenv:Body>
</soapenv:Envelope>]]></con:request>
        <con:assertion type="Valid HTTP Status Codes" id="d1b29097-4af6-43e9-8be4-c11f277f11d2" name="Valid HTTP Status Codes">
          <con:settings/>
          <con:configuration>
            <codes>200</codes>
          </con:configuration>
        </con:assertion>
        <con:assertion type="SOAP Fault Assertion" id="e330f4e5-e6db-4d28-87c2-e9c7c80d12f5" name="Not SOAP Fault"/>
        <con:credentials>
          <con:selectedAuthProfile>No Authorization</con:selectedAuthProfile>
          <con:authType>No Authorization</con:authType>
        </con:credentials>
        <con:jmsConfig JMSDeliveryMode="PERSISTENT"/>
        <con:wsaConfig mustUnderstand="NONE" version="200508" action="http://stamps.com/xml/namespace/2021/01/swsim/SwsimV111/RegisterAccount"/>
        <con:wsrmConfig version="1.2"/>
      </con:request>
    </con:config>
  </con:testStep>
  <con:testStep type="delay" name="Delay" id="0f018cff-c81c-46a8-b98d-99e07a7fed52">
    <con:settings/>
    <con:config>
      <delay>10000</delay>
    </con:config>
  </con:testStep>
  <con:testStep type="request" id="f8d82c8a-780c-4333-b0a1-7c056112eff6" name="Get Account Info">
    <con:settings/>
    <con:config xsi:type="con:RequestStep" xmlns:xsi="http://www.w3.org/2001/XMLSchema-instance">
      <con:interface>SwsimV111Soap</con:interface>
      <con:operation>GetAccountInfo</con:operation>
      <con:request name="Get Account Info" outgoingWss="" incomingWss="" timeout="" sslKeystore="" useWsAddressing="false" useWsReliableMessaging="false" wssPasswordType="" id="f6d2a5f0-18eb-4771-a12c-8aeb46c77d35">
        <con:settings>
          <con:setting id="com.eviware.soapui.impl.wsdl.WsdlRequest@request-headers">&lt;entry key="SoapAction" value="${#Project#Namespace}/GetAccountInfo" xmlns="http://eviware.com/soapui/config"/></con:setting>
        </con:settings>
        <con:encoding>UTF-8</con:encoding>
        <con:endpoint>${#Project#ServiceEndpoint}</con:endpoint>
        <con:request><![CDATA[<soapenv:Envelope xmlns:soapenv="http://schemas.xmlsoap.org/soap/envelope/" xmlns:sws="${#Project#Namespace}">
   <soapenv:Header/>
   <soapenv:Body>
      <sws:GetAccountInfo>
         <!--You have a CHOICE of the next 2 items at this level-->
         <!--Optional:-->
         <sws:Credentials>
            <sws:IntegrationID>C27D7CDC-076E-4D62-98AA-AE45BF9B4B96</sws:IntegrationID>
            <sws:Username>${#TestCase#username}</sws:Username>
            <sws:Password>pass1$</sws:Password>
         </sws:Credentials>
      </sws:GetAccountInfo>
    </soapenv:Body>
</soapenv:Envelope>]]></con:request>
        <con:assertion type="Valid HTTP Status Codes" id="5513f821-5440-42ad-a582-d4fd68f06684" name="Valid HTTP Status Codes">
          <con:settings/>
          <con:configuration>
            <codes>200</codes>
          </con:configuration>
        </con:assertion>
        <con:assertion type="SOAP Fault Assertion" id="0c00cc92-b5ef-4074-95fd-18240344b6c8" name="Not SOAP Fault"/>
        <con:credentials>
          <con:selectedAuthProfile>No Authorization</con:selectedAuthProfile>
          <con:authType>No Authorization</con:authType>
        </con:credentials>
        <con:jmsConfig JMSDeliveryMode="PERSISTENT"/>
        <con:wsaConfig mustUnderstand="NONE" version="200508" action="http://stamps.com/xml/namespace/2021/01/swsim/SwsimV111/GetAccountInfo"/>
        <con:wsrmConfig version="1.2"/>
      </con:request>
    </con:config>
  </con:testStep>
  <con:testStep type="request" id="5d19c86f-dfa7-4efe-a9c5-a857d84b0b3c" name="Purchase Postage">
    <con:settings/>
    <con:config xsi:type="con:RequestStep" xmlns:xsi="http://www.w3.org/2001/XMLSchema-instance">
      <con:interface>SwsimV111Soap</con:interface>
      <con:operation>PurchasePostage</con:operation>
      <con:request name="Purchase Postage" outgoingWss="" incomingWss="" timeout="" sslKeystore="" useWsAddressing="false" useWsReliableMessaging="false" wssPasswordType="" id="689d46b0-32ef-4390-9dfe-ce2ba06d9473">
        <con:settings>
          <con:setting id="com.eviware.soapui.impl.wsdl.WsdlRequest@request-headers">&lt;entry key="SoapAction" value="${#Project#Namespace}/PurchasePostage" xmlns="http://eviware.com/soapui/config"/></con:setting>
        </con:settings>
        <con:encoding>UTF-8</con:encoding>
        <con:endpoint>${#Project#ServiceEndpoint}</con:endpoint>
        <con:request><![CDATA[<soapenv:Envelope xmlns:soapenv="http://schemas.xmlsoap.org/soap/envelope/" xmlns:sws="${#Project#Namespace}">
   <soapenv:Header/>
   <soapenv:Body>
      <sws:PurchasePostage>
         <!--<sws:Authenticator><![CDATA[${Get Account Info#Response#declare namespace ns1='http://stamps.com/xml/namespace/2021/01/swsim/SwsimV111'; //ns1:GetAccountInfoResponse[1]/ns1:Authenticator[1]}]]]]>><![CDATA[</sws:Authenticator>-->
         <!---->
         <sws:Credentials>
            <sws:IntegrationID>${#Project#IntegrationID}</sws:IntegrationID>
            <sws:Username>${#TestCase#username}</sws:Username>
            <sws:Password>pass1$</sws:Password>
         </sws:Credentials>
         <sws:PurchaseAmount>500</sws:PurchaseAmount>
         <sws:ControlTotal>0</sws:ControlTotal>
         <!--Optional:-->
      </sws:PurchasePostage>
   </soapenv:Body>
</soapenv:Envelope>]]></con:request>
        <con:assertion type="Valid HTTP Status Codes" id="566289eb-dc8e-4f27-afae-422931faad11" name="Valid HTTP Status Codes">
          <con:settings/>
          <con:configuration>
            <codes>200</codes>
          </con:configuration>
        </con:assertion>
        <con:assertion type="SOAP Fault Assertion" id="69e07887-7676-4a86-b22e-9101cb2ee44e" name="Not SOAP Fault"/>
        <con:credentials>
          <con:selectedAuthProfile>No Authorization</con:selectedAuthProfile>
          <con:authType>No Authorization</con:authType>
        </con:credentials>
        <con:jmsConfig JMSDeliveryMode="PERSISTENT"/>
        <con:wsaConfig mustUnderstand="NONE" version="200508" action="http://stamps.com/xml/namespace/2021/01/swsim/SwsimV111/PurchasePostage"/>
        <con:wsrmConfig version="1.2"/>
      </con:request>
    </con:config>
  </con:testStep>
  <con:testStep type="groovy" name="Groovy Script" id="6fc68bd0-2c0f-4313-92af-5652b8c2ec8c">
    <con:settings/>
    <con:config>
      <script>def carrier = context.expand( '${Data Source#Carrier}' )

if(carrier != "usps")
{
	testRunner.testCase.getTestStepByName("Add Carrier").disabled = false;
}
else
{
	testRunner.testCase.getTestStepByName("Add Carrier").disabled = true;
}</script>
    </con:config>
  </con:testStep>
  <con:testStep type="request" id="d3e4586d-1da7-4423-8f86-c8611db0edce" name="Add Carrier">
    <con:settings/>
    <con:config xsi:type="con:RequestStep" xmlns:xsi="http://www.w3.org/2001/XMLSchema-instance">
      <con:interface>SwsimV111Soap</con:interface>
      <con:operation>AddCarrier</con:operation>
      <con:request name="Add Carrier" outgoingWss="" incomingWss="" timeout="" sslKeystore="" useWsAddressing="false" useWsReliableMessaging="false" wssPasswordType="" id="0e2ca5d5-f479-49db-8784-6e3b98dfbda7">
        <con:settings>
          <con:setting id="com.eviware.soapui.impl.wsdl.WsdlRequest@request-headers">&lt;entry key="SoapAction" value="${#Project#Namespace}/AddCarrier" xmlns="http://eviware.com/soapui/config"/></con:setting>
        </con:settings>
        <con:encoding>UTF-8</con:encoding>
        <con:endpoint>${#Project#ServiceEndpoint}</con:endpoint>
        <con:request><![CDATA[<soapenv:Envelope xmlns:soapenv="http://schemas.xmlsoap.org/soap/envelope/" xmlns:sws="${#Project#Namespace}">
   <soapenv:Header/>
   <soapenv:Body>
      <sws:AddCarrier>
         <sws:Credentials>
            <sws:IntegrationID>C27D7CDC-076E-4D62-98AA-AE45BF9B4B96</sws:IntegrationID>
            <sws:Username>${#TestCase#username}</sws:Username>
            <sws:Password>pass1$</sws:Password>
         </sws:Credentials>
         <sws:UserOwnedAccount>false</sws:UserOwnedAccount>
         <sws:Carrier>${Data Source#Carrier}</sws:Carrier>
         <sws:AgreeToEula>true</sws:AgreeToEula>
         <sws:NegotiatedRates>false</sws:NegotiatedRates>
      </sws:AddCarrier>
   </soapenv:Body>
</soapenv:Envelope>]]></con:request>
        <con:assertion type="Valid HTTP Status Codes" id="a5aecd9c-395a-4a57-9870-0f9004fb81bd" name="Valid HTTP Status Codes">
          <con:settings/>
          <con:configuration>
            <codes>200</codes>
          </con:configuration>
        </con:assertion>
        <con:assertion type="SOAP Fault Assertion" id="ed40528a-c61a-4177-8950-5236c7c50d97" name="Not SOAP Fault"/>
        <con:credentials>
          <con:selectedAuthProfile>No Authorization</con:selectedAuthProfile>
          <con:authType>No Authorization</con:authType>
        </con:credentials>
        <con:jmsConfig JMSDeliveryMode="PERSISTENT"/>
        <con:wsaConfig mustUnderstand="NONE" version="200508" action="http://stamps.com/xml/namespace/2021/01/swsim/SwsimV111/AddCarrier"/>
        <con:wsrmConfig version="1.2"/>
      </con:request>
    </con:config>
  </con:testStep>
  <con:testStep type="datasource" name="Print" id="c65a8ea9-a491-444d-96d7-1663ebfb33a6">
    <con:settings/>
    <con:config xsi:type="con:DataSourceStep" xmlns:xsi="http://www.w3.org/2001/XMLSchema-instance">
      <con:dataSource type="Grid">
        <con:configuration>
          <check><![CDATA[<xml-fragment><con:entry xmlns:con="http://eviware.com/soapui/config">true</con:entry><con:entry xmlns:con="http://eviware.com/soapui/config">true</con:entry><con:entry xmlns:con="http://eviware.com/soapui/config">true</con:entry><con:entry xmlns:con="http://eviware.com/soapui/config">true</con:entry><con:entry xmlns:con="http://eviware.com/soapui/config">true</con:entry><con:entry xmlns:con="http://eviware.com/soapui/config">true</con:entry><con:entry xmlns:con="http://eviware.com/soapui/config">true</con:entry><con:entry xmlns:con="http://eviware.com/soapui/config">true</con:entry><con:entry xmlns:con="http://eviware.com/soapui/config">true</con:entry><con:entry xmlns:con="http://eviware.com/soapui/config">true</con:entry><con:entry xmlns:con="http://eviware.com/soapui/config">true</con:entry><con:entry xmlns:con="http://eviware.com/soapui/config">true</con:entry><con:entry xmlns:con="http://eviware.com/soapui/config">true</con:entry><con:entry xmlns:con="http://eviware.com/soapui/config">true</con:entry><con:entry xmlns:con="http://eviware.com/soapui/config">true</con:entry><con:entry xmlns:con="http://eviware.com/soapui/config">true</con:entry><con:entry xmlns:con="http://eviware.com/soapui/config">true</con:entry><con:entry xmlns:con="http://eviware.com/soapui/config">true</con:entry><con:entry xmlns:con="http://eviware.com/soapui/config">true</con:entry><con:entry xmlns:con="http://eviware.com/soapui/config">true</con:entry><con:entry xmlns:con="http://eviware.com/soapui/config">true</con:entry><con:entry xmlns:con="http://eviware.com/soapui/config">true</con:entry><con:entry xmlns:con="http://eviware.com/soapui/config">true</con:entry><con:entry xmlns:con="http://eviware.com/soapui/config">true</con:entry><con:entry xmlns:con="http://eviware.com/soapui/config">true</con:entry><con:entry xmlns:con="http://eviware.com/soapui/config">true</con:entry><con:entry xmlns:con="http://eviware.com/soapui/config">true</con:entry><con:entry xmlns:con="http://eviware.com/soapui/config">true</con:entry><con:entry xmlns:con="http://eviware.com/soapui/config">true</con:entry><con:entry xmlns:con="http://eviware.com/soapui/config">true</con:entry><con:entry xmlns:con="http://eviware.com/soapui/config">true</con:entry><con:entry xmlns:con="http://eviware.com/soapui/config">true</con:entry><con:entry xmlns:con="http://eviware.com/soapui/config">true</con:entry><con:entry xmlns:con="http://eviware.com/soapui/config">true</con:entry><con:entry xmlns:con="http://eviware.com/soapui/config">true</con:entry><con:entry xmlns:con="http://eviware.com/soapui/config">true</con:entry><con:entry xmlns:con="http://eviware.com/soapui/config">true</con:entry><con:entry xmlns:con="http://eviware.com/soapui/config">true</con:entry><con:entry xmlns:con="http://eviware.com/soapui/config">true</con:entry><con:entry xmlns:con="http://eviware.com/soapui/config">true</con:entry><con:entry xmlns:con="http://eviware.com/soapui/config">true</con:entry><con:entry xmlns:con="http://eviware.com/soapui/config">true</con:entry><con:entry xmlns:con="http://eviware.com/soapui/config">true</con:entry><con:entry xmlns:con="http://eviware.com/soapui/config">true</con:entry><con:entry xmlns:con="http://eviware.com/soapui/config">true</con:entry><con:entry xmlns:con="http://eviware.com/soapui/config">true</con:entry><con:entry xmlns:con="http://eviware.com/soapui/config">true</con:entry><con:entry xmlns:con="http://eviware.com/soapui/config">true</con:entry><con:entry xmlns:con="http://eviware.com/soapui/config">true</con:entry><con:entry xmlns:con="http://eviware.com/soapui/config">true</con:entry><con:entry xmlns:con="http://eviware.com/soapui/config">true</con:entry><con:entry xmlns:con="http://eviware.com/soapui/config">true</con:entry><con:entry xmlns:con="http://eviware.com/soapui/config">true</con:entry><con:entry xmlns:con="http://eviware.com/soapui/config">true</con:entry><con:entry xmlns:con="http://eviware.com/soapui/config">true</con:entry><con:entry xmlns:con="http://eviware.com/soapui/config">true</con:entry><con:entry xmlns:con="http://eviware.com/soapui/config">true</con:entry><con:entry xmlns:con="http://eviware.com/soapui/config">true</con:entry><con:entry xmlns:con="http://eviware.com/soapui/config">true</con:entry><con:entry xmlns:con="http://eviware.com/soapui/config">true</con:entry><con:entry xmlns:con="http://eviware.com/soapui/config">true</con:entry><con:entry xmlns:con="http://eviware.com/soapui/config">true</con:entry><con:entry xmlns:con="http://eviware.com/soapui/config">true</con:entry><con:entry xmlns:con="http://eviware.com/soapui/config">true</con:entry><con:entry xmlns:con="http://eviware.com/soapui/config">true</con:entry><con:entry xmlns:con="http://eviware.com/soapui/config">true</con:entry><con:entry xmlns:con="http://eviware.com/soapui/config">true</con:entry><con:entry xmlns:con="http://eviware.com/soapui/config">true</con:entry><con:entry xmlns:con="http://eviware.com/soapui/config">true</con:entry><con:entry xmlns:con="http://eviware.com/soapui/config">true</con:entry><con:entry xmlns:con="http://eviware.com/soapui/config">true</con:entry><con:entry xmlns:con="http://eviware.com/soapui/config">true</con:entry><con:entry xmlns:con="http://eviware.com/soapui/config">true</con:entry><con:entry xmlns:con="http://eviware.com/soapui/config">true</con:entry><con:entry xmlns:con="http://eviware.com/soapui/config">true</con:entry><con:entry xmlns:con="http://eviware.com/soapui/config">true</con:entry><con:entry xmlns:con="http://eviware.com/soapui/config">true</con:entry><con:entry xmlns:con="http://eviware.com/soapui/config">true</con:entry><con:entry xmlns:con="http://eviware.com/soapui/config">true</con:entry><con:entry xmlns:con="http://eviware.com/soapui/config">true</con:entry><con:entry xmlns:con="http://eviware.com/soapui/config">true</con:entry><con:entry xmlns:con="http://eviware.com/soapui/config">true</con:entry><con:entry xmlns:con="http://eviware.com/soapui/config">true</con:entry><con:entry xmlns:con="http://eviware.com/soapui/config">true</con:entry><con:entry xmlns:con="http://eviware.com/soapui/config">true</con:entry><con:entry xmlns:con="http://eviware.com/soapui/config">true</con:entry><con:entry xmlns:con="http://eviware.com/soapui/config">true</con:entry><con:entry xmlns:con="http://eviware.com/soapui/config">true</con:entry><con:entry xmlns:con="http://eviware.com/soapui/config">true</con:entry><con:entry xmlns:con="http://eviware.com/soapui/config">true</con:entry><con:entry xmlns:con="http://eviware.com/soapui/config">true</con:entry><con:entry xmlns:con="http://eviware.com/soapui/config">true</con:entry><con:entry xmlns:con="http://eviware.com/soapui/config">true</con:entry><con:entry xmlns:con="http://eviware.com/soapui/config">true</con:entry><con:entry xmlns:con="http://eviware.com/soapui/config">true</con:entry><con:entry xmlns:con="http://eviware.com/soapui/config">true</con:entry><con:entry xmlns:con="http://eviware.com/soapui/config">true</con:entry><con:entry xmlns:con="http://eviware.com/soapui/config">true</con:entry><con:entry xmlns:con="http://eviware.com/soapui/config">true</con:entry><con:entry xmlns:con="http://eviware.com/soapui/config">true</con:entry><con:entry xmlns:con="http://eviware.com/soapui/config">true</con:entry><con:entry xmlns:con="http://eviware.com/soapui/config">true</con:entry><con:entry xmlns:con="http://eviware.com/soapui/config">true</con:entry><con:entry xmlns:con="http://eviware.com/soapui/config">true</con:entry><con:entry xmlns:con="http://eviware.com/soapui/config">true</con:entry><con:entry xmlns:con="http://eviware.com/soapui/config">true</con:entry><con:entry xmlns:con="http://eviware.com/soapui/config">true</con:entry><con:entry xmlns:con="http://eviware.com/soapui/config">true</con:entry><con:entry xmlns:con="http://eviware.com/soapui/config">true</con:entry><con:entry xmlns:con="http://eviware.com/soapui/config">true</con:entry><con:entry xmlns:con="http://eviware.com/soapui/config">true</con:entry><con:entry xmlns:con="http://eviware.com/soapui/config">true</con:entry><con:entry xmlns:con="http://eviware.com/soapui/config">true</con:entry><con:entry xmlns:con="http://eviware.com/soapui/config">true</con:entry><con:entry xmlns:con="http://eviware.com/soapui/config">true</con:entry><con:entry xmlns:con="http://eviware.com/soapui/config">true</con:entry><con:entry xmlns:con="http://eviware.com/soapui/config">true</con:entry><con:entry xmlns:con="http://eviware.com/soapui/config">true</con:entry><con:entry xmlns:con="http://eviware.com/soapui/config">true</con:entry><con:entry xmlns:con="http://eviware.com/soapui/config">true</con:entry><con:entry xmlns:con="http://eviware.com/soapui/config">true</con:entry><con:entry xmlns:con="http://eviware.com/soapui/config">true</con:entry><con:entry xmlns:con="http://eviware.com/soapui/config">true</con:entry><con:entry xmlns:con="http://eviware.com/soapui/config">true</con:entry><con:entry xmlns:con="http://eviware.com/soapui/config">true</con:entry><con:entry xmlns:con="http://eviware.com/soapui/config">true</con:entry><con:entry xmlns:con="http://eviware.com/soapui/config">true</con:entry><con:entry xmlns:con="http://eviware.com/soapui/config">true</con:entry><con:entry xmlns:con="http://eviware.com/soapui/config">true</con:entry><con:entry xmlns:con="http://eviware.com/soapui/config">true</con:entry><con:entry xmlns:con="http://eviware.com/soapui/config">true</con:entry><con:entry xmlns:con="http://eviware.com/soapui/config">true</con:entry><con:entry xmlns:con="http://eviware.com/soapui/config">true</con:entry><con:entry xmlns:con="http://eviware.com/soapui/config">true</con:entry><con:entry xmlns:con="http://eviware.com/soapui/config">true</con:entry><con:entry xmlns:con="http://eviware.com/soapui/config">true</con:entry><con:entry xmlns:con="http://eviware.com/soapui/config">true</con:entry><con:entry xmlns:con="http://eviware.com/soapui/config">true</con:entry><con:entry xmlns:con="http://eviware.com/soapui/config">true</con:entry><con:entry xmlns:con="http://eviware.com/soapui/config">true</con:entry><con:entry xmlns:con="http://eviware.com/soapui/config">true</con:entry><con:entry xmlns:con="http://eviware.com/soapui/config">true</con:entry><con:entry xmlns:con="http://eviware.com/soapui/config">true</con:entry><con:entry xmlns:con="http://eviware.com/soapui/config">true</con:entry><con:entry xmlns:con="http://eviware.com/soapui/config">true</con:entry><con:entry xmlns:con="http://eviware.com/soapui/config">true</con:entry><con:entry xmlns:con="http://eviware.com/soapui/config">true</con:entry><con:entry xmlns:con="http://eviware.com/soapui/config">true</con:entry><con:entry xmlns:con="http://eviware.com/soapui/config">true</con:entry><con:entry xmlns:con="http://eviware.com/soapui/config">true</con:entry><con:entry xmlns:con="http://eviware.com/soapui/config">true</con:entry><con:entry xmlns:con="http://eviware.com/soapui/config">true</con:entry><con:entry xmlns:con="http://eviware.com/soapui/config">true</con:entry><con:entry xmlns:con="http://eviware.com/soapui/config">true</con:entry><con:entry xmlns:con="http://eviware.com/soapui/config">true</con:entry><con:entry xmlns:con="http://eviware.com/soapui/config">true</con:entry><con:entry xmlns:con="http://eviware.com/soapui/config">true</con:entry><con:entry xmlns:con="http://eviware.com/soapui/config">true</con:entry><con:entry xmlns:con="http://eviware.com/soapui/config">true</con:entry><con:entry xmlns:con="http://eviware.com/soapui/config">true</con:entry><con:entry xmlns:con="http://eviware.com/soapui/config">true</con:entry><con:entry xmlns:con="http://eviware.com/soapui/config">true</con:entry><con:entry xmlns:con="http://eviware.com/soapui/config">true</con:entry><con:entry xmlns:con="http://eviware.com/soapui/config">true</con:entry><con:entry xmlns:con="http://eviware.com/soapui/config">true</con:entry><con:entry xmlns:con="http://eviware.com/soapui/config">true</con:entry><con:entry xmlns:con="http://eviware.com/soapui/config">true</con:entry><con:entry xmlns:con="http://eviware.com/soapui/config">true</con:entry><con:entry xmlns:con="http://eviware.com/soapui/config">true</con:entry><con:entry xmlns:con="http://eviware.com/soapui/config">true</con:entry><con:entry xmlns:con="http://eviware.com/soapui/config">true</con:entry><con:entry xmlns:con="http://eviware.com/soapui/config">true</con:entry><con:entry xmlns:con="http://eviware.com/soapui/config">true</con:entry><con:entry xmlns:con="http://eviware.com/soapui/config">true</con:entry><con:entry xmlns:con="http://eviware.com/soapui/config">true</con:entry><con:entry xmlns:con="http://eviware.com/soapui/config">true</con:entry><con:entry xmlns:con="http://eviware.com/soapui/config">true</con:entry><con:entry xmlns:con="http://eviware.com/soapui/config">true</con:entry><con:entry xmlns:con="http://eviware.com/soapui/config">true</con:entry><con:entry xmlns:con="http://eviware.com/soapui/config">true</con:entry><con:entry xmlns:con="http://eviware.com/soapui/config">true</con:entry><con:entry xmlns:con="http://eviware.com/soapui/config">true</con:entry><con:entry xmlns:con="http://eviware.com/soapui/config">true</con:entry><con:entry xmlns:con="http://eviware.com/soapui/config">true</con:entry><con:entry xmlns:con="http://eviware.com/soapui/config">true</con:entry><con:entry xmlns:con="http://eviware.com/soapui/config">true</con:entry><con:entry xmlns:con="http://eviware.com/soapui/config">true</con:entry><con:entry xmlns:con="http://eviware.com/soapui/config">true</con:entry><con:entry xmlns:con="http://eviware.com/soapui/config">true</con:entry><con:entry xmlns:con="http://eviware.com/soapui/config">true</con:entry><con:entry xmlns:con="http://eviware.com/soapui/config">true</con:entry><con:entry xmlns:con="http://eviware.com/soapui/config">true</con:entry><con:entry xmlns:con="http://eviware.com/soapui/config">true</con:entry><con:entry xmlns:con="http://eviware.com/soapui/config">true</con:entry><con:entry xmlns:con="http://eviware.com/soapui/config">true</con:entry><con:entry xmlns:con="http://eviware.com/soapui/config">true</con:entry><con:entry xmlns:con="http://eviware.com/soapui/config">true</con:entry><con:entry xmlns:con="http://eviware.com/soapui/config">true</con:entry><con:entry xmlns:con="http://eviware.com/soapui/config">true</con:entry><con:entry xmlns:con="http://eviware.com/soapui/config">true</con:entry><con:entry xmlns:con="http://eviware.com/soapui/config">true</con:entry><con:entry xmlns:con="http://eviware.com/soapui/config">true</con:entry><con:entry xmlns:con="http://eviware.com/soapui/config">true</con:entry><con:entry xmlns:con="http://eviware.com/soapui/config">true</con:entry><con:entry xmlns:con="http://eviware.com/soapui/config">true</con:entry><con:entry xmlns:con="http://eviware.com/soapui/config">true</con:entry><con:entry xmlns:con="http://eviware.com/soapui/config">true</con:entry><con:entry xmlns:con="http://eviware.com/soapui/config">true</con:entry><con:entry xmlns:con="http://eviware.com/soapui/config">true</con:entry><con:entry xmlns:con="http://eviware.com/soapui/config">true</con:entry><con:entry xmlns:con="http://eviware.com/soapui/config">true</con:entry><con:entry xmlns:con="http://eviware.com/soapui/config">true</con:entry><con:entry xmlns:con="http://eviware.com/soapui/config">true</con:entry><con:entry xmlns:con="http://eviware.com/soapui/config">true</con:entry><con:entry xmlns:con="http://eviware.com/soapui/config">true</con:entry><con:entry xmlns:con="http://eviware.com/soapui/config">true</con:entry><con:entry xmlns:con="http://eviware.com/soapui/config">true</con:entry><con:entry xmlns:con="http://eviware.com/soapui/config">true</con:entry><con:entry xmlns:con="http://eviware.com/soapui/config">true</con:entry><con:entry xmlns:con="http://eviware.com/soapui/config">true</con:entry><con:entry xmlns:con="http://eviware.com/soapui/config">true</con:entry><con:entry xmlns:con="http://eviware.com/soapui/config">true</con:entry><con:entry xmlns:con="http://eviware.com/soapui/config">true</con:entry><con:entry xmlns:con="http://eviware.com/soapui/config">true</con:entry><con:entry xmlns:con="http://eviware.com/soapui/config">true</con:entry><con:entry xmlns:con="http://eviware.com/soapui/config">true</con:entry><con:entry xmlns:con="http://eviware.com/soapui/config">true</con:entry><con:entry xmlns:con="http://eviware.com/soapui/config">true</con:entry><con:entry xmlns:con="http://eviware.com/soapui/config">true</con:entry><con:entry xmlns:con="http://eviware.com/soapui/config">true</con:entry><con:entry xmlns:con="http://eviware.com/soapui/config">true</con:entry><con:entry xmlns:con="http://eviware.com/soapui/config">true</con:entry><con:entry xmlns:con="http://eviware.com/soapui/config">true</con:entry><con:entry xmlns:con="http://eviware.com/soapui/config">true</con:entry><con:entry xmlns:con="http://eviware.com/soapui/config">true</con:entry><con:entry xmlns:con="http://eviware.com/soapui/config">true</con:entry><con:entry xmlns:con="http://eviware.com/soapui/config">true</con:entry><con:entry xmlns:con="http://eviware.com/soapui/config">true</con:entry><con:entry xmlns:con="http://eviware.com/soapui/config">true</con:entry><con:entry xmlns:con="http://eviware.com/soapui/config">true</con:entry><con:entry xmlns:con="http://eviware.com/soapui/config">true</con:entry><con:entry xmlns:con="http://eviware.com/soapui/config">true</con:entry><con:entry xmlns:con="http://eviware.com/soapui/config">true</con:entry><con:entry xmlns:con="http://eviware.com/soapui/config">true</con:entry><con:entry xmlns:con="http://eviware.com/soapui/config">true</con:entry><con:entry xmlns:con="http://eviware.com/soapui/config">true</con:entry><con:entry xmlns:con="http://eviware.com/soapui/config">true</con:entry><con:entry xmlns:con="http://eviware.com/soapui/config">true</con:entry><con:entry xmlns:con="http://eviware.com/soapui/config">true</con:entry><con:entry xmlns:con="http://eviware.com/soapui/config">true</con:entry><con:entry xmlns:con="http://eviware.com/soapui/config">true</con:entry><con:entry xmlns:con="http://eviware.com/soapui/config">true</con:entry><con:entry xmlns:con="http://eviware.com/soapui/config">true</con:entry><con:entry xmlns:con="http://eviware.com/soapui/config">true</con:entry><con:entry xmlns:con="http://eviware.com/soapui/config">true</con:entry><con:entry xmlns:con="http://eviware.com/soapui/config">true</con:entry><con:entry xmlns:con="http://eviware.com/soapui/config">true</con:entry></xml-fragment>]]></check>
          <row><![CDATA[<xml-fragment><con:entry xmlns:con="http://eviware.com/soapui/config">USPS</con:entry><con:entry xmlns:con="http://eviware.com/soapui/config">US-FC</con:entry><con:entry xmlns:con="http://eviware.com/soapui/config">Package</con:entry><con:entry xmlns:con="http://eviware.com/soapui/config">14203</con:entry><con:entry xmlns:con="http://eviware.com/soapui/config"><![CDATA[<sws:Address1>123 MAIN ST</sws:Address1>             <sws:City>BUFFALO</sws:City>             <sws:State>NY</sws:State>             <sws:ZIPCode>14203</sws:ZIPCode>             <sws:ZIPCodeAddOn>3042</sws:ZIPCodeAddOn>]]]]>><![CDATA[</con:entry><con:entry xmlns:con="http://eviware.com/soapui/config"/></xml-fragment>]]></row>
          <row><![CDATA[<xml-fragment><con:entry xmlns:con="http://eviware.com/soapui/config">USPS</con:entry><con:entry xmlns:con="http://eviware.com/soapui/config">US-FC</con:entry><con:entry xmlns:con="http://eviware.com/soapui/config">Large Envelope or Flat</con:entry><con:entry xmlns:con="http://eviware.com/soapui/config">14203</con:entry><con:entry xmlns:con="http://eviware.com/soapui/config"><![CDATA[<sws:Address1>123 MAIN ST</sws:Address1>             <sws:City>BUFFALO</sws:City>             <sws:State>NY</sws:State>             <sws:ZIPCode>14203</sws:ZIPCode>             <sws:ZIPCodeAddOn>3042</sws:ZIPCodeAddOn>]]]]>><![CDATA[</con:entry><con:entry xmlns:con="http://eviware.com/soapui/config"/></xml-fragment>]]></row>
          <row><![CDATA[<xml-fragment><con:entry xmlns:con="http://eviware.com/soapui/config">USPS</con:entry><con:entry xmlns:con="http://eviware.com/soapui/config">US-FC</con:entry><con:entry xmlns:con="http://eviware.com/soapui/config">Thick Envelope</con:entry><con:entry xmlns:con="http://eviware.com/soapui/config">14203</con:entry><con:entry xmlns:con="http://eviware.com/soapui/config"><![CDATA[<sws:Address1>123 MAIN ST</sws:Address1>             <sws:City>BUFFALO</sws:City>             <sws:State>NY</sws:State>             <sws:ZIPCode>14203</sws:ZIPCode>             <sws:ZIPCodeAddOn>3042</sws:ZIPCodeAddOn>]]]]>><![CDATA[</con:entry><con:entry xmlns:con="http://eviware.com/soapui/config"/></xml-fragment>]]></row>
          <row><![CDATA[<xml-fragment><con:entry xmlns:con="http://eviware.com/soapui/config">USPS</con:entry><con:entry xmlns:con="http://eviware.com/soapui/config">US-PS</con:entry><con:entry xmlns:con="http://eviware.com/soapui/config">Package</con:entry><con:entry xmlns:con="http://eviware.com/soapui/config">14203</con:entry><con:entry xmlns:con="http://eviware.com/soapui/config"><![CDATA[<sws:Address1>123 MAIN ST</sws:Address1>             <sws:City>BUFFALO</sws:City>             <sws:State>NY</sws:State>             <sws:ZIPCode>14203</sws:ZIPCode>             <sws:ZIPCodeAddOn>3042</sws:ZIPCodeAddOn>]]]]>><![CDATA[</con:entry><con:entry xmlns:con="http://eviware.com/soapui/config"/></xml-fragment>]]></row>
          <row><![CDATA[<xml-fragment><con:entry xmlns:con="http://eviware.com/soapui/config">USPS</con:entry><con:entry xmlns:con="http://eviware.com/soapui/config">US-PS</con:entry><con:entry xmlns:con="http://eviware.com/soapui/config">Large Package</con:entry><con:entry xmlns:con="http://eviware.com/soapui/config">14203</con:entry><con:entry xmlns:con="http://eviware.com/soapui/config"><![CDATA[<sws:Address1>123 MAIN ST</sws:Address1>             <sws:City>BUFFALO</sws:City>             <sws:State>NY</sws:State>             <sws:ZIPCode>14203</sws:ZIPCode>             <sws:ZIPCodeAddOn>3042</sws:ZIPCodeAddOn>]]]]>><![CDATA[</con:entry><con:entry xmlns:con="http://eviware.com/soapui/config"/></xml-fragment>]]></row>
          <row><![CDATA[<xml-fragment><con:entry xmlns:con="http://eviware.com/soapui/config">USPS</con:entry><con:entry xmlns:con="http://eviware.com/soapui/config">US-PS</con:entry><con:entry xmlns:con="http://eviware.com/soapui/config">Oversized Package</con:entry><con:entry xmlns:con="http://eviware.com/soapui/config">14203</con:entry><con:entry xmlns:con="http://eviware.com/soapui/config"><![CDATA[<sws:Address1>123 MAIN ST</sws:Address1>             <sws:City>BUFFALO</sws:City>             <sws:State>NY</sws:State>             <sws:ZIPCode>14203</sws:ZIPCode>             <sws:ZIPCodeAddOn>3042</sws:ZIPCodeAddOn>]]]]>><![CDATA[</con:entry><con:entry xmlns:con="http://eviware.com/soapui/config"/></xml-fragment>]]></row>
          <row><![CDATA[<xml-fragment><con:entry xmlns:con="http://eviware.com/soapui/config">USPS</con:entry><con:entry xmlns:con="http://eviware.com/soapui/config">US-LM</con:entry><con:entry xmlns:con="http://eviware.com/soapui/config">Package</con:entry><con:entry xmlns:con="http://eviware.com/soapui/config">14203</con:entry><con:entry xmlns:con="http://eviware.com/soapui/config"><![CDATA[<sws:Address1>123 MAIN ST</sws:Address1>             <sws:City>BUFFALO</sws:City>             <sws:State>NY</sws:State>             <sws:ZIPCode>14203</sws:ZIPCode>             <sws:ZIPCodeAddOn>3042</sws:ZIPCodeAddOn>]]]]>><![CDATA[</con:entry><con:entry xmlns:con="http://eviware.com/soapui/config"/></xml-fragment>]]></row>
          <row><![CDATA[<xml-fragment><con:entry xmlns:con="http://eviware.com/soapui/config">USPS</con:entry><con:entry xmlns:con="http://eviware.com/soapui/config">US-FCI</con:entry><con:entry xmlns:con="http://eviware.com/soapui/config">Large Envelope or Flat</con:entry><con:entry xmlns:con="http://eviware.com/soapui/config">A1C 2V5</con:entry><con:entry xmlns:con="http://eviware.com/soapui/config"><![CDATA[<sws:Address1>8 Merrymeeting Rd</sws:Address1>             <sws:Address2/>             <sws:City>St John's</sws:City>             <sws:State>NL</sws:State>             <sws:PostalCode>A1C 2V5</sws:PostalCode>             <sws:Country>CA</sws:Country>]]]]>><![CDATA[</con:entry><con:entry xmlns:con="http://eviware.com/soapui/config"/></xml-fragment>]]></row>
          <row><![CDATA[<xml-fragment><con:entry xmlns:con="http://eviware.com/soapui/config">USPS</con:entry><con:entry xmlns:con="http://eviware.com/soapui/config">US-FCI</con:entry><con:entry xmlns:con="http://eviware.com/soapui/config">Package</con:entry><con:entry xmlns:con="http://eviware.com/soapui/config">A1C 2V5</con:entry><con:entry xmlns:con="http://eviware.com/soapui/config"><![CDATA[<sws:Address1>8 Merrymeeting Rd</sws:Address1>             <sws:Address2/>             <sws:City>St John's</sws:City>             <sws:State>NL</sws:State>             <sws:PostalCode>A1C 2V5</sws:PostalCode>             <sws:Country>CA</sws:Country>]]]]>><![CDATA[</con:entry><con:entry xmlns:con="http://eviware.com/soapui/config"/></xml-fragment>]]></row>
          <row><![CDATA[<xml-fragment><con:entry xmlns:con="http://eviware.com/soapui/config">USPS</con:entry><con:entry xmlns:con="http://eviware.com/soapui/config">US-PMI</con:entry><con:entry xmlns:con="http://eviware.com/soapui/config">Large Envelope or Flat</con:entry><con:entry xmlns:con="http://eviware.com/soapui/config">A1C 2V5</con:entry><con:entry xmlns:con="http://eviware.com/soapui/config"><![CDATA[<sws:Address1>8 Merrymeeting Rd</sws:Address1>             <sws:Address2/>             <sws:City>St John's</sws:City>             <sws:State>NL</sws:State>             <sws:PostalCode>A1C 2V5</sws:PostalCode>             <sws:Country>CA</sws:Country>]]]]>><![CDATA[</con:entry><con:entry xmlns:con="http://eviware.com/soapui/config"/></xml-fragment>]]></row>
          <row><![CDATA[<xml-fragment><con:entry xmlns:con="http://eviware.com/soapui/config">USPS</con:entry><con:entry xmlns:con="http://eviware.com/soapui/config">US-PMI</con:entry><con:entry xmlns:con="http://eviware.com/soapui/config">Package</con:entry><con:entry xmlns:con="http://eviware.com/soapui/config">A1C 2V5</con:entry><con:entry xmlns:con="http://eviware.com/soapui/config"><![CDATA[<sws:Address1>8 Merrymeeting Rd</sws:Address1>             <sws:Address2/>             <sws:City>St John's</sws:City>             <sws:State>NL</sws:State>             <sws:PostalCode>A1C 2V5</sws:PostalCode>             <sws:Country>CA</sws:Country>]]]]>><![CDATA[</con:entry><con:entry xmlns:con="http://eviware.com/soapui/config"/></xml-fragment>]]></row>
          <row><![CDATA[<xml-fragment><con:entry xmlns:con="http://eviware.com/soapui/config">USPS</con:entry><con:entry xmlns:con="http://eviware.com/soapui/config">US-PMI</con:entry><con:entry xmlns:con="http://eviware.com/soapui/config">Thick Envelope</con:entry><con:entry xmlns:con="http://eviware.com/soapui/config">A1C 2V5</con:entry><con:entry xmlns:con="http://eviware.com/soapui/config"><![CDATA[<sws:Address1>8 Merrymeeting Rd</sws:Address1>             <sws:Address2/>             <sws:City>St John's</sws:City>             <sws:State>NL</sws:State>             <sws:PostalCode>A1C 2V5</sws:PostalCode>             <sws:Country>CA</sws:Country>]]]]>><![CDATA[</con:entry><con:entry xmlns:con="http://eviware.com/soapui/config"/></xml-fragment>]]></row>
          <row><![CDATA[<xml-fragment><con:entry xmlns:con="http://eviware.com/soapui/config">USPS</con:entry><con:entry xmlns:con="http://eviware.com/soapui/config">US-PMI</con:entry><con:entry xmlns:con="http://eviware.com/soapui/config">Package</con:entry><con:entry xmlns:con="http://eviware.com/soapui/config">A1C 2V5</con:entry><con:entry xmlns:con="http://eviware.com/soapui/config"><![CDATA[<sws:Address1>8 Merrymeeting Rd</sws:Address1>             <sws:Address2/>             <sws:City>St John's</sws:City>             <sws:State>NL</sws:State>             <sws:PostalCode>A1C 2V5</sws:PostalCode>             <sws:Country>CA</sws:Country>]]]]>><![CDATA[</con:entry><con:entry xmlns:con="http://eviware.com/soapui/config"/></xml-fragment>]]></row>
          <row><![CDATA[<xml-fragment><con:entry xmlns:con="http://eviware.com/soapui/config">USPS</con:entry><con:entry xmlns:con="http://eviware.com/soapui/config">US-PM</con:entry><con:entry xmlns:con="http://eviware.com/soapui/config">Large Package</con:entry><con:entry xmlns:con="http://eviware.com/soapui/config">14203</con:entry><con:entry xmlns:con="http://eviware.com/soapui/config"><![CDATA[<sws:Address1>123 MAIN ST</sws:Address1>             <sws:City>BUFFALO</sws:City>             <sws:State>NY</sws:State>             <sws:ZIPCode>14203</sws:ZIPCode>             <sws:ZIPCodeAddOn>3042</sws:ZIPCodeAddOn>]]]]>><![CDATA[</con:entry><con:entry xmlns:con="http://eviware.com/soapui/config"/></xml-fragment>]]></row>
          <row><![CDATA[<xml-fragment><con:entry xmlns:con="http://eviware.com/soapui/config">USPS</con:entry><con:entry xmlns:con="http://eviware.com/soapui/config">US-PM</con:entry><con:entry xmlns:con="http://eviware.com/soapui/config">Legal Flat Rate Envelope</con:entry><con:entry xmlns:con="http://eviware.com/soapui/config">14203</con:entry><con:entry xmlns:con="http://eviware.com/soapui/config"><![CDATA[<sws:Address1>123 MAIN ST</sws:Address1>             <sws:City>BUFFALO</sws:City>             <sws:State>NY</sws:State>             <sws:ZIPCode>14203</sws:ZIPCode>             <sws:ZIPCodeAddOn>3042</sws:ZIPCodeAddOn>]]]]>><![CDATA[</con:entry><con:entry xmlns:con="http://eviware.com/soapui/config"/></xml-fragment>]]></row>
          <row><![CDATA[<xml-fragment><con:entry xmlns:con="http://eviware.com/soapui/config">USPS</con:entry><con:entry xmlns:con="http://eviware.com/soapui/config">US-PM</con:entry><con:entry xmlns:con="http://eviware.com/soapui/config">Flat Rate Envelope</con:entry><con:entry xmlns:con="http://eviware.com/soapui/config">14203</con:entry><con:entry xmlns:con="http://eviware.com/soapui/config"><![CDATA[<sws:Address1>123 MAIN ST</sws:Address1>             <sws:City>BUFFALO</sws:City>             <sws:State>NY</sws:State>             <sws:ZIPCode>14203</sws:ZIPCode>             <sws:ZIPCodeAddOn>3042</sws:ZIPCodeAddOn>]]]]>><![CDATA[</con:entry><con:entry xmlns:con="http://eviware.com/soapui/config"/></xml-fragment>]]></row>
          <row><![CDATA[<xml-fragment><con:entry xmlns:con="http://eviware.com/soapui/config">USPS</con:entry><con:entry xmlns:con="http://eviware.com/soapui/config">US-PM</con:entry><con:entry xmlns:con="http://eviware.com/soapui/config">Small Flat Rate Box</con:entry><con:entry xmlns:con="http://eviware.com/soapui/config">14203</con:entry><con:entry xmlns:con="http://eviware.com/soapui/config"><![CDATA[<sws:Address1>123 MAIN ST</sws:Address1>             <sws:City>BUFFALO</sws:City>             <sws:State>NY</sws:State>             <sws:ZIPCode>14203</sws:ZIPCode>             <sws:ZIPCodeAddOn>3042</sws:ZIPCodeAddOn>]]]]>><![CDATA[</con:entry><con:entry xmlns:con="http://eviware.com/soapui/config"/></xml-fragment>]]></row>
          <row><![CDATA[<xml-fragment><con:entry xmlns:con="http://eviware.com/soapui/config">USPS</con:entry><con:entry xmlns:con="http://eviware.com/soapui/config">US-PM</con:entry><con:entry xmlns:con="http://eviware.com/soapui/config">Flat Rate Box</con:entry><con:entry xmlns:con="http://eviware.com/soapui/config">14203</con:entry><con:entry xmlns:con="http://eviware.com/soapui/config"><![CDATA[<sws:Address1>123 MAIN ST</sws:Address1>             <sws:City>BUFFALO</sws:City>             <sws:State>NY</sws:State>             <sws:ZIPCode>14203</sws:ZIPCode>             <sws:ZIPCodeAddOn>3042</sws:ZIPCodeAddOn>]]]]>><![CDATA[</con:entry><con:entry xmlns:con="http://eviware.com/soapui/config"/></xml-fragment>]]></row>
          <row><![CDATA[<xml-fragment><con:entry xmlns:con="http://eviware.com/soapui/config">USPS</con:entry><con:entry xmlns:con="http://eviware.com/soapui/config">US-PM</con:entry><con:entry xmlns:con="http://eviware.com/soapui/config">Large Flat Rate Box</con:entry><con:entry xmlns:con="http://eviware.com/soapui/config">14203</con:entry><con:entry xmlns:con="http://eviware.com/soapui/config"><![CDATA[<sws:Address1>123 MAIN ST</sws:Address1>             <sws:City>BUFFALO</sws:City>             <sws:State>NY</sws:State>             <sws:ZIPCode>14203</sws:ZIPCode>             <sws:ZIPCodeAddOn>3042</sws:ZIPCodeAddOn>]]]]>><![CDATA[</con:entry><con:entry xmlns:con="http://eviware.com/soapui/config"/></xml-fragment>]]></row>
          <row><![CDATA[<xml-fragment><con:entry xmlns:con="http://eviware.com/soapui/config">USPS</con:entry><con:entry xmlns:con="http://eviware.com/soapui/config">US-PM</con:entry><con:entry xmlns:con="http://eviware.com/soapui/config">Flat Rate Padded Envelope</con:entry><con:entry xmlns:con="http://eviware.com/soapui/config">14203</con:entry><con:entry xmlns:con="http://eviware.com/soapui/config"><![CDATA[<sws:Address1>123 MAIN ST</sws:Address1>             <sws:City>BUFFALO</sws:City>             <sws:State>NY</sws:State>             <sws:ZIPCode>14203</sws:ZIPCode>             <sws:ZIPCodeAddOn>3042</sws:ZIPCodeAddOn>]]]]>><![CDATA[</con:entry><con:entry xmlns:con="http://eviware.com/soapui/config"/></xml-fragment>]]></row>
          <row><![CDATA[<xml-fragment><con:entry xmlns:con="http://eviware.com/soapui/config">USPS</con:entry><con:entry xmlns:con="http://eviware.com/soapui/config">US-PM</con:entry><con:entry xmlns:con="http://eviware.com/soapui/config">Regional Rate Box A</con:entry><con:entry xmlns:con="http://eviware.com/soapui/config">14203</con:entry><con:entry xmlns:con="http://eviware.com/soapui/config"><![CDATA[<sws:Address1>123 MAIN ST</sws:Address1>             <sws:City>BUFFALO</sws:City>             <sws:State>NY</sws:State>             <sws:ZIPCode>14203</sws:ZIPCode>             <sws:ZIPCodeAddOn>3042</sws:ZIPCodeAddOn>]]]]>><![CDATA[</con:entry><con:entry xmlns:con="http://eviware.com/soapui/config"/></xml-fragment>]]></row>
          <row><![CDATA[<xml-fragment><con:entry xmlns:con="http://eviware.com/soapui/config">USPS</con:entry><con:entry xmlns:con="http://eviware.com/soapui/config">US-PM</con:entry><con:entry xmlns:con="http://eviware.com/soapui/config">Regional Rate Box B</con:entry><con:entry xmlns:con="http://eviware.com/soapui/config">14203</con:entry><con:entry xmlns:con="http://eviware.com/soapui/config"><![CDATA[<sws:Address1>123 MAIN ST</sws:Address1>             <sws:City>BUFFALO</sws:City>             <sws:State>NY</sws:State>             <sws:ZIPCode>14203</sws:ZIPCode>             <sws:ZIPCodeAddOn>3042</sws:ZIPCodeAddOn>]]]]>><![CDATA[</con:entry><con:entry xmlns:con="http://eviware.com/soapui/config"/></xml-fragment>]]></row>
          <row><![CDATA[<xml-fragment><con:entry xmlns:con="http://eviware.com/soapui/config">USPS</con:entry><con:entry xmlns:con="http://eviware.com/soapui/config">US-PM</con:entry><con:entry xmlns:con="http://eviware.com/soapui/config">Large Envelope or Flat</con:entry><con:entry xmlns:con="http://eviware.com/soapui/config">14203</con:entry><con:entry xmlns:con="http://eviware.com/soapui/config"><![CDATA[<sws:Address1>123 MAIN ST</sws:Address1>             <sws:City>BUFFALO</sws:City>             <sws:State>NY</sws:State>             <sws:ZIPCode>14203</sws:ZIPCode>             <sws:ZIPCodeAddOn>3042</sws:ZIPCodeAddOn>]]]]>><![CDATA[</con:entry><con:entry xmlns:con="http://eviware.com/soapui/config"/></xml-fragment>]]></row>
          <row><![CDATA[<xml-fragment><con:entry xmlns:con="http://eviware.com/soapui/config">USPS</con:entry><con:entry xmlns:con="http://eviware.com/soapui/config">US-PM</con:entry><con:entry xmlns:con="http://eviware.com/soapui/config">Package</con:entry><con:entry xmlns:con="http://eviware.com/soapui/config">14203</con:entry><con:entry xmlns:con="http://eviware.com/soapui/config"><![CDATA[<sws:Address1>123 MAIN ST</sws:Address1>             <sws:City>BUFFALO</sws:City>             <sws:State>NY</sws:State>             <sws:ZIPCode>14203</sws:ZIPCode>             <sws:ZIPCodeAddOn>3042</sws:ZIPCodeAddOn>]]]]>><![CDATA[</con:entry><con:entry xmlns:con="http://eviware.com/soapui/config"/></xml-fragment>]]></row>
          <row><![CDATA[<xml-fragment><con:entry xmlns:con="http://eviware.com/soapui/config">USPS</con:entry><con:entry xmlns:con="http://eviware.com/soapui/config">US-MM</con:entry><con:entry xmlns:con="http://eviware.com/soapui/config">Package</con:entry><con:entry xmlns:con="http://eviware.com/soapui/config">14203</con:entry><con:entry xmlns:con="http://eviware.com/soapui/config"><![CDATA[<sws:Address1>123 MAIN ST</sws:Address1>             <sws:City>BUFFALO</sws:City>             <sws:State>NY</sws:State>             <sws:ZIPCode>14203</sws:ZIPCode>             <sws:ZIPCodeAddOn>3042</sws:ZIPCodeAddOn>]]]]>><![CDATA[</con:entry><con:entry xmlns:con="http://eviware.com/soapui/config"/></xml-fragment>]]></row>
          <row><![CDATA[<xml-fragment><con:entry xmlns:con="http://eviware.com/soapui/config">USPS</con:entry><con:entry xmlns:con="http://eviware.com/soapui/config">US-MM</con:entry><con:entry xmlns:con="http://eviware.com/soapui/config">Thick Envelope</con:entry><con:entry xmlns:con="http://eviware.com/soapui/config">14203</con:entry><con:entry xmlns:con="http://eviware.com/soapui/config"><![CDATA[<sws:Address1>123 MAIN ST</sws:Address1>             <sws:City>BUFFALO</sws:City>             <sws:State>NY</sws:State>             <sws:ZIPCode>14203</sws:ZIPCode>             <sws:ZIPCodeAddOn>3042</sws:ZIPCodeAddOn>]]]]>><![CDATA[</con:entry><con:entry xmlns:con="http://eviware.com/soapui/config"/></xml-fragment>]]></row>
          <row><![CDATA[<xml-fragment><con:entry xmlns:con="http://eviware.com/soapui/config">USPS</con:entry><con:entry xmlns:con="http://eviware.com/soapui/config">US-XM</con:entry><con:entry xmlns:con="http://eviware.com/soapui/config">Package</con:entry><con:entry xmlns:con="http://eviware.com/soapui/config">14203</con:entry><con:entry xmlns:con="http://eviware.com/soapui/config"><![CDATA[<sws:Address1>123 MAIN ST</sws:Address1>             <sws:City>BUFFALO</sws:City>             <sws:State>NY</sws:State>             <sws:ZIPCode>14203</sws:ZIPCode>             <sws:ZIPCodeAddOn>3042</sws:ZIPCodeAddOn>]]]]>><![CDATA[</con:entry><con:entry xmlns:con="http://eviware.com/soapui/config"/></xml-fragment>]]></row>
          <row><![CDATA[<xml-fragment><con:entry xmlns:con="http://eviware.com/soapui/config">USPS</con:entry><con:entry xmlns:con="http://eviware.com/soapui/config">US-XM</con:entry><con:entry xmlns:con="http://eviware.com/soapui/config">Large Package</con:entry><con:entry xmlns:con="http://eviware.com/soapui/config">14203</con:entry><con:entry xmlns:con="http://eviware.com/soapui/config"><![CDATA[<sws:Address1>123 MAIN ST</sws:Address1>             <sws:City>BUFFALO</sws:City>             <sws:State>NY</sws:State>             <sws:ZIPCode>14203</sws:ZIPCode>             <sws:ZIPCodeAddOn>3042</sws:ZIPCodeAddOn>]]]]>><![CDATA[</con:entry><con:entry xmlns:con="http://eviware.com/soapui/config"/></xml-fragment>]]></row>
          <row><![CDATA[<xml-fragment><con:entry xmlns:con="http://eviware.com/soapui/config">USPS</con:entry><con:entry xmlns:con="http://eviware.com/soapui/config">US-XM</con:entry><con:entry xmlns:con="http://eviware.com/soapui/config">Thick Envelope</con:entry><con:entry xmlns:con="http://eviware.com/soapui/config">14203</con:entry><con:entry xmlns:con="http://eviware.com/soapui/config"><![CDATA[<sws:Address1>123 MAIN ST</sws:Address1>             <sws:City>BUFFALO</sws:City>             <sws:State>NY</sws:State>             <sws:ZIPCode>14203</sws:ZIPCode>             <sws:ZIPCodeAddOn>3042</sws:ZIPCodeAddOn>]]]]>><![CDATA[</con:entry><con:entry xmlns:con="http://eviware.com/soapui/config"/></xml-fragment>]]></row>
          <row><![CDATA[<xml-fragment><con:entry xmlns:con="http://eviware.com/soapui/config">USPS</con:entry><con:entry xmlns:con="http://eviware.com/soapui/config">US-XM</con:entry><con:entry xmlns:con="http://eviware.com/soapui/config">Flat Rate Envelope</con:entry><con:entry xmlns:con="http://eviware.com/soapui/config">14203</con:entry><con:entry xmlns:con="http://eviware.com/soapui/config"><![CDATA[<sws:Address1>123 MAIN ST</sws:Address1>             <sws:City>BUFFALO</sws:City>             <sws:State>NY</sws:State>             <sws:ZIPCode>14203</sws:ZIPCode>             <sws:ZIPCodeAddOn>3042</sws:ZIPCodeAddOn>]]]]>><![CDATA[</con:entry><con:entry xmlns:con="http://eviware.com/soapui/config"/></xml-fragment>]]></row>
          <row><![CDATA[<xml-fragment><con:entry xmlns:con="http://eviware.com/soapui/config">USPS</con:entry><con:entry xmlns:con="http://eviware.com/soapui/config">US-XM</con:entry><con:entry xmlns:con="http://eviware.com/soapui/config">Legal Flat Rate Envelope</con:entry><con:entry xmlns:con="http://eviware.com/soapui/config">14203</con:entry><con:entry xmlns:con="http://eviware.com/soapui/config"><![CDATA[<sws:Address1>123 MAIN ST</sws:Address1>             <sws:City>BUFFALO</sws:City>             <sws:State>NY</sws:State>             <sws:ZIPCode>14203</sws:ZIPCode>             <sws:ZIPCodeAddOn>3042</sws:ZIPCodeAddOn>]]]]>><![CDATA[</con:entry><con:entry xmlns:con="http://eviware.com/soapui/config"/></xml-fragment>]]></row>
          <row><![CDATA[<xml-fragment><con:entry xmlns:con="http://eviware.com/soapui/config">USPS</con:entry><con:entry xmlns:con="http://eviware.com/soapui/config">US-XM</con:entry><con:entry xmlns:con="http://eviware.com/soapui/config">Flat Rate Padded Envelope</con:entry><con:entry xmlns:con="http://eviware.com/soapui/config">14203</con:entry><con:entry xmlns:con="http://eviware.com/soapui/config"><![CDATA[<sws:Address1>123 MAIN ST</sws:Address1>             <sws:City>BUFFALO</sws:City>             <sws:State>NY</sws:State>             <sws:ZIPCode>14203</sws:ZIPCode>             <sws:ZIPCodeAddOn>3042</sws:ZIPCodeAddOn>]]]]>><![CDATA[</con:entry><con:entry xmlns:con="http://eviware.com/soapui/config"/></xml-fragment>]]></row>
          <row><![CDATA[<xml-fragment><con:entry xmlns:con="http://eviware.com/soapui/config">USPS</con:entry><con:entry xmlns:con="http://eviware.com/soapui/config">US-PMI</con:entry><con:entry xmlns:con="http://eviware.com/soapui/config">Small Flat Rate Box</con:entry><con:entry xmlns:con="http://eviware.com/soapui/config">A1C 2V5</con:entry><con:entry xmlns:con="http://eviware.com/soapui/config"><![CDATA[<sws:Address1>8 Merrymeeting Rd</sws:Address1>             <sws:Address2/>             <sws:City>St John's</sws:City>             <sws:State>NL</sws:State>             <sws:PostalCode>A1C 2V5</sws:PostalCode>             <sws:Country>CA</sws:Country>]]]]>><![CDATA[</con:entry><con:entry xmlns:con="http://eviware.com/soapui/config"/></xml-fragment>]]></row>
          <row><![CDATA[<xml-fragment><con:entry xmlns:con="http://eviware.com/soapui/config">USPS</con:entry><con:entry xmlns:con="http://eviware.com/soapui/config">US-PMI</con:entry><con:entry xmlns:con="http://eviware.com/soapui/config">Large Flat Rate Box</con:entry><con:entry xmlns:con="http://eviware.com/soapui/config">A1C 2V5</con:entry><con:entry xmlns:con="http://eviware.com/soapui/config"><![CDATA[<sws:Address1>8 Merrymeeting Rd</sws:Address1>             <sws:Address2/>             <sws:City>St John's</sws:City>             <sws:State>NL</sws:State>             <sws:PostalCode>A1C 2V5</sws:PostalCode>             <sws:Country>CA</sws:Country>]]]]>><![CDATA[</con:entry><con:entry xmlns:con="http://eviware.com/soapui/config"/></xml-fragment>]]></row>
          <row><![CDATA[<xml-fragment><con:entry xmlns:con="http://eviware.com/soapui/config">USPS</con:entry><con:entry xmlns:con="http://eviware.com/soapui/config">US-PMI</con:entry><con:entry xmlns:con="http://eviware.com/soapui/config">Legal Flat Rate Envelope</con:entry><con:entry xmlns:con="http://eviware.com/soapui/config">A1C 2V5</con:entry><con:entry xmlns:con="http://eviware.com/soapui/config"><![CDATA[<sws:Address1>8 Merrymeeting Rd</sws:Address1>             <sws:Address2/>             <sws:City>St John's</sws:City>             <sws:State>NL</sws:State>             <sws:PostalCode>A1C 2V5</sws:PostalCode>             <sws:Country>CA</sws:Country>]]]]>><![CDATA[</con:entry><con:entry xmlns:con="http://eviware.com/soapui/config"/></xml-fragment>]]></row>
          <row><![CDATA[<xml-fragment><con:entry xmlns:con="http://eviware.com/soapui/config">USPS</con:entry><con:entry xmlns:con="http://eviware.com/soapui/config">US-PMI</con:entry><con:entry xmlns:con="http://eviware.com/soapui/config">Flat Rate Padded Envelope</con:entry><con:entry xmlns:con="http://eviware.com/soapui/config">A1C 2V5</con:entry><con:entry xmlns:con="http://eviware.com/soapui/config"><![CDATA[<sws:Address1>8 Merrymeeting Rd</sws:Address1>             <sws:Address2/>             <sws:City>St John's</sws:City>             <sws:State>NL</sws:State>             <sws:PostalCode>A1C 2V5</sws:PostalCode>             <sws:Country>CA</sws:Country>]]]]>><![CDATA[</con:entry><con:entry xmlns:con="http://eviware.com/soapui/config"/></xml-fragment>]]></row>
          <row><![CDATA[<xml-fragment><con:entry xmlns:con="http://eviware.com/soapui/config">USPS</con:entry><con:entry xmlns:con="http://eviware.com/soapui/config">US-PMI</con:entry><con:entry xmlns:con="http://eviware.com/soapui/config">Flat Rate Box</con:entry><con:entry xmlns:con="http://eviware.com/soapui/config">A1C 2V5</con:entry><con:entry xmlns:con="http://eviware.com/soapui/config"><![CDATA[<sws:Address1>8 Merrymeeting Rd</sws:Address1>             <sws:Address2/>             <sws:City>St John's</sws:City>             <sws:State>NL</sws:State>             <sws:PostalCode>A1C 2V5</sws:PostalCode>             <sws:Country>CA</sws:Country>]]]]>><![CDATA[</con:entry><con:entry xmlns:con="http://eviware.com/soapui/config"/></xml-fragment>]]></row>
          <row><![CDATA[<xml-fragment><con:entry xmlns:con="http://eviware.com/soapui/config">USPS</con:entry><con:entry xmlns:con="http://eviware.com/soapui/config">US-EMI</con:entry><con:entry xmlns:con="http://eviware.com/soapui/config">Package</con:entry><con:entry xmlns:con="http://eviware.com/soapui/config">A1C 2V5</con:entry><con:entry xmlns:con="http://eviware.com/soapui/config"><![CDATA[<sws:Address1>8 Merrymeeting Rd</sws:Address1>             <sws:Address2/>             <sws:City>St John's</sws:City>             <sws:State>NL</sws:State>             <sws:PostalCode>A1C 2V5</sws:PostalCode>             <sws:Country>CA</sws:Country>]]]]>><![CDATA[</con:entry><con:entry xmlns:con="http://eviware.com/soapui/config"/></xml-fragment>]]></row>
          <row><![CDATA[<xml-fragment><con:entry xmlns:con="http://eviware.com/soapui/config">USPS</con:entry><con:entry xmlns:con="http://eviware.com/soapui/config">US-EMI</con:entry><con:entry xmlns:con="http://eviware.com/soapui/config">Thick Envelope</con:entry><con:entry xmlns:con="http://eviware.com/soapui/config">A1C 2V5</con:entry><con:entry xmlns:con="http://eviware.com/soapui/config"><![CDATA[<sws:Address1>8 Merrymeeting Rd</sws:Address1>             <sws:Address2/>             <sws:City>St John's</sws:City>             <sws:State>NL</sws:State>             <sws:PostalCode>A1C 2V5</sws:PostalCode>             <sws:Country>CA</sws:Country>]]]]>><![CDATA[</con:entry><con:entry xmlns:con="http://eviware.com/soapui/config"/></xml-fragment>]]></row>
          <row><![CDATA[<xml-fragment><con:entry xmlns:con="http://eviware.com/soapui/config">USPS</con:entry><con:entry xmlns:con="http://eviware.com/soapui/config">US-EMI</con:entry><con:entry xmlns:con="http://eviware.com/soapui/config">Legal Flat Rate Envelope</con:entry><con:entry xmlns:con="http://eviware.com/soapui/config">A1C 2V5</con:entry><con:entry xmlns:con="http://eviware.com/soapui/config"><![CDATA[<sws:Address1>8 Merrymeeting Rd</sws:Address1>             <sws:Address2/>             <sws:City>St John's</sws:City>             <sws:State>NL</sws:State>             <sws:PostalCode>A1C 2V5</sws:PostalCode>             <sws:Country>CA</sws:Country>]]]]>><![CDATA[</con:entry><con:entry xmlns:con="http://eviware.com/soapui/config"/></xml-fragment>]]></row>
          <row><![CDATA[<xml-fragment><con:entry xmlns:con="http://eviware.com/soapui/config">USPS</con:entry><con:entry xmlns:con="http://eviware.com/soapui/config">US-EMI</con:entry><con:entry xmlns:con="http://eviware.com/soapui/config">Flat Rate Envelope</con:entry><con:entry xmlns:con="http://eviware.com/soapui/config">A1C 2V5</con:entry><con:entry xmlns:con="http://eviware.com/soapui/config"><![CDATA[<sws:Address1>8 Merrymeeting Rd</sws:Address1>             <sws:Address2/>             <sws:City>St John's</sws:City>             <sws:State>NL</sws:State>             <sws:PostalCode>A1C 2V5</sws:PostalCode>             <sws:Country>CA</sws:Country>]]]]>><![CDATA[</con:entry><con:entry xmlns:con="http://eviware.com/soapui/config"/></xml-fragment>]]></row>
          <row><![CDATA[<xml-fragment><con:entry xmlns:con="http://eviware.com/soapui/config">USPS</con:entry><con:entry xmlns:con="http://eviware.com/soapui/config">US-EMI</con:entry><con:entry xmlns:con="http://eviware.com/soapui/config">Flat Rate Padded Envelope</con:entry><con:entry xmlns:con="http://eviware.com/soapui/config">A1C 2V5</con:entry><con:entry xmlns:con="http://eviware.com/soapui/config"><![CDATA[<sws:Address1>8 Merrymeeting Rd</sws:Address1>             <sws:Address2/>             <sws:City>St John's</sws:City>             <sws:State>NL</sws:State>             <sws:PostalCode>A1C 2V5</sws:PostalCode>             <sws:Country>CA</sws:Country>]]]]>><![CDATA[</con:entry><con:entry xmlns:con="http://eviware.com/soapui/config"/></xml-fragment>]]></row>
          <row><![CDATA[<xml-fragment><con:entry xmlns:con="http://eviware.com/soapui/config">USPS</con:entry><con:entry xmlns:con="http://eviware.com/soapui/config">US-FC</con:entry><con:entry xmlns:con="http://eviware.com/soapui/config">Package</con:entry><con:entry xmlns:con="http://eviware.com/soapui/config">14203</con:entry><con:entry xmlns:con="http://eviware.com/soapui/config"><![CDATA[<sws:Address1>123 MAIN ST</sws:Address1>             <sws:City>BUFFALO</sws:City>             <sws:State>NY</sws:State>             <sws:ZIPCode>14203</sws:ZIPCode>             <sws:ZIPCodeAddOn>3042</sws:ZIPCodeAddOn>]]]]>><![CDATA[</con:entry><con:entry xmlns:con="http://eviware.com/soapui/config"/></xml-fragment>]]></row>
          <row><![CDATA[<xml-fragment><con:entry xmlns:con="http://eviware.com/soapui/config">USPS</con:entry><con:entry xmlns:con="http://eviware.com/soapui/config">US-FC</con:entry><con:entry xmlns:con="http://eviware.com/soapui/config">Large Envelope or Flat</con:entry><con:entry xmlns:con="http://eviware.com/soapui/config">14203</con:entry><con:entry xmlns:con="http://eviware.com/soapui/config"><![CDATA[<sws:Address1>123 MAIN ST</sws:Address1>             <sws:City>BUFFALO</sws:City>             <sws:State>NY</sws:State>             <sws:ZIPCode>14203</sws:ZIPCode>             <sws:ZIPCodeAddOn>3042</sws:ZIPCodeAddOn>]]]]>><![CDATA[</con:entry><con:entry xmlns:con="http://eviware.com/soapui/config"/></xml-fragment>]]></row>
          <row><![CDATA[<xml-fragment><con:entry xmlns:con="http://eviware.com/soapui/config">USPS</con:entry><con:entry xmlns:con="http://eviware.com/soapui/config">US-FC</con:entry><con:entry xmlns:con="http://eviware.com/soapui/config">Thick Envelope</con:entry><con:entry xmlns:con="http://eviware.com/soapui/config">14203</con:entry><con:entry xmlns:con="http://eviware.com/soapui/config"><![CDATA[<sws:Address1>123 MAIN ST</sws:Address1>             <sws:City>BUFFALO</sws:City>             <sws:State>NY</sws:State>             <sws:ZIPCode>14203</sws:ZIPCode>             <sws:ZIPCodeAddOn>3042</sws:ZIPCodeAddOn>]]]]>><![CDATA[</con:entry><con:entry xmlns:con="http://eviware.com/soapui/config"/></xml-fragment>]]></row>
          <row><![CDATA[<xml-fragment><con:entry xmlns:con="http://eviware.com/soapui/config">USPS</con:entry><con:entry xmlns:con="http://eviware.com/soapui/config">US-PS</con:entry><con:entry xmlns:con="http://eviware.com/soapui/config">Package</con:entry><con:entry xmlns:con="http://eviware.com/soapui/config">14203</con:entry><con:entry xmlns:con="http://eviware.com/soapui/config"><![CDATA[<sws:Address1>123 MAIN ST</sws:Address1>             <sws:City>BUFFALO</sws:City>             <sws:State>NY</sws:State>             <sws:ZIPCode>14203</sws:ZIPCode>             <sws:ZIPCodeAddOn>3042</sws:ZIPCodeAddOn>]]]]>><![CDATA[</con:entry><con:entry xmlns:con="http://eviware.com/soapui/config"/></xml-fragment>]]></row>
          <row><![CDATA[<xml-fragment><con:entry xmlns:con="http://eviware.com/soapui/config">USPS</con:entry><con:entry xmlns:con="http://eviware.com/soapui/config">US-PS</con:entry><con:entry xmlns:con="http://eviware.com/soapui/config">Large Package</con:entry><con:entry xmlns:con="http://eviware.com/soapui/config">14203</con:entry><con:entry xmlns:con="http://eviware.com/soapui/config"><![CDATA[<sws:Address1>123 MAIN ST</sws:Address1>             <sws:City>BUFFALO</sws:City>             <sws:State>NY</sws:State>             <sws:ZIPCode>14203</sws:ZIPCode>             <sws:ZIPCodeAddOn>3042</sws:ZIPCodeAddOn>]]]]>><![CDATA[</con:entry><con:entry xmlns:con="http://eviware.com/soapui/config"/></xml-fragment>]]></row>
          <row><![CDATA[<xml-fragment><con:entry xmlns:con="http://eviware.com/soapui/config">USPS</con:entry><con:entry xmlns:con="http://eviware.com/soapui/config">US-PS</con:entry><con:entry xmlns:con="http://eviware.com/soapui/config">Oversized Package</con:entry><con:entry xmlns:con="http://eviware.com/soapui/config">14203</con:entry><con:entry xmlns:con="http://eviware.com/soapui/config"><![CDATA[<sws:Address1>123 MAIN ST</sws:Address1>             <sws:City>BUFFALO</sws:City>             <sws:State>NY</sws:State>             <sws:ZIPCode>14203</sws:ZIPCode>             <sws:ZIPCodeAddOn>3042</sws:ZIPCodeAddOn>]]]]>><![CDATA[</con:entry><con:entry xmlns:con="http://eviware.com/soapui/config"/></xml-fragment>]]></row>
          <row><![CDATA[<xml-fragment><con:entry xmlns:con="http://eviware.com/soapui/config">USPS</con:entry><con:entry xmlns:con="http://eviware.com/soapui/config">US-LM</con:entry><con:entry xmlns:con="http://eviware.com/soapui/config">Package</con:entry><con:entry xmlns:con="http://eviware.com/soapui/config">14203</con:entry><con:entry xmlns:con="http://eviware.com/soapui/config"><![CDATA[<sws:Address1>123 MAIN ST</sws:Address1>             <sws:City>BUFFALO</sws:City>             <sws:State>NY</sws:State>             <sws:ZIPCode>14203</sws:ZIPCode>             <sws:ZIPCodeAddOn>3042</sws:ZIPCodeAddOn>]]]]>><![CDATA[</con:entry><con:entry xmlns:con="http://eviware.com/soapui/config"/></xml-fragment>]]></row>
          <row><![CDATA[<xml-fragment><con:entry xmlns:con="http://eviware.com/soapui/config">USPS</con:entry><con:entry xmlns:con="http://eviware.com/soapui/config">US-FCI</con:entry><con:entry xmlns:con="http://eviware.com/soapui/config">Large Envelope or Flat</con:entry><con:entry xmlns:con="http://eviware.com/soapui/config">A1C 2V5</con:entry><con:entry xmlns:con="http://eviware.com/soapui/config"><![CDATA[<sws:Address1>8 Merrymeeting Rd</sws:Address1>             <sws:Address2/>             <sws:City>St John's</sws:City>             <sws:State>NL</sws:State>             <sws:PostalCode>A1C 2V5</sws:PostalCode>             <sws:Country>CA</sws:Country>]]]]>><![CDATA[</con:entry><con:entry xmlns:con="http://eviware.com/soapui/config"/></xml-fragment>]]></row>
          <row><![CDATA[<xml-fragment><con:entry xmlns:con="http://eviware.com/soapui/config">USPS</con:entry><con:entry xmlns:con="http://eviware.com/soapui/config">US-FCI</con:entry><con:entry xmlns:con="http://eviware.com/soapui/config">Package</con:entry><con:entry xmlns:con="http://eviware.com/soapui/config">A1C 2V5</con:entry><con:entry xmlns:con="http://eviware.com/soapui/config"><![CDATA[<sws:Address1>8 Merrymeeting Rd</sws:Address1>             <sws:Address2/>             <sws:City>St John's</sws:City>             <sws:State>NL</sws:State>             <sws:PostalCode>A1C 2V5</sws:PostalCode>             <sws:Country>CA</sws:Country>]]]]>><![CDATA[</con:entry><con:entry xmlns:con="http://eviware.com/soapui/config"/></xml-fragment>]]></row>
          <row><![CDATA[<xml-fragment><con:entry xmlns:con="http://eviware.com/soapui/config">USPS</con:entry><con:entry xmlns:con="http://eviware.com/soapui/config">US-PMI</con:entry><con:entry xmlns:con="http://eviware.com/soapui/config">Large Envelope or Flat</con:entry><con:entry xmlns:con="http://eviware.com/soapui/config">A1C 2V5</con:entry><con:entry xmlns:con="http://eviware.com/soapui/config"><![CDATA[<sws:Address1>8 Merrymeeting Rd</sws:Address1>             <sws:Address2/>             <sws:City>St John's</sws:City>             <sws:State>NL</sws:State>             <sws:PostalCode>A1C 2V5</sws:PostalCode>             <sws:Country>CA</sws:Country>]]]]>><![CDATA[</con:entry><con:entry xmlns:con="http://eviware.com/soapui/config"/></xml-fragment>]]></row>
          <row><![CDATA[<xml-fragment><con:entry xmlns:con="http://eviware.com/soapui/config">USPS</con:entry><con:entry xmlns:con="http://eviware.com/soapui/config">US-PMI</con:entry><con:entry xmlns:con="http://eviware.com/soapui/config">Package</con:entry><con:entry xmlns:con="http://eviware.com/soapui/config">A1C 2V5</con:entry><con:entry xmlns:con="http://eviware.com/soapui/config"><![CDATA[<sws:Address1>8 Merrymeeting Rd</sws:Address1>             <sws:Address2/>             <sws:City>St John's</sws:City>             <sws:State>NL</sws:State>             <sws:PostalCode>A1C 2V5</sws:PostalCode>             <sws:Country>CA</sws:Country>]]]]>><![CDATA[</con:entry><con:entry xmlns:con="http://eviware.com/soapui/config"/></xml-fragment>]]></row>
          <row><![CDATA[<xml-fragment><con:entry xmlns:con="http://eviware.com/soapui/config">USPS</con:entry><con:entry xmlns:con="http://eviware.com/soapui/config">US-PMI</con:entry><con:entry xmlns:con="http://eviware.com/soapui/config">Thick Envelope</con:entry><con:entry xmlns:con="http://eviware.com/soapui/config">A1C 2V5</con:entry><con:entry xmlns:con="http://eviware.com/soapui/config"><![CDATA[<sws:Address1>8 Merrymeeting Rd</sws:Address1>             <sws:Address2/>             <sws:City>St John's</sws:City>             <sws:State>NL</sws:State>             <sws:PostalCode>A1C 2V5</sws:PostalCode>             <sws:Country>CA</sws:Country>]]]]>><![CDATA[</con:entry><con:entry xmlns:con="http://eviware.com/soapui/config"/></xml-fragment>]]></row>
          <row><![CDATA[<xml-fragment><con:entry xmlns:con="http://eviware.com/soapui/config">USPS</con:entry><con:entry xmlns:con="http://eviware.com/soapui/config">US-PMI</con:entry><con:entry xmlns:con="http://eviware.com/soapui/config">Package</con:entry><con:entry xmlns:con="http://eviware.com/soapui/config">A1C 2V5</con:entry><con:entry xmlns:con="http://eviware.com/soapui/config"><![CDATA[<sws:Address1>8 Merrymeeting Rd</sws:Address1>             <sws:Address2/>             <sws:City>St John's</sws:City>             <sws:State>NL</sws:State>             <sws:PostalCode>A1C 2V5</sws:PostalCode>             <sws:Country>CA</sws:Country>]]]]>><![CDATA[</con:entry><con:entry xmlns:con="http://eviware.com/soapui/config"/></xml-fragment>]]></row>
          <row><![CDATA[<xml-fragment><con:entry xmlns:con="http://eviware.com/soapui/config">USPS</con:entry><con:entry xmlns:con="http://eviware.com/soapui/config">US-PM</con:entry><con:entry xmlns:con="http://eviware.com/soapui/config">Large Package</con:entry><con:entry xmlns:con="http://eviware.com/soapui/config">14203</con:entry><con:entry xmlns:con="http://eviware.com/soapui/config"><![CDATA[<sws:Address1>123 MAIN ST</sws:Address1>             <sws:City>BUFFALO</sws:City>             <sws:State>NY</sws:State>             <sws:ZIPCode>14203</sws:ZIPCode>             <sws:ZIPCodeAddOn>3042</sws:ZIPCodeAddOn>]]]]>><![CDATA[</con:entry><con:entry xmlns:con="http://eviware.com/soapui/config"/></xml-fragment>]]></row>
          <row><![CDATA[<xml-fragment><con:entry xmlns:con="http://eviware.com/soapui/config">USPS</con:entry><con:entry xmlns:con="http://eviware.com/soapui/config">US-PM</con:entry><con:entry xmlns:con="http://eviware.com/soapui/config">Legal Flat Rate Envelope</con:entry><con:entry xmlns:con="http://eviware.com/soapui/config">14203</con:entry><con:entry xmlns:con="http://eviware.com/soapui/config"><![CDATA[<sws:Address1>123 MAIN ST</sws:Address1>             <sws:City>BUFFALO</sws:City>             <sws:State>NY</sws:State>             <sws:ZIPCode>14203</sws:ZIPCode>             <sws:ZIPCodeAddOn>3042</sws:ZIPCodeAddOn>]]]]>><![CDATA[</con:entry><con:entry xmlns:con="http://eviware.com/soapui/config"/></xml-fragment>]]></row>
          <row><![CDATA[<xml-fragment><con:entry xmlns:con="http://eviware.com/soapui/config">USPS</con:entry><con:entry xmlns:con="http://eviware.com/soapui/config">US-PM</con:entry><con:entry xmlns:con="http://eviware.com/soapui/config">Flat Rate Envelope</con:entry><con:entry xmlns:con="http://eviware.com/soapui/config">14203</con:entry><con:entry xmlns:con="http://eviware.com/soapui/config"><![CDATA[<sws:Address1>123 MAIN ST</sws:Address1>             <sws:City>BUFFALO</sws:City>             <sws:State>NY</sws:State>             <sws:ZIPCode>14203</sws:ZIPCode>             <sws:ZIPCodeAddOn>3042</sws:ZIPCodeAddOn>]]]]>><![CDATA[</con:entry><con:entry xmlns:con="http://eviware.com/soapui/config"/></xml-fragment>]]></row>
          <row><![CDATA[<xml-fragment><con:entry xmlns:con="http://eviware.com/soapui/config">USPS</con:entry><con:entry xmlns:con="http://eviware.com/soapui/config">US-PM</con:entry><con:entry xmlns:con="http://eviware.com/soapui/config">Small Flat Rate Box</con:entry><con:entry xmlns:con="http://eviware.com/soapui/config">14203</con:entry><con:entry xmlns:con="http://eviware.com/soapui/config"><![CDATA[<sws:Address1>123 MAIN ST</sws:Address1>             <sws:City>BUFFALO</sws:City>             <sws:State>NY</sws:State>             <sws:ZIPCode>14203</sws:ZIPCode>             <sws:ZIPCodeAddOn>3042</sws:ZIPCodeAddOn>]]]]>><![CDATA[</con:entry><con:entry xmlns:con="http://eviware.com/soapui/config"/></xml-fragment>]]></row>
          <row><![CDATA[<xml-fragment><con:entry xmlns:con="http://eviware.com/soapui/config">USPS</con:entry><con:entry xmlns:con="http://eviware.com/soapui/config">US-PM</con:entry><con:entry xmlns:con="http://eviware.com/soapui/config">Flat Rate Box</con:entry><con:entry xmlns:con="http://eviware.com/soapui/config">14203</con:entry><con:entry xmlns:con="http://eviware.com/soapui/config"><![CDATA[<sws:Address1>123 MAIN ST</sws:Address1>             <sws:City>BUFFALO</sws:City>             <sws:State>NY</sws:State>             <sws:ZIPCode>14203</sws:ZIPCode>             <sws:ZIPCodeAddOn>3042</sws:ZIPCodeAddOn>]]]]>><![CDATA[</con:entry><con:entry xmlns:con="http://eviware.com/soapui/config"/></xml-fragment>]]></row>
          <row><![CDATA[<xml-fragment><con:entry xmlns:con="http://eviware.com/soapui/config">USPS</con:entry><con:entry xmlns:con="http://eviware.com/soapui/config">US-PM</con:entry><con:entry xmlns:con="http://eviware.com/soapui/config">Large Flat Rate Box</con:entry><con:entry xmlns:con="http://eviware.com/soapui/config">14203</con:entry><con:entry xmlns:con="http://eviware.com/soapui/config"><![CDATA[<sws:Address1>123 MAIN ST</sws:Address1>             <sws:City>BUFFALO</sws:City>             <sws:State>NY</sws:State>             <sws:ZIPCode>14203</sws:ZIPCode>             <sws:ZIPCodeAddOn>3042</sws:ZIPCodeAddOn>]]]]>><![CDATA[</con:entry><con:entry xmlns:con="http://eviware.com/soapui/config"/></xml-fragment>]]></row>
          <row><![CDATA[<xml-fragment><con:entry xmlns:con="http://eviware.com/soapui/config">USPS</con:entry><con:entry xmlns:con="http://eviware.com/soapui/config">US-PM</con:entry><con:entry xmlns:con="http://eviware.com/soapui/config">Flat Rate Padded Envelope</con:entry><con:entry xmlns:con="http://eviware.com/soapui/config">14203</con:entry><con:entry xmlns:con="http://eviware.com/soapui/config"><![CDATA[<sws:Address1>123 MAIN ST</sws:Address1>             <sws:City>BUFFALO</sws:City>             <sws:State>NY</sws:State>             <sws:ZIPCode>14203</sws:ZIPCode>             <sws:ZIPCodeAddOn>3042</sws:ZIPCodeAddOn>]]]]>><![CDATA[</con:entry><con:entry xmlns:con="http://eviware.com/soapui/config"/></xml-fragment>]]></row>
          <row><![CDATA[<xml-fragment><con:entry xmlns:con="http://eviware.com/soapui/config">USPS</con:entry><con:entry xmlns:con="http://eviware.com/soapui/config">US-PM</con:entry><con:entry xmlns:con="http://eviware.com/soapui/config">Regional Rate Box A</con:entry><con:entry xmlns:con="http://eviware.com/soapui/config">14203</con:entry><con:entry xmlns:con="http://eviware.com/soapui/config"><![CDATA[<sws:Address1>123 MAIN ST</sws:Address1>             <sws:City>BUFFALO</sws:City>             <sws:State>NY</sws:State>             <sws:ZIPCode>14203</sws:ZIPCode>             <sws:ZIPCodeAddOn>3042</sws:ZIPCodeAddOn>]]]]>><![CDATA[</con:entry><con:entry xmlns:con="http://eviware.com/soapui/config"/></xml-fragment>]]></row>
          <row><![CDATA[<xml-fragment><con:entry xmlns:con="http://eviware.com/soapui/config">USPS</con:entry><con:entry xmlns:con="http://eviware.com/soapui/config">US-PM</con:entry><con:entry xmlns:con="http://eviware.com/soapui/config">Regional Rate Box B</con:entry><con:entry xmlns:con="http://eviware.com/soapui/config">14203</con:entry><con:entry xmlns:con="http://eviware.com/soapui/config"><![CDATA[<sws:Address1>123 MAIN ST</sws:Address1>             <sws:City>BUFFALO</sws:City>             <sws:State>NY</sws:State>             <sws:ZIPCode>14203</sws:ZIPCode>             <sws:ZIPCodeAddOn>3042</sws:ZIPCodeAddOn>]]]]>><![CDATA[</con:entry><con:entry xmlns:con="http://eviware.com/soapui/config"/></xml-fragment>]]></row>
          <row><![CDATA[<xml-fragment><con:entry xmlns:con="http://eviware.com/soapui/config">USPS</con:entry><con:entry xmlns:con="http://eviware.com/soapui/config">US-PM</con:entry><con:entry xmlns:con="http://eviware.com/soapui/config">Large Envelope or Flat</con:entry><con:entry xmlns:con="http://eviware.com/soapui/config">14203</con:entry><con:entry xmlns:con="http://eviware.com/soapui/config"><![CDATA[<sws:Address1>123 MAIN ST</sws:Address1>             <sws:City>BUFFALO</sws:City>             <sws:State>NY</sws:State>             <sws:ZIPCode>14203</sws:ZIPCode>             <sws:ZIPCodeAddOn>3042</sws:ZIPCodeAddOn>]]]]>><![CDATA[</con:entry><con:entry xmlns:con="http://eviware.com/soapui/config"/></xml-fragment>]]></row>
          <row><![CDATA[<xml-fragment><con:entry xmlns:con="http://eviware.com/soapui/config">USPS</con:entry><con:entry xmlns:con="http://eviware.com/soapui/config">US-PM</con:entry><con:entry xmlns:con="http://eviware.com/soapui/config">Package</con:entry><con:entry xmlns:con="http://eviware.com/soapui/config">14203</con:entry><con:entry xmlns:con="http://eviware.com/soapui/config"><![CDATA[<sws:Address1>123 MAIN ST</sws:Address1>             <sws:City>BUFFALO</sws:City>             <sws:State>NY</sws:State>             <sws:ZIPCode>14203</sws:ZIPCode>             <sws:ZIPCodeAddOn>3042</sws:ZIPCodeAddOn>]]]]>><![CDATA[</con:entry><con:entry xmlns:con="http://eviware.com/soapui/config"/></xml-fragment>]]></row>
          <row><![CDATA[<xml-fragment><con:entry xmlns:con="http://eviware.com/soapui/config">USPS</con:entry><con:entry xmlns:con="http://eviware.com/soapui/config">US-MM</con:entry><con:entry xmlns:con="http://eviware.com/soapui/config">Package</con:entry><con:entry xmlns:con="http://eviware.com/soapui/config">14203</con:entry><con:entry xmlns:con="http://eviware.com/soapui/config"><![CDATA[<sws:Address1>123 MAIN ST</sws:Address1>             <sws:City>BUFFALO</sws:City>             <sws:State>NY</sws:State>             <sws:ZIPCode>14203</sws:ZIPCode>             <sws:ZIPCodeAddOn>3042</sws:ZIPCodeAddOn>]]]]>><![CDATA[</con:entry><con:entry xmlns:con="http://eviware.com/soapui/config"/></xml-fragment>]]></row>
          <row><![CDATA[<xml-fragment><con:entry xmlns:con="http://eviware.com/soapui/config">USPS</con:entry><con:entry xmlns:con="http://eviware.com/soapui/config">US-MM</con:entry><con:entry xmlns:con="http://eviware.com/soapui/config">Thick Envelope</con:entry><con:entry xmlns:con="http://eviware.com/soapui/config">14203</con:entry><con:entry xmlns:con="http://eviware.com/soapui/config"><![CDATA[<sws:Address1>123 MAIN ST</sws:Address1>             <sws:City>BUFFALO</sws:City>             <sws:State>NY</sws:State>             <sws:ZIPCode>14203</sws:ZIPCode>             <sws:ZIPCodeAddOn>3042</sws:ZIPCodeAddOn>]]]]>><![CDATA[</con:entry><con:entry xmlns:con="http://eviware.com/soapui/config"/></xml-fragment>]]></row>
          <row><![CDATA[<xml-fragment><con:entry xmlns:con="http://eviware.com/soapui/config">USPS</con:entry><con:entry xmlns:con="http://eviware.com/soapui/config">US-XM</con:entry><con:entry xmlns:con="http://eviware.com/soapui/config">Package</con:entry><con:entry xmlns:con="http://eviware.com/soapui/config">14203</con:entry><con:entry xmlns:con="http://eviware.com/soapui/config"><![CDATA[<sws:Address1>123 MAIN ST</sws:Address1>             <sws:City>BUFFALO</sws:City>             <sws:State>NY</sws:State>             <sws:ZIPCode>14203</sws:ZIPCode>             <sws:ZIPCodeAddOn>3042</sws:ZIPCodeAddOn>]]]]>><![CDATA[</con:entry><con:entry xmlns:con="http://eviware.com/soapui/config"/></xml-fragment>]]></row>
          <row><![CDATA[<xml-fragment><con:entry xmlns:con="http://eviware.com/soapui/config">USPS</con:entry><con:entry xmlns:con="http://eviware.com/soapui/config">US-XM</con:entry><con:entry xmlns:con="http://eviware.com/soapui/config">Large Package</con:entry><con:entry xmlns:con="http://eviware.com/soapui/config">14203</con:entry><con:entry xmlns:con="http://eviware.com/soapui/config"><![CDATA[<sws:Address1>123 MAIN ST</sws:Address1>             <sws:City>BUFFALO</sws:City>             <sws:State>NY</sws:State>             <sws:ZIPCode>14203</sws:ZIPCode>             <sws:ZIPCodeAddOn>3042</sws:ZIPCodeAddOn>]]]]>><![CDATA[</con:entry><con:entry xmlns:con="http://eviware.com/soapui/config"/></xml-fragment>]]></row>
          <row><![CDATA[<xml-fragment><con:entry xmlns:con="http://eviware.com/soapui/config">USPS</con:entry><con:entry xmlns:con="http://eviware.com/soapui/config">US-XM</con:entry><con:entry xmlns:con="http://eviware.com/soapui/config">Thick Envelope</con:entry><con:entry xmlns:con="http://eviware.com/soapui/config">14203</con:entry><con:entry xmlns:con="http://eviware.com/soapui/config"><![CDATA[<sws:Address1>123 MAIN ST</sws:Address1>             <sws:City>BUFFALO</sws:City>             <sws:State>NY</sws:State>             <sws:ZIPCode>14203</sws:ZIPCode>             <sws:ZIPCodeAddOn>3042</sws:ZIPCodeAddOn>]]]]>><![CDATA[</con:entry><con:entry xmlns:con="http://eviware.com/soapui/config"/></xml-fragment>]]></row>
          <row><![CDATA[<xml-fragment><con:entry xmlns:con="http://eviware.com/soapui/config">USPS</con:entry><con:entry xmlns:con="http://eviware.com/soapui/config">US-XM</con:entry><con:entry xmlns:con="http://eviware.com/soapui/config">Flat Rate Envelope</con:entry><con:entry xmlns:con="http://eviware.com/soapui/config">14203</con:entry><con:entry xmlns:con="http://eviware.com/soapui/config"><![CDATA[<sws:Address1>123 MAIN ST</sws:Address1>             <sws:City>BUFFALO</sws:City>             <sws:State>NY</sws:State>             <sws:ZIPCode>14203</sws:ZIPCode>             <sws:ZIPCodeAddOn>3042</sws:ZIPCodeAddOn>]]]]>><![CDATA[</con:entry><con:entry xmlns:con="http://eviware.com/soapui/config"/></xml-fragment>]]></row>
          <row><![CDATA[<xml-fragment><con:entry xmlns:con="http://eviware.com/soapui/config">USPS</con:entry><con:entry xmlns:con="http://eviware.com/soapui/config">US-XM</con:entry><con:entry xmlns:con="http://eviware.com/soapui/config">Legal Flat Rate Envelope</con:entry><con:entry xmlns:con="http://eviware.com/soapui/config">14203</con:entry><con:entry xmlns:con="http://eviware.com/soapui/config"><![CDATA[<sws:Address1>123 MAIN ST</sws:Address1>             <sws:City>BUFFALO</sws:City>             <sws:State>NY</sws:State>             <sws:ZIPCode>14203</sws:ZIPCode>             <sws:ZIPCodeAddOn>3042</sws:ZIPCodeAddOn>]]]]>><![CDATA[</con:entry><con:entry xmlns:con="http://eviware.com/soapui/config"/></xml-fragment>]]></row>
          <row><![CDATA[<xml-fragment><con:entry xmlns:con="http://eviware.com/soapui/config">USPS</con:entry><con:entry xmlns:con="http://eviware.com/soapui/config">US-XM</con:entry><con:entry xmlns:con="http://eviware.com/soapui/config">Flat Rate Padded Envelope</con:entry><con:entry xmlns:con="http://eviware.com/soapui/config">14203</con:entry><con:entry xmlns:con="http://eviware.com/soapui/config"><![CDATA[<sws:Address1>123 MAIN ST</sws:Address1>             <sws:City>BUFFALO</sws:City>             <sws:State>NY</sws:State>             <sws:ZIPCode>14203</sws:ZIPCode>             <sws:ZIPCodeAddOn>3042</sws:ZIPCodeAddOn>]]]]>><![CDATA[</con:entry><con:entry xmlns:con="http://eviware.com/soapui/config"/></xml-fragment>]]></row>
          <row><![CDATA[<xml-fragment><con:entry xmlns:con="http://eviware.com/soapui/config">USPS</con:entry><con:entry xmlns:con="http://eviware.com/soapui/config">US-PMI</con:entry><con:entry xmlns:con="http://eviware.com/soapui/config">Small Flat Rate Box</con:entry><con:entry xmlns:con="http://eviware.com/soapui/config">A1C 2V5</con:entry><con:entry xmlns:con="http://eviware.com/soapui/config"><![CDATA[<sws:Address1>8 Merrymeeting Rd</sws:Address1>             <sws:Address2/>             <sws:City>St John's</sws:City>             <sws:State>NL</sws:State>             <sws:PostalCode>A1C 2V5</sws:PostalCode>             <sws:Country>CA</sws:Country>]]]]>><![CDATA[</con:entry><con:entry xmlns:con="http://eviware.com/soapui/config"/></xml-fragment>]]></row>
          <row><![CDATA[<xml-fragment><con:entry xmlns:con="http://eviware.com/soapui/config">USPS</con:entry><con:entry xmlns:con="http://eviware.com/soapui/config">US-PMI</con:entry><con:entry xmlns:con="http://eviware.com/soapui/config">Large Flat Rate Box</con:entry><con:entry xmlns:con="http://eviware.com/soapui/config">A1C 2V5</con:entry><con:entry xmlns:con="http://eviware.com/soapui/config"><![CDATA[<sws:Address1>8 Merrymeeting Rd</sws:Address1>             <sws:Address2/>             <sws:City>St John's</sws:City>             <sws:State>NL</sws:State>             <sws:PostalCode>A1C 2V5</sws:PostalCode>             <sws:Country>CA</sws:Country>]]]]>><![CDATA[</con:entry><con:entry xmlns:con="http://eviware.com/soapui/config"/></xml-fragment>]]></row>
          <row><![CDATA[<xml-fragment><con:entry xmlns:con="http://eviware.com/soapui/config">USPS</con:entry><con:entry xmlns:con="http://eviware.com/soapui/config">US-PMI</con:entry><con:entry xmlns:con="http://eviware.com/soapui/config">Legal Flat Rate Envelope</con:entry><con:entry xmlns:con="http://eviware.com/soapui/config">A1C 2V5</con:entry><con:entry xmlns:con="http://eviware.com/soapui/config"><![CDATA[<sws:Address1>8 Merrymeeting Rd</sws:Address1>             <sws:Address2/>             <sws:City>St John's</sws:City>             <sws:State>NL</sws:State>             <sws:PostalCode>A1C 2V5</sws:PostalCode>             <sws:Country>CA</sws:Country>]]]]>><![CDATA[</con:entry><con:entry xmlns:con="http://eviware.com/soapui/config"/></xml-fragment>]]></row>
          <row><![CDATA[<xml-fragment><con:entry xmlns:con="http://eviware.com/soapui/config">USPS</con:entry><con:entry xmlns:con="http://eviware.com/soapui/config">US-PMI</con:entry><con:entry xmlns:con="http://eviware.com/soapui/config">Flat Rate Padded Envelope</con:entry><con:entry xmlns:con="http://eviware.com/soapui/config">A1C 2V5</con:entry><con:entry xmlns:con="http://eviware.com/soapui/config"><![CDATA[<sws:Address1>8 Merrymeeting Rd</sws:Address1>             <sws:Address2/>             <sws:City>St John's</sws:City>             <sws:State>NL</sws:State>             <sws:PostalCode>A1C 2V5</sws:PostalCode>             <sws:Country>CA</sws:Country>]]]]>><![CDATA[</con:entry><con:entry xmlns:con="http://eviware.com/soapui/config"/></xml-fragment>]]></row>
          <row><![CDATA[<xml-fragment><con:entry xmlns:con="http://eviware.com/soapui/config">USPS</con:entry><con:entry xmlns:con="http://eviware.com/soapui/config">US-PMI</con:entry><con:entry xmlns:con="http://eviware.com/soapui/config">Flat Rate Box</con:entry><con:entry xmlns:con="http://eviware.com/soapui/config">A1C 2V5</con:entry><con:entry xmlns:con="http://eviware.com/soapui/config"><![CDATA[<sws:Address1>8 Merrymeeting Rd</sws:Address1>             <sws:Address2/>             <sws:City>St John's</sws:City>             <sws:State>NL</sws:State>             <sws:PostalCode>A1C 2V5</sws:PostalCode>             <sws:Country>CA</sws:Country>]]]]>><![CDATA[</con:entry><con:entry xmlns:con="http://eviware.com/soapui/config"/></xml-fragment>]]></row>
          <row><![CDATA[<xml-fragment><con:entry xmlns:con="http://eviware.com/soapui/config">USPS</con:entry><con:entry xmlns:con="http://eviware.com/soapui/config">US-EMI</con:entry><con:entry xmlns:con="http://eviware.com/soapui/config">Package</con:entry><con:entry xmlns:con="http://eviware.com/soapui/config">A1C 2V5</con:entry><con:entry xmlns:con="http://eviware.com/soapui/config"><![CDATA[<sws:Address1>8 Merrymeeting Rd</sws:Address1>             <sws:Address2/>             <sws:City>St John's</sws:City>             <sws:State>NL</sws:State>             <sws:PostalCode>A1C 2V5</sws:PostalCode>             <sws:Country>CA</sws:Country>]]]]>><![CDATA[</con:entry><con:entry xmlns:con="http://eviware.com/soapui/config"/></xml-fragment>]]></row>
          <row><![CDATA[<xml-fragment><con:entry xmlns:con="http://eviware.com/soapui/config">USPS</con:entry><con:entry xmlns:con="http://eviware.com/soapui/config">US-EMI</con:entry><con:entry xmlns:con="http://eviware.com/soapui/config">Thick Envelope</con:entry><con:entry xmlns:con="http://eviware.com/soapui/config">A1C 2V5</con:entry><con:entry xmlns:con="http://eviware.com/soapui/config"><![CDATA[<sws:Address1>8 Merrymeeting Rd</sws:Address1>             <sws:Address2/>             <sws:City>St John's</sws:City>             <sws:State>NL</sws:State>             <sws:PostalCode>A1C 2V5</sws:PostalCode>             <sws:Country>CA</sws:Country>]]]]>><![CDATA[</con:entry><con:entry xmlns:con="http://eviware.com/soapui/config"/></xml-fragment>]]></row>
          <row><![CDATA[<xml-fragment><con:entry xmlns:con="http://eviware.com/soapui/config">USPS</con:entry><con:entry xmlns:con="http://eviware.com/soapui/config">US-EMI</con:entry><con:entry xmlns:con="http://eviware.com/soapui/config">Legal Flat Rate Envelope</con:entry><con:entry xmlns:con="http://eviware.com/soapui/config">A1C 2V5</con:entry><con:entry xmlns:con="http://eviware.com/soapui/config"><![CDATA[<sws:Address1>8 Merrymeeting Rd</sws:Address1>             <sws:Address2/>             <sws:City>St John's</sws:City>             <sws:State>NL</sws:State>             <sws:PostalCode>A1C 2V5</sws:PostalCode>             <sws:Country>CA</sws:Country>]]]]>><![CDATA[</con:entry><con:entry xmlns:con="http://eviware.com/soapui/config"/></xml-fragment>]]></row>
          <row><![CDATA[<xml-fragment><con:entry xmlns:con="http://eviware.com/soapui/config">USPS</con:entry><con:entry xmlns:con="http://eviware.com/soapui/config">US-EMI</con:entry><con:entry xmlns:con="http://eviware.com/soapui/config">Flat Rate Envelope</con:entry><con:entry xmlns:con="http://eviware.com/soapui/config">A1C 2V5</con:entry><con:entry xmlns:con="http://eviware.com/soapui/config"><![CDATA[<sws:Address1>8 Merrymeeting Rd</sws:Address1>             <sws:Address2/>             <sws:City>St John's</sws:City>             <sws:State>NL</sws:State>             <sws:PostalCode>A1C 2V5</sws:PostalCode>             <sws:Country>CA</sws:Country>]]]]>><![CDATA[</con:entry><con:entry xmlns:con="http://eviware.com/soapui/config"/></xml-fragment>]]></row>
          <row><![CDATA[<xml-fragment><con:entry xmlns:con="http://eviware.com/soapui/config">USPS</con:entry><con:entry xmlns:con="http://eviware.com/soapui/config">US-EMI</con:entry><con:entry xmlns:con="http://eviware.com/soapui/config">Flat Rate Padded Envelope</con:entry><con:entry xmlns:con="http://eviware.com/soapui/config">A1C 2V5</con:entry><con:entry xmlns:con="http://eviware.com/soapui/config"><![CDATA[<sws:Address1>8 Merrymeeting Rd</sws:Address1>             <sws:Address2/>             <sws:City>St John's</sws:City>             <sws:State>NL</sws:State>             <sws:PostalCode>A1C 2V5</sws:PostalCode>             <sws:Country>CA</sws:Country>]]]]>><![CDATA[</con:entry><con:entry xmlns:con="http://eviware.com/soapui/config"/></xml-fragment>]]></row>
          <row><![CDATA[<xml-fragment><con:entry xmlns:con="http://eviware.com/soapui/config">USPS</con:entry><con:entry xmlns:con="http://eviware.com/soapui/config">US-FC</con:entry><con:entry xmlns:con="http://eviware.com/soapui/config">Package</con:entry><con:entry xmlns:con="http://eviware.com/soapui/config">14203</con:entry><con:entry xmlns:con="http://eviware.com/soapui/config"><![CDATA[<sws:Address1>123 MAIN ST</sws:Address1>             <sws:City>BUFFALO</sws:City>             <sws:State>NY</sws:State>             <sws:ZIPCode>14203</sws:ZIPCode>             <sws:ZIPCodeAddOn>3042</sws:ZIPCodeAddOn>]]]]>><![CDATA[</con:entry><con:entry xmlns:con="http://eviware.com/soapui/config"/></xml-fragment>]]></row>
          <row><![CDATA[<xml-fragment><con:entry xmlns:con="http://eviware.com/soapui/config">USPS</con:entry><con:entry xmlns:con="http://eviware.com/soapui/config">US-FC</con:entry><con:entry xmlns:con="http://eviware.com/soapui/config">Large Envelope or Flat</con:entry><con:entry xmlns:con="http://eviware.com/soapui/config">14203</con:entry><con:entry xmlns:con="http://eviware.com/soapui/config"><![CDATA[<sws:Address1>123 MAIN ST</sws:Address1>             <sws:City>BUFFALO</sws:City>             <sws:State>NY</sws:State>             <sws:ZIPCode>14203</sws:ZIPCode>             <sws:ZIPCodeAddOn>3042</sws:ZIPCodeAddOn>]]]]>><![CDATA[</con:entry><con:entry xmlns:con="http://eviware.com/soapui/config"/></xml-fragment>]]></row>
          <row><![CDATA[<xml-fragment><con:entry xmlns:con="http://eviware.com/soapui/config">USPS</con:entry><con:entry xmlns:con="http://eviware.com/soapui/config">US-FC</con:entry><con:entry xmlns:con="http://eviware.com/soapui/config">Thick Envelope</con:entry><con:entry xmlns:con="http://eviware.com/soapui/config">14203</con:entry><con:entry xmlns:con="http://eviware.com/soapui/config"><![CDATA[<sws:Address1>123 MAIN ST</sws:Address1>             <sws:City>BUFFALO</sws:City>             <sws:State>NY</sws:State>             <sws:ZIPCode>14203</sws:ZIPCode>             <sws:ZIPCodeAddOn>3042</sws:ZIPCodeAddOn>]]]]>><![CDATA[</con:entry><con:entry xmlns:con="http://eviware.com/soapui/config"/></xml-fragment>]]></row>
          <row><![CDATA[<xml-fragment><con:entry xmlns:con="http://eviware.com/soapui/config">USPS</con:entry><con:entry xmlns:con="http://eviware.com/soapui/config">US-PS</con:entry><con:entry xmlns:con="http://eviware.com/soapui/config">Package</con:entry><con:entry xmlns:con="http://eviware.com/soapui/config">14203</con:entry><con:entry xmlns:con="http://eviware.com/soapui/config"><![CDATA[<sws:Address1>123 MAIN ST</sws:Address1>             <sws:City>BUFFALO</sws:City>             <sws:State>NY</sws:State>             <sws:ZIPCode>14203</sws:ZIPCode>             <sws:ZIPCodeAddOn>3042</sws:ZIPCodeAddOn>]]]]>><![CDATA[</con:entry><con:entry xmlns:con="http://eviware.com/soapui/config"/></xml-fragment>]]></row>
          <row><![CDATA[<xml-fragment><con:entry xmlns:con="http://eviware.com/soapui/config">USPS</con:entry><con:entry xmlns:con="http://eviware.com/soapui/config">US-PS</con:entry><con:entry xmlns:con="http://eviware.com/soapui/config">Large Package</con:entry><con:entry xmlns:con="http://eviware.com/soapui/config">14203</con:entry><con:entry xmlns:con="http://eviware.com/soapui/config"><![CDATA[<sws:Address1>123 MAIN ST</sws:Address1>             <sws:City>BUFFALO</sws:City>             <sws:State>NY</sws:State>             <sws:ZIPCode>14203</sws:ZIPCode>             <sws:ZIPCodeAddOn>3042</sws:ZIPCodeAddOn>]]]]>><![CDATA[</con:entry><con:entry xmlns:con="http://eviware.com/soapui/config"/></xml-fragment>]]></row>
          <row><![CDATA[<xml-fragment><con:entry xmlns:con="http://eviware.com/soapui/config">USPS</con:entry><con:entry xmlns:con="http://eviware.com/soapui/config">US-PS</con:entry><con:entry xmlns:con="http://eviware.com/soapui/config">Oversized Package</con:entry><con:entry xmlns:con="http://eviware.com/soapui/config">14203</con:entry><con:entry xmlns:con="http://eviware.com/soapui/config"><![CDATA[<sws:Address1>123 MAIN ST</sws:Address1>             <sws:City>BUFFALO</sws:City>             <sws:State>NY</sws:State>             <sws:ZIPCode>14203</sws:ZIPCode>             <sws:ZIPCodeAddOn>3042</sws:ZIPCodeAddOn>]]]]>><![CDATA[</con:entry><con:entry xmlns:con="http://eviware.com/soapui/config"/></xml-fragment>]]></row>
          <row><![CDATA[<xml-fragment><con:entry xmlns:con="http://eviware.com/soapui/config">USPS</con:entry><con:entry xmlns:con="http://eviware.com/soapui/config">US-LM</con:entry><con:entry xmlns:con="http://eviware.com/soapui/config">Package</con:entry><con:entry xmlns:con="http://eviware.com/soapui/config">14203</con:entry><con:entry xmlns:con="http://eviware.com/soapui/config"><![CDATA[<sws:Address1>123 MAIN ST</sws:Address1>             <sws:City>BUFFALO</sws:City>             <sws:State>NY</sws:State>             <sws:ZIPCode>14203</sws:ZIPCode>             <sws:ZIPCodeAddOn>3042</sws:ZIPCodeAddOn>]]]]>><![CDATA[</con:entry><con:entry xmlns:con="http://eviware.com/soapui/config"/></xml-fragment>]]></row>
          <row><![CDATA[<xml-fragment><con:entry xmlns:con="http://eviware.com/soapui/config">USPS</con:entry><con:entry xmlns:con="http://eviware.com/soapui/config">US-FCI</con:entry><con:entry xmlns:con="http://eviware.com/soapui/config">Large Envelope or Flat</con:entry><con:entry xmlns:con="http://eviware.com/soapui/config">A1C 2V5</con:entry><con:entry xmlns:con="http://eviware.com/soapui/config"><![CDATA[<sws:Address1>8 Merrymeeting Rd</sws:Address1>             <sws:Address2/>             <sws:City>St John's</sws:City>             <sws:State>NL</sws:State>             <sws:PostalCode>A1C 2V5</sws:PostalCode>             <sws:Country>CA</sws:Country>]]]]>><![CDATA[</con:entry><con:entry xmlns:con="http://eviware.com/soapui/config"/></xml-fragment>]]></row>
          <row><![CDATA[<xml-fragment><con:entry xmlns:con="http://eviware.com/soapui/config">USPS</con:entry><con:entry xmlns:con="http://eviware.com/soapui/config">US-FCI</con:entry><con:entry xmlns:con="http://eviware.com/soapui/config">Package</con:entry><con:entry xmlns:con="http://eviware.com/soapui/config">A1C 2V5</con:entry><con:entry xmlns:con="http://eviware.com/soapui/config"><![CDATA[<sws:Address1>8 Merrymeeting Rd</sws:Address1>             <sws:Address2/>             <sws:City>St John's</sws:City>             <sws:State>NL</sws:State>             <sws:PostalCode>A1C 2V5</sws:PostalCode>             <sws:Country>CA</sws:Country>]]]]>><![CDATA[</con:entry><con:entry xmlns:con="http://eviware.com/soapui/config"/></xml-fragment>]]></row>
          <row><![CDATA[<xml-fragment><con:entry xmlns:con="http://eviware.com/soapui/config">USPS</con:entry><con:entry xmlns:con="http://eviware.com/soapui/config">US-PMI</con:entry><con:entry xmlns:con="http://eviware.com/soapui/config">Large Envelope or Flat</con:entry><con:entry xmlns:con="http://eviware.com/soapui/config">A1C 2V5</con:entry><con:entry xmlns:con="http://eviware.com/soapui/config"><![CDATA[<sws:Address1>8 Merrymeeting Rd</sws:Address1>             <sws:Address2/>             <sws:City>St John's</sws:City>             <sws:State>NL</sws:State>             <sws:PostalCode>A1C 2V5</sws:PostalCode>             <sws:Country>CA</sws:Country>]]]]>><![CDATA[</con:entry><con:entry xmlns:con="http://eviware.com/soapui/config"/></xml-fragment>]]></row>
          <row><![CDATA[<xml-fragment><con:entry xmlns:con="http://eviware.com/soapui/config">USPS</con:entry><con:entry xmlns:con="http://eviware.com/soapui/config">US-PMI</con:entry><con:entry xmlns:con="http://eviware.com/soapui/config">Package</con:entry><con:entry xmlns:con="http://eviware.com/soapui/config">A1C 2V5</con:entry><con:entry xmlns:con="http://eviware.com/soapui/config"><![CDATA[<sws:Address1>8 Merrymeeting Rd</sws:Address1>             <sws:Address2/>             <sws:City>St John's</sws:City>             <sws:State>NL</sws:State>             <sws:PostalCode>A1C 2V5</sws:PostalCode>             <sws:Country>CA</sws:Country>]]]]>><![CDATA[</con:entry><con:entry xmlns:con="http://eviware.com/soapui/config"/></xml-fragment>]]></row>
          <row><![CDATA[<xml-fragment><con:entry xmlns:con="http://eviware.com/soapui/config">USPS</con:entry><con:entry xmlns:con="http://eviware.com/soapui/config">US-PMI</con:entry><con:entry xmlns:con="http://eviware.com/soapui/config">Thick Envelope</con:entry><con:entry xmlns:con="http://eviware.com/soapui/config">A1C 2V5</con:entry><con:entry xmlns:con="http://eviware.com/soapui/config"><![CDATA[<sws:Address1>8 Merrymeeting Rd</sws:Address1>             <sws:Address2/>             <sws:City>St John's</sws:City>             <sws:State>NL</sws:State>             <sws:PostalCode>A1C 2V5</sws:PostalCode>             <sws:Country>CA</sws:Country>]]]]>><![CDATA[</con:entry><con:entry xmlns:con="http://eviware.com/soapui/config"/></xml-fragment>]]></row>
          <row><![CDATA[<xml-fragment><con:entry xmlns:con="http://eviware.com/soapui/config">USPS</con:entry><con:entry xmlns:con="http://eviware.com/soapui/config">US-PMI</con:entry><con:entry xmlns:con="http://eviware.com/soapui/config">Package</con:entry><con:entry xmlns:con="http://eviware.com/soapui/config">A1C 2V5</con:entry><con:entry xmlns:con="http://eviware.com/soapui/config"><![CDATA[<sws:Address1>8 Merrymeeting Rd</sws:Address1>             <sws:Address2/>             <sws:City>St John's</sws:City>             <sws:State>NL</sws:State>             <sws:PostalCode>A1C 2V5</sws:PostalCode>             <sws:Country>CA</sws:Country>]]]]>><![CDATA[</con:entry><con:entry xmlns:con="http://eviware.com/soapui/config"/></xml-fragment>]]></row>
          <row><![CDATA[<xml-fragment><con:entry xmlns:con="http://eviware.com/soapui/config">USPS</con:entry><con:entry xmlns:con="http://eviware.com/soapui/config">US-PM</con:entry><con:entry xmlns:con="http://eviware.com/soapui/config">Large Package</con:entry><con:entry xmlns:con="http://eviware.com/soapui/config">14203</con:entry><con:entry xmlns:con="http://eviware.com/soapui/config"><![CDATA[<sws:Address1>123 MAIN ST</sws:Address1>             <sws:City>BUFFALO</sws:City>             <sws:State>NY</sws:State>             <sws:ZIPCode>14203</sws:ZIPCode>             <sws:ZIPCodeAddOn>3042</sws:ZIPCodeAddOn>]]]]>><![CDATA[</con:entry><con:entry xmlns:con="http://eviware.com/soapui/config"/></xml-fragment>]]></row>
          <row><![CDATA[<xml-fragment><con:entry xmlns:con="http://eviware.com/soapui/config">USPS</con:entry><con:entry xmlns:con="http://eviware.com/soapui/config">US-PM</con:entry><con:entry xmlns:con="http://eviware.com/soapui/config">Legal Flat Rate Envelope</con:entry><con:entry xmlns:con="http://eviware.com/soapui/config">14203</con:entry><con:entry xmlns:con="http://eviware.com/soapui/config"><![CDATA[<sws:Address1>123 MAIN ST</sws:Address1>             <sws:City>BUFFALO</sws:City>             <sws:State>NY</sws:State>             <sws:ZIPCode>14203</sws:ZIPCode>             <sws:ZIPCodeAddOn>3042</sws:ZIPCodeAddOn>]]]]>><![CDATA[</con:entry><con:entry xmlns:con="http://eviware.com/soapui/config"/></xml-fragment>]]></row>
          <row><![CDATA[<xml-fragment><con:entry xmlns:con="http://eviware.com/soapui/config">USPS</con:entry><con:entry xmlns:con="http://eviware.com/soapui/config">US-PM</con:entry><con:entry xmlns:con="http://eviware.com/soapui/config">Flat Rate Envelope</con:entry><con:entry xmlns:con="http://eviware.com/soapui/config">14203</con:entry><con:entry xmlns:con="http://eviware.com/soapui/config"><![CDATA[<sws:Address1>123 MAIN ST</sws:Address1>             <sws:City>BUFFALO</sws:City>             <sws:State>NY</sws:State>             <sws:ZIPCode>14203</sws:ZIPCode>             <sws:ZIPCodeAddOn>3042</sws:ZIPCodeAddOn>]]]]>><![CDATA[</con:entry><con:entry xmlns:con="http://eviware.com/soapui/config"/></xml-fragment>]]></row>
          <row><![CDATA[<xml-fragment><con:entry xmlns:con="http://eviware.com/soapui/config">USPS</con:entry><con:entry xmlns:con="http://eviware.com/soapui/config">US-PM</con:entry><con:entry xmlns:con="http://eviware.com/soapui/config">Small Flat Rate Box</con:entry><con:entry xmlns:con="http://eviware.com/soapui/config">14203</con:entry><con:entry xmlns:con="http://eviware.com/soapui/config"><![CDATA[<sws:Address1>123 MAIN ST</sws:Address1>             <sws:City>BUFFALO</sws:City>             <sws:State>NY</sws:State>             <sws:ZIPCode>14203</sws:ZIPCode>             <sws:ZIPCodeAddOn>3042</sws:ZIPCodeAddOn>]]]]>><![CDATA[</con:entry><con:entry xmlns:con="http://eviware.com/soapui/config"/></xml-fragment>]]></row>
          <row><![CDATA[<xml-fragment><con:entry xmlns:con="http://eviware.com/soapui/config">USPS</con:entry><con:entry xmlns:con="http://eviware.com/soapui/config">US-PM</con:entry><con:entry xmlns:con="http://eviware.com/soapui/config">Flat Rate Box</con:entry><con:entry xmlns:con="http://eviware.com/soapui/config">14203</con:entry><con:entry xmlns:con="http://eviware.com/soapui/config"><![CDATA[<sws:Address1>123 MAIN ST</sws:Address1>             <sws:City>BUFFALO</sws:City>             <sws:State>NY</sws:State>             <sws:ZIPCode>14203</sws:ZIPCode>             <sws:ZIPCodeAddOn>3042</sws:ZIPCodeAddOn>]]]]>><![CDATA[</con:entry><con:entry xmlns:con="http://eviware.com/soapui/config"/></xml-fragment>]]></row>
          <row><![CDATA[<xml-fragment><con:entry xmlns:con="http://eviware.com/soapui/config">USPS</con:entry><con:entry xmlns:con="http://eviware.com/soapui/config">US-PM</con:entry><con:entry xmlns:con="http://eviware.com/soapui/config">Large Flat Rate Box</con:entry><con:entry xmlns:con="http://eviware.com/soapui/config">14203</con:entry><con:entry xmlns:con="http://eviware.com/soapui/config"><![CDATA[<sws:Address1>123 MAIN ST</sws:Address1>             <sws:City>BUFFALO</sws:City>             <sws:State>NY</sws:State>             <sws:ZIPCode>14203</sws:ZIPCode>             <sws:ZIPCodeAddOn>3042</sws:ZIPCodeAddOn>]]]]>><![CDATA[</con:entry><con:entry xmlns:con="http://eviware.com/soapui/config"/></xml-fragment>]]></row>
          <row><![CDATA[<xml-fragment><con:entry xmlns:con="http://eviware.com/soapui/config">USPS</con:entry><con:entry xmlns:con="http://eviware.com/soapui/config">US-PM</con:entry><con:entry xmlns:con="http://eviware.com/soapui/config">Flat Rate Padded Envelope</con:entry><con:entry xmlns:con="http://eviware.com/soapui/config">14203</con:entry><con:entry xmlns:con="http://eviware.com/soapui/config"><![CDATA[<sws:Address1>123 MAIN ST</sws:Address1>             <sws:City>BUFFALO</sws:City>             <sws:State>NY</sws:State>             <sws:ZIPCode>14203</sws:ZIPCode>             <sws:ZIPCodeAddOn>3042</sws:ZIPCodeAddOn>]]]]>><![CDATA[</con:entry><con:entry xmlns:con="http://eviware.com/soapui/config"/></xml-fragment>]]></row>
          <row><![CDATA[<xml-fragment><con:entry xmlns:con="http://eviware.com/soapui/config">USPS</con:entry><con:entry xmlns:con="http://eviware.com/soapui/config">US-PM</con:entry><con:entry xmlns:con="http://eviware.com/soapui/config">Regional Rate Box A</con:entry><con:entry xmlns:con="http://eviware.com/soapui/config">14203</con:entry><con:entry xmlns:con="http://eviware.com/soapui/config"><![CDATA[<sws:Address1>123 MAIN ST</sws:Address1>             <sws:City>BUFFALO</sws:City>             <sws:State>NY</sws:State>             <sws:ZIPCode>14203</sws:ZIPCode>             <sws:ZIPCodeAddOn>3042</sws:ZIPCodeAddOn>]]]]>><![CDATA[</con:entry><con:entry xmlns:con="http://eviware.com/soapui/config"/></xml-fragment>]]></row>
          <row><![CDATA[<xml-fragment><con:entry xmlns:con="http://eviware.com/soapui/config">USPS</con:entry><con:entry xmlns:con="http://eviware.com/soapui/config">US-PM</con:entry><con:entry xmlns:con="http://eviware.com/soapui/config">Regional Rate Box B</con:entry><con:entry xmlns:con="http://eviware.com/soapui/config">14203</con:entry><con:entry xmlns:con="http://eviware.com/soapui/config"><![CDATA[<sws:Address1>123 MAIN ST</sws:Address1>             <sws:City>BUFFALO</sws:City>             <sws:State>NY</sws:State>             <sws:ZIPCode>14203</sws:ZIPCode>             <sws:ZIPCodeAddOn>3042</sws:ZIPCodeAddOn>]]]]>><![CDATA[</con:entry><con:entry xmlns:con="http://eviware.com/soapui/config"/></xml-fragment>]]></row>
          <row><![CDATA[<xml-fragment><con:entry xmlns:con="http://eviware.com/soapui/config">USPS</con:entry><con:entry xmlns:con="http://eviware.com/soapui/config">US-PM</con:entry><con:entry xmlns:con="http://eviware.com/soapui/config">Large Envelope or Flat</con:entry><con:entry xmlns:con="http://eviware.com/soapui/config">14203</con:entry><con:entry xmlns:con="http://eviware.com/soapui/config"><![CDATA[<sws:Address1>123 MAIN ST</sws:Address1>             <sws:City>BUFFALO</sws:City>             <sws:State>NY</sws:State>             <sws:ZIPCode>14203</sws:ZIPCode>             <sws:ZIPCodeAddOn>3042</sws:ZIPCodeAddOn>]]]]>><![CDATA[</con:entry><con:entry xmlns:con="http://eviware.com/soapui/config"/></xml-fragment>]]></row>
          <row><![CDATA[<xml-fragment><con:entry xmlns:con="http://eviware.com/soapui/config">USPS</con:entry><con:entry xmlns:con="http://eviware.com/soapui/config">US-PM</con:entry><con:entry xmlns:con="http://eviware.com/soapui/config">Package</con:entry><con:entry xmlns:con="http://eviware.com/soapui/config">14203</con:entry><con:entry xmlns:con="http://eviware.com/soapui/config"><![CDATA[<sws:Address1>123 MAIN ST</sws:Address1>             <sws:City>BUFFALO</sws:City>             <sws:State>NY</sws:State>             <sws:ZIPCode>14203</sws:ZIPCode>             <sws:ZIPCodeAddOn>3042</sws:ZIPCodeAddOn>]]]]>><![CDATA[</con:entry><con:entry xmlns:con="http://eviware.com/soapui/config"/></xml-fragment>]]></row>
          <row><![CDATA[<xml-fragment><con:entry xmlns:con="http://eviware.com/soapui/config">USPS</con:entry><con:entry xmlns:con="http://eviware.com/soapui/config">US-MM</con:entry><con:entry xmlns:con="http://eviware.com/soapui/config">Package</con:entry><con:entry xmlns:con="http://eviware.com/soapui/config">14203</con:entry><con:entry xmlns:con="http://eviware.com/soapui/config"><![CDATA[<sws:Address1>123 MAIN ST</sws:Address1>             <sws:City>BUFFALO</sws:City>             <sws:State>NY</sws:State>             <sws:ZIPCode>14203</sws:ZIPCode>             <sws:ZIPCodeAddOn>3042</sws:ZIPCodeAddOn>]]]]>><![CDATA[</con:entry><con:entry xmlns:con="http://eviware.com/soapui/config"/></xml-fragment>]]></row>
          <row><![CDATA[<xml-fragment><con:entry xmlns:con="http://eviware.com/soapui/config">USPS</con:entry><con:entry xmlns:con="http://eviware.com/soapui/config">US-MM</con:entry><con:entry xmlns:con="http://eviware.com/soapui/config">Thick Envelope</con:entry><con:entry xmlns:con="http://eviware.com/soapui/config">14203</con:entry><con:entry xmlns:con="http://eviware.com/soapui/config"><![CDATA[<sws:Address1>123 MAIN ST</sws:Address1>             <sws:City>BUFFALO</sws:City>             <sws:State>NY</sws:State>             <sws:ZIPCode>14203</sws:ZIPCode>             <sws:ZIPCodeAddOn>3042</sws:ZIPCodeAddOn>]]]]>><![CDATA[</con:entry><con:entry xmlns:con="http://eviware.com/soapui/config"/></xml-fragment>]]></row>
          <row><![CDATA[<xml-fragment><con:entry xmlns:con="http://eviware.com/soapui/config">USPS</con:entry><con:entry xmlns:con="http://eviware.com/soapui/config">US-XM</con:entry><con:entry xmlns:con="http://eviware.com/soapui/config">Package</con:entry><con:entry xmlns:con="http://eviware.com/soapui/config">14203</con:entry><con:entry xmlns:con="http://eviware.com/soapui/config"><![CDATA[<sws:Address1>123 MAIN ST</sws:Address1>             <sws:City>BUFFALO</sws:City>             <sws:State>NY</sws:State>             <sws:ZIPCode>14203</sws:ZIPCode>             <sws:ZIPCodeAddOn>3042</sws:ZIPCodeAddOn>]]]]>><![CDATA[</con:entry><con:entry xmlns:con="http://eviware.com/soapui/config"/></xml-fragment>]]></row>
          <row><![CDATA[<xml-fragment><con:entry xmlns:con="http://eviware.com/soapui/config">USPS</con:entry><con:entry xmlns:con="http://eviware.com/soapui/config">US-XM</con:entry><con:entry xmlns:con="http://eviware.com/soapui/config">Large Package</con:entry><con:entry xmlns:con="http://eviware.com/soapui/config">14203</con:entry><con:entry xmlns:con="http://eviware.com/soapui/config"><![CDATA[<sws:Address1>123 MAIN ST</sws:Address1>             <sws:City>BUFFALO</sws:City>             <sws:State>NY</sws:State>             <sws:ZIPCode>14203</sws:ZIPCode>             <sws:ZIPCodeAddOn>3042</sws:ZIPCodeAddOn>]]]]>><![CDATA[</con:entry><con:entry xmlns:con="http://eviware.com/soapui/config"/></xml-fragment>]]></row>
          <row><![CDATA[<xml-fragment><con:entry xmlns:con="http://eviware.com/soapui/config">USPS</con:entry><con:entry xmlns:con="http://eviware.com/soapui/config">US-XM</con:entry><con:entry xmlns:con="http://eviware.com/soapui/config">Thick Envelope</con:entry><con:entry xmlns:con="http://eviware.com/soapui/config">14203</con:entry><con:entry xmlns:con="http://eviware.com/soapui/config"><![CDATA[<sws:Address1>123 MAIN ST</sws:Address1>             <sws:City>BUFFALO</sws:City>             <sws:State>NY</sws:State>             <sws:ZIPCode>14203</sws:ZIPCode>             <sws:ZIPCodeAddOn>3042</sws:ZIPCodeAddOn>]]]]>><![CDATA[</con:entry><con:entry xmlns:con="http://eviware.com/soapui/config"/></xml-fragment>]]></row>
          <row><![CDATA[<xml-fragment><con:entry xmlns:con="http://eviware.com/soapui/config">USPS</con:entry><con:entry xmlns:con="http://eviware.com/soapui/config">US-XM</con:entry><con:entry xmlns:con="http://eviware.com/soapui/config">Flat Rate Envelope</con:entry><con:entry xmlns:con="http://eviware.com/soapui/config">14203</con:entry><con:entry xmlns:con="http://eviware.com/soapui/config"><![CDATA[<sws:Address1>123 MAIN ST</sws:Address1>             <sws:City>BUFFALO</sws:City>             <sws:State>NY</sws:State>             <sws:ZIPCode>14203</sws:ZIPCode>             <sws:ZIPCodeAddOn>3042</sws:ZIPCodeAddOn>]]]]>><![CDATA[</con:entry><con:entry xmlns:con="http://eviware.com/soapui/config"/></xml-fragment>]]></row>
          <row><![CDATA[<xml-fragment><con:entry xmlns:con="http://eviware.com/soapui/config">USPS</con:entry><con:entry xmlns:con="http://eviware.com/soapui/config">US-XM</con:entry><con:entry xmlns:con="http://eviware.com/soapui/config">Legal Flat Rate Envelope</con:entry><con:entry xmlns:con="http://eviware.com/soapui/config">14203</con:entry><con:entry xmlns:con="http://eviware.com/soapui/config"><![CDATA[<sws:Address1>123 MAIN ST</sws:Address1>             <sws:City>BUFFALO</sws:City>             <sws:State>NY</sws:State>             <sws:ZIPCode>14203</sws:ZIPCode>             <sws:ZIPCodeAddOn>3042</sws:ZIPCodeAddOn>]]]]>><![CDATA[</con:entry><con:entry xmlns:con="http://eviware.com/soapui/config"/></xml-fragment>]]></row>
          <row><![CDATA[<xml-fragment><con:entry xmlns:con="http://eviware.com/soapui/config">USPS</con:entry><con:entry xmlns:con="http://eviware.com/soapui/config">US-XM</con:entry><con:entry xmlns:con="http://eviware.com/soapui/config">Flat Rate Padded Envelope</con:entry><con:entry xmlns:con="http://eviware.com/soapui/config">14203</con:entry><con:entry xmlns:con="http://eviware.com/soapui/config"><![CDATA[<sws:Address1>123 MAIN ST</sws:Address1>             <sws:City>BUFFALO</sws:City>             <sws:State>NY</sws:State>             <sws:ZIPCode>14203</sws:ZIPCode>             <sws:ZIPCodeAddOn>3042</sws:ZIPCodeAddOn>]]]]>><![CDATA[</con:entry><con:entry xmlns:con="http://eviware.com/soapui/config"/></xml-fragment>]]></row>
          <row><![CDATA[<xml-fragment><con:entry xmlns:con="http://eviware.com/soapui/config">USPS</con:entry><con:entry xmlns:con="http://eviware.com/soapui/config">US-PMI</con:entry><con:entry xmlns:con="http://eviware.com/soapui/config">Small Flat Rate Box</con:entry><con:entry xmlns:con="http://eviware.com/soapui/config">A1C 2V5</con:entry><con:entry xmlns:con="http://eviware.com/soapui/config"><![CDATA[<sws:Address1>8 Merrymeeting Rd</sws:Address1>             <sws:Address2/>             <sws:City>St John's</sws:City>             <sws:State>NL</sws:State>             <sws:PostalCode>A1C 2V5</sws:PostalCode>             <sws:Country>CA</sws:Country>]]]]>><![CDATA[</con:entry><con:entry xmlns:con="http://eviware.com/soapui/config"/></xml-fragment>]]></row>
          <row><![CDATA[<xml-fragment><con:entry xmlns:con="http://eviware.com/soapui/config">USPS</con:entry><con:entry xmlns:con="http://eviware.com/soapui/config">US-PMI</con:entry><con:entry xmlns:con="http://eviware.com/soapui/config">Large Flat Rate Box</con:entry><con:entry xmlns:con="http://eviware.com/soapui/config">A1C 2V5</con:entry><con:entry xmlns:con="http://eviware.com/soapui/config"><![CDATA[<sws:Address1>8 Merrymeeting Rd</sws:Address1>             <sws:Address2/>             <sws:City>St John's</sws:City>             <sws:State>NL</sws:State>             <sws:PostalCode>A1C 2V5</sws:PostalCode>             <sws:Country>CA</sws:Country>]]]]>><![CDATA[</con:entry><con:entry xmlns:con="http://eviware.com/soapui/config"/></xml-fragment>]]></row>
          <row><![CDATA[<xml-fragment><con:entry xmlns:con="http://eviware.com/soapui/config">USPS</con:entry><con:entry xmlns:con="http://eviware.com/soapui/config">US-PMI</con:entry><con:entry xmlns:con="http://eviware.com/soapui/config">Legal Flat Rate Envelope</con:entry><con:entry xmlns:con="http://eviware.com/soapui/config">A1C 2V5</con:entry><con:entry xmlns:con="http://eviware.com/soapui/config"><![CDATA[<sws:Address1>8 Merrymeeting Rd</sws:Address1>             <sws:Address2/>             <sws:City>St John's</sws:City>             <sws:State>NL</sws:State>             <sws:PostalCode>A1C 2V5</sws:PostalCode>             <sws:Country>CA</sws:Country>]]]]>><![CDATA[</con:entry><con:entry xmlns:con="http://eviware.com/soapui/config"/></xml-fragment>]]></row>
          <row><![CDATA[<xml-fragment><con:entry xmlns:con="http://eviware.com/soapui/config">USPS</con:entry><con:entry xmlns:con="http://eviware.com/soapui/config">US-PMI</con:entry><con:entry xmlns:con="http://eviware.com/soapui/config">Flat Rate Padded Envelope</con:entry><con:entry xmlns:con="http://eviware.com/soapui/config">A1C 2V5</con:entry><con:entry xmlns:con="http://eviware.com/soapui/config"><![CDATA[<sws:Address1>8 Merrymeeting Rd</sws:Address1>             <sws:Address2/>             <sws:City>St John's</sws:City>             <sws:State>NL</sws:State>             <sws:PostalCode>A1C 2V5</sws:PostalCode>             <sws:Country>CA</sws:Country>]]]]>><![CDATA[</con:entry><con:entry xmlns:con="http://eviware.com/soapui/config"/></xml-fragment>]]></row>
          <row><![CDATA[<xml-fragment><con:entry xmlns:con="http://eviware.com/soapui/config">USPS</con:entry><con:entry xmlns:con="http://eviware.com/soapui/config">US-PMI</con:entry><con:entry xmlns:con="http://eviware.com/soapui/config">Flat Rate Box</con:entry><con:entry xmlns:con="http://eviware.com/soapui/config">A1C 2V5</con:entry><con:entry xmlns:con="http://eviware.com/soapui/config"><![CDATA[<sws:Address1>8 Merrymeeting Rd</sws:Address1>             <sws:Address2/>             <sws:City>St John's</sws:City>             <sws:State>NL</sws:State>             <sws:PostalCode>A1C 2V5</sws:PostalCode>             <sws:Country>CA</sws:Country>]]]]>><![CDATA[</con:entry><con:entry xmlns:con="http://eviware.com/soapui/config"/></xml-fragment>]]></row>
          <row><![CDATA[<xml-fragment><con:entry xmlns:con="http://eviware.com/soapui/config">USPS</con:entry><con:entry xmlns:con="http://eviware.com/soapui/config">US-EMI</con:entry><con:entry xmlns:con="http://eviware.com/soapui/config">Package</con:entry><con:entry xmlns:con="http://eviware.com/soapui/config">A1C 2V5</con:entry><con:entry xmlns:con="http://eviware.com/soapui/config"><![CDATA[<sws:Address1>8 Merrymeeting Rd</sws:Address1>             <sws:Address2/>             <sws:City>St John's</sws:City>             <sws:State>NL</sws:State>             <sws:PostalCode>A1C 2V5</sws:PostalCode>             <sws:Country>CA</sws:Country>]]]]>><![CDATA[</con:entry><con:entry xmlns:con="http://eviware.com/soapui/config"/></xml-fragment>]]></row>
          <row><![CDATA[<xml-fragment><con:entry xmlns:con="http://eviware.com/soapui/config">USPS</con:entry><con:entry xmlns:con="http://eviware.com/soapui/config">US-EMI</con:entry><con:entry xmlns:con="http://eviware.com/soapui/config">Thick Envelope</con:entry><con:entry xmlns:con="http://eviware.com/soapui/config">A1C 2V5</con:entry><con:entry xmlns:con="http://eviware.com/soapui/config"><![CDATA[<sws:Address1>8 Merrymeeting Rd</sws:Address1>             <sws:Address2/>             <sws:City>St John's</sws:City>             <sws:State>NL</sws:State>             <sws:PostalCode>A1C 2V5</sws:PostalCode>             <sws:Country>CA</sws:Country>]]]]>><![CDATA[</con:entry><con:entry xmlns:con="http://eviware.com/soapui/config"/></xml-fragment>]]></row>
          <row><![CDATA[<xml-fragment><con:entry xmlns:con="http://eviware.com/soapui/config">USPS</con:entry><con:entry xmlns:con="http://eviware.com/soapui/config">US-EMI</con:entry><con:entry xmlns:con="http://eviware.com/soapui/config">Legal Flat Rate Envelope</con:entry><con:entry xmlns:con="http://eviware.com/soapui/config">A1C 2V5</con:entry><con:entry xmlns:con="http://eviware.com/soapui/config"><![CDATA[<sws:Address1>8 Merrymeeting Rd</sws:Address1>             <sws:Address2/>             <sws:City>St John's</sws:City>             <sws:State>NL</sws:State>             <sws:PostalCode>A1C 2V5</sws:PostalCode>             <sws:Country>CA</sws:Country>]]]]>><![CDATA[</con:entry><con:entry xmlns:con="http://eviware.com/soapui/config"/></xml-fragment>]]></row>
          <row><![CDATA[<xml-fragment><con:entry xmlns:con="http://eviware.com/soapui/config">USPS</con:entry><con:entry xmlns:con="http://eviware.com/soapui/config">US-EMI</con:entry><con:entry xmlns:con="http://eviware.com/soapui/config">Flat Rate Envelope</con:entry><con:entry xmlns:con="http://eviware.com/soapui/config">A1C 2V5</con:entry><con:entry xmlns:con="http://eviware.com/soapui/config"><![CDATA[<sws:Address1>8 Merrymeeting Rd</sws:Address1>             <sws:Address2/>             <sws:City>St John's</sws:City>             <sws:State>NL</sws:State>             <sws:PostalCode>A1C 2V5</sws:PostalCode>             <sws:Country>CA</sws:Country>]]]]>><![CDATA[</con:entry><con:entry xmlns:con="http://eviware.com/soapui/config"/></xml-fragment>]]></row>
          <row><![CDATA[<xml-fragment><con:entry xmlns:con="http://eviware.com/soapui/config">USPS</con:entry><con:entry xmlns:con="http://eviware.com/soapui/config">US-EMI</con:entry><con:entry xmlns:con="http://eviware.com/soapui/config">Flat Rate Padded Envelope</con:entry><con:entry xmlns:con="http://eviware.com/soapui/config">A1C 2V5</con:entry><con:entry xmlns:con="http://eviware.com/soapui/config"><![CDATA[<sws:Address1>8 Merrymeeting Rd</sws:Address1>             <sws:Address2/>             <sws:City>St John's</sws:City>             <sws:State>NL</sws:State>             <sws:PostalCode>A1C 2V5</sws:PostalCode>             <sws:Country>CA</sws:Country>]]]]>><![CDATA[</con:entry><con:entry xmlns:con="http://eviware.com/soapui/config"/></xml-fragment>]]></row>
          <row><![CDATA[<xml-fragment><con:entry xmlns:con="http://eviware.com/soapui/config">USPS</con:entry><con:entry xmlns:con="http://eviware.com/soapui/config">US-FC</con:entry><con:entry xmlns:con="http://eviware.com/soapui/config">Package</con:entry><con:entry xmlns:con="http://eviware.com/soapui/config">14203</con:entry><con:entry xmlns:con="http://eviware.com/soapui/config"><![CDATA[<sws:Address1>123 MAIN ST</sws:Address1>             <sws:City>BUFFALO</sws:City>             <sws:State>NY</sws:State>             <sws:ZIPCode>14203</sws:ZIPCode>             <sws:ZIPCodeAddOn>3042</sws:ZIPCodeAddOn>]]]]>><![CDATA[</con:entry><con:entry xmlns:con="http://eviware.com/soapui/config"/></xml-fragment>]]></row>
          <row><![CDATA[<xml-fragment><con:entry xmlns:con="http://eviware.com/soapui/config">USPS</con:entry><con:entry xmlns:con="http://eviware.com/soapui/config">US-FC</con:entry><con:entry xmlns:con="http://eviware.com/soapui/config">Large Envelope or Flat</con:entry><con:entry xmlns:con="http://eviware.com/soapui/config">14203</con:entry><con:entry xmlns:con="http://eviware.com/soapui/config"><![CDATA[<sws:Address1>123 MAIN ST</sws:Address1>             <sws:City>BUFFALO</sws:City>             <sws:State>NY</sws:State>             <sws:ZIPCode>14203</sws:ZIPCode>             <sws:ZIPCodeAddOn>3042</sws:ZIPCodeAddOn>]]]]>><![CDATA[</con:entry><con:entry xmlns:con="http://eviware.com/soapui/config"/></xml-fragment>]]></row>
          <row><![CDATA[<xml-fragment><con:entry xmlns:con="http://eviware.com/soapui/config">USPS</con:entry><con:entry xmlns:con="http://eviware.com/soapui/config">US-FC</con:entry><con:entry xmlns:con="http://eviware.com/soapui/config">Thick Envelope</con:entry><con:entry xmlns:con="http://eviware.com/soapui/config">14203</con:entry><con:entry xmlns:con="http://eviware.com/soapui/config"><![CDATA[<sws:Address1>123 MAIN ST</sws:Address1>             <sws:City>BUFFALO</sws:City>             <sws:State>NY</sws:State>             <sws:ZIPCode>14203</sws:ZIPCode>             <sws:ZIPCodeAddOn>3042</sws:ZIPCodeAddOn>]]]]>><![CDATA[</con:entry><con:entry xmlns:con="http://eviware.com/soapui/config"/></xml-fragment>]]></row>
          <row><![CDATA[<xml-fragment><con:entry xmlns:con="http://eviware.com/soapui/config">USPS</con:entry><con:entry xmlns:con="http://eviware.com/soapui/config">US-PS</con:entry><con:entry xmlns:con="http://eviware.com/soapui/config">Package</con:entry><con:entry xmlns:con="http://eviware.com/soapui/config">14203</con:entry><con:entry xmlns:con="http://eviware.com/soapui/config"><![CDATA[<sws:Address1>123 MAIN ST</sws:Address1>             <sws:City>BUFFALO</sws:City>             <sws:State>NY</sws:State>             <sws:ZIPCode>14203</sws:ZIPCode>             <sws:ZIPCodeAddOn>3042</sws:ZIPCodeAddOn>]]]]>><![CDATA[</con:entry><con:entry xmlns:con="http://eviware.com/soapui/config"/></xml-fragment>]]></row>
          <row><![CDATA[<xml-fragment><con:entry xmlns:con="http://eviware.com/soapui/config">USPS</con:entry><con:entry xmlns:con="http://eviware.com/soapui/config">US-PS</con:entry><con:entry xmlns:con="http://eviware.com/soapui/config">Large Package</con:entry><con:entry xmlns:con="http://eviware.com/soapui/config">14203</con:entry><con:entry xmlns:con="http://eviware.com/soapui/config"><![CDATA[<sws:Address1>123 MAIN ST</sws:Address1>             <sws:City>BUFFALO</sws:City>             <sws:State>NY</sws:State>             <sws:ZIPCode>14203</sws:ZIPCode>             <sws:ZIPCodeAddOn>3042</sws:ZIPCodeAddOn>]]]]>><![CDATA[</con:entry><con:entry xmlns:con="http://eviware.com/soapui/config"/></xml-fragment>]]></row>
          <row><![CDATA[<xml-fragment><con:entry xmlns:con="http://eviware.com/soapui/config">USPS</con:entry><con:entry xmlns:con="http://eviware.com/soapui/config">US-PS</con:entry><con:entry xmlns:con="http://eviware.com/soapui/config">Oversized Package</con:entry><con:entry xmlns:con="http://eviware.com/soapui/config">14203</con:entry><con:entry xmlns:con="http://eviware.com/soapui/config"><![CDATA[<sws:Address1>123 MAIN ST</sws:Address1>             <sws:City>BUFFALO</sws:City>             <sws:State>NY</sws:State>             <sws:ZIPCode>14203</sws:ZIPCode>             <sws:ZIPCodeAddOn>3042</sws:ZIPCodeAddOn>]]]]>><![CDATA[</con:entry><con:entry xmlns:con="http://eviware.com/soapui/config"/></xml-fragment>]]></row>
          <row><![CDATA[<xml-fragment><con:entry xmlns:con="http://eviware.com/soapui/config">USPS</con:entry><con:entry xmlns:con="http://eviware.com/soapui/config">US-LM</con:entry><con:entry xmlns:con="http://eviware.com/soapui/config">Package</con:entry><con:entry xmlns:con="http://eviware.com/soapui/config">14203</con:entry><con:entry xmlns:con="http://eviware.com/soapui/config"><![CDATA[<sws:Address1>123 MAIN ST</sws:Address1>             <sws:City>BUFFALO</sws:City>             <sws:State>NY</sws:State>             <sws:ZIPCode>14203</sws:ZIPCode>             <sws:ZIPCodeAddOn>3042</sws:ZIPCodeAddOn>]]]]>><![CDATA[</con:entry><con:entry xmlns:con="http://eviware.com/soapui/config"/></xml-fragment>]]></row>
          <row><![CDATA[<xml-fragment><con:entry xmlns:con="http://eviware.com/soapui/config">USPS</con:entry><con:entry xmlns:con="http://eviware.com/soapui/config">US-FCI</con:entry><con:entry xmlns:con="http://eviware.com/soapui/config">Large Envelope or Flat</con:entry><con:entry xmlns:con="http://eviware.com/soapui/config">A1C 2V5</con:entry><con:entry xmlns:con="http://eviware.com/soapui/config"><![CDATA[<sws:Address1>8 Merrymeeting Rd</sws:Address1>             <sws:Address2/>             <sws:City>St John's</sws:City>             <sws:State>NL</sws:State>             <sws:PostalCode>A1C 2V5</sws:PostalCode>             <sws:Country>CA</sws:Country>]]]]>><![CDATA[</con:entry><con:entry xmlns:con="http://eviware.com/soapui/config"/></xml-fragment>]]></row>
          <row><![CDATA[<xml-fragment><con:entry xmlns:con="http://eviware.com/soapui/config">USPS</con:entry><con:entry xmlns:con="http://eviware.com/soapui/config">US-FCI</con:entry><con:entry xmlns:con="http://eviware.com/soapui/config">Package</con:entry><con:entry xmlns:con="http://eviware.com/soapui/config">A1C 2V5</con:entry><con:entry xmlns:con="http://eviware.com/soapui/config"><![CDATA[<sws:Address1>8 Merrymeeting Rd</sws:Address1>             <sws:Address2/>             <sws:City>St John's</sws:City>             <sws:State>NL</sws:State>             <sws:PostalCode>A1C 2V5</sws:PostalCode>             <sws:Country>CA</sws:Country>]]]]>><![CDATA[</con:entry><con:entry xmlns:con="http://eviware.com/soapui/config"/></xml-fragment>]]></row>
          <row><![CDATA[<xml-fragment><con:entry xmlns:con="http://eviware.com/soapui/config">USPS</con:entry><con:entry xmlns:con="http://eviware.com/soapui/config">US-PMI</con:entry><con:entry xmlns:con="http://eviware.com/soapui/config">Large Envelope or Flat</con:entry><con:entry xmlns:con="http://eviware.com/soapui/config">A1C 2V5</con:entry><con:entry xmlns:con="http://eviware.com/soapui/config"><![CDATA[<sws:Address1>8 Merrymeeting Rd</sws:Address1>             <sws:Address2/>             <sws:City>St John's</sws:City>             <sws:State>NL</sws:State>             <sws:PostalCode>A1C 2V5</sws:PostalCode>             <sws:Country>CA</sws:Country>]]]]>><![CDATA[</con:entry><con:entry xmlns:con="http://eviware.com/soapui/config"/></xml-fragment>]]></row>
          <row><![CDATA[<xml-fragment><con:entry xmlns:con="http://eviware.com/soapui/config">USPS</con:entry><con:entry xmlns:con="http://eviware.com/soapui/config">US-PMI</con:entry><con:entry xmlns:con="http://eviware.com/soapui/config">Package</con:entry><con:entry xmlns:con="http://eviware.com/soapui/config">A1C 2V5</con:entry><con:entry xmlns:con="http://eviware.com/soapui/config"><![CDATA[<sws:Address1>8 Merrymeeting Rd</sws:Address1>             <sws:Address2/>             <sws:City>St John's</sws:City>             <sws:State>NL</sws:State>             <sws:PostalCode>A1C 2V5</sws:PostalCode>             <sws:Country>CA</sws:Country>]]]]>><![CDATA[</con:entry><con:entry xmlns:con="http://eviware.com/soapui/config"/></xml-fragment>]]></row>
          <row><![CDATA[<xml-fragment><con:entry xmlns:con="http://eviware.com/soapui/config">USPS</con:entry><con:entry xmlns:con="http://eviware.com/soapui/config">US-PMI</con:entry><con:entry xmlns:con="http://eviware.com/soapui/config">Thick Envelope</con:entry><con:entry xmlns:con="http://eviware.com/soapui/config">A1C 2V5</con:entry><con:entry xmlns:con="http://eviware.com/soapui/config"><![CDATA[<sws:Address1>8 Merrymeeting Rd</sws:Address1>             <sws:Address2/>             <sws:City>St John's</sws:City>             <sws:State>NL</sws:State>             <sws:PostalCode>A1C 2V5</sws:PostalCode>             <sws:Country>CA</sws:Country>]]]]>><![CDATA[</con:entry><con:entry xmlns:con="http://eviware.com/soapui/config"/></xml-fragment>]]></row>
          <row><![CDATA[<xml-fragment><con:entry xmlns:con="http://eviware.com/soapui/config">USPS</con:entry><con:entry xmlns:con="http://eviware.com/soapui/config">US-PMI</con:entry><con:entry xmlns:con="http://eviware.com/soapui/config">Package</con:entry><con:entry xmlns:con="http://eviware.com/soapui/config">A1C 2V5</con:entry><con:entry xmlns:con="http://eviware.com/soapui/config"><![CDATA[<sws:Address1>8 Merrymeeting Rd</sws:Address1>             <sws:Address2/>             <sws:City>St John's</sws:City>             <sws:State>NL</sws:State>             <sws:PostalCode>A1C 2V5</sws:PostalCode>             <sws:Country>CA</sws:Country>]]]]>><![CDATA[</con:entry><con:entry xmlns:con="http://eviware.com/soapui/config"/></xml-fragment>]]></row>
          <row><![CDATA[<xml-fragment><con:entry xmlns:con="http://eviware.com/soapui/config">USPS</con:entry><con:entry xmlns:con="http://eviware.com/soapui/config">US-PM</con:entry><con:entry xmlns:con="http://eviware.com/soapui/config">Large Package</con:entry><con:entry xmlns:con="http://eviware.com/soapui/config">14203</con:entry><con:entry xmlns:con="http://eviware.com/soapui/config"><![CDATA[<sws:Address1>123 MAIN ST</sws:Address1>             <sws:City>BUFFALO</sws:City>             <sws:State>NY</sws:State>             <sws:ZIPCode>14203</sws:ZIPCode>             <sws:ZIPCodeAddOn>3042</sws:ZIPCodeAddOn>]]]]>><![CDATA[</con:entry><con:entry xmlns:con="http://eviware.com/soapui/config"/></xml-fragment>]]></row>
          <row><![CDATA[<xml-fragment><con:entry xmlns:con="http://eviware.com/soapui/config">USPS</con:entry><con:entry xmlns:con="http://eviware.com/soapui/config">US-PM</con:entry><con:entry xmlns:con="http://eviware.com/soapui/config">Legal Flat Rate Envelope</con:entry><con:entry xmlns:con="http://eviware.com/soapui/config">14203</con:entry><con:entry xmlns:con="http://eviware.com/soapui/config"><![CDATA[<sws:Address1>123 MAIN ST</sws:Address1>             <sws:City>BUFFALO</sws:City>             <sws:State>NY</sws:State>             <sws:ZIPCode>14203</sws:ZIPCode>             <sws:ZIPCodeAddOn>3042</sws:ZIPCodeAddOn>]]]]>><![CDATA[</con:entry><con:entry xmlns:con="http://eviware.com/soapui/config"/></xml-fragment>]]></row>
          <row><![CDATA[<xml-fragment><con:entry xmlns:con="http://eviware.com/soapui/config">USPS</con:entry><con:entry xmlns:con="http://eviware.com/soapui/config">US-PM</con:entry><con:entry xmlns:con="http://eviware.com/soapui/config">Flat Rate Envelope</con:entry><con:entry xmlns:con="http://eviware.com/soapui/config">14203</con:entry><con:entry xmlns:con="http://eviware.com/soapui/config"><![CDATA[<sws:Address1>123 MAIN ST</sws:Address1>             <sws:City>BUFFALO</sws:City>             <sws:State>NY</sws:State>             <sws:ZIPCode>14203</sws:ZIPCode>             <sws:ZIPCodeAddOn>3042</sws:ZIPCodeAddOn>]]]]>><![CDATA[</con:entry><con:entry xmlns:con="http://eviware.com/soapui/config"/></xml-fragment>]]></row>
          <row><![CDATA[<xml-fragment><con:entry xmlns:con="http://eviware.com/soapui/config">USPS</con:entry><con:entry xmlns:con="http://eviware.com/soapui/config">US-PM</con:entry><con:entry xmlns:con="http://eviware.com/soapui/config">Small Flat Rate Box</con:entry><con:entry xmlns:con="http://eviware.com/soapui/config">14203</con:entry><con:entry xmlns:con="http://eviware.com/soapui/config"><![CDATA[<sws:Address1>123 MAIN ST</sws:Address1>             <sws:City>BUFFALO</sws:City>             <sws:State>NY</sws:State>             <sws:ZIPCode>14203</sws:ZIPCode>             <sws:ZIPCodeAddOn>3042</sws:ZIPCodeAddOn>]]]]>><![CDATA[</con:entry><con:entry xmlns:con="http://eviware.com/soapui/config"/></xml-fragment>]]></row>
          <row><![CDATA[<xml-fragment><con:entry xmlns:con="http://eviware.com/soapui/config">USPS</con:entry><con:entry xmlns:con="http://eviware.com/soapui/config">US-PM</con:entry><con:entry xmlns:con="http://eviware.com/soapui/config">Flat Rate Box</con:entry><con:entry xmlns:con="http://eviware.com/soapui/config">14203</con:entry><con:entry xmlns:con="http://eviware.com/soapui/config"><![CDATA[<sws:Address1>123 MAIN ST</sws:Address1>             <sws:City>BUFFALO</sws:City>             <sws:State>NY</sws:State>             <sws:ZIPCode>14203</sws:ZIPCode>             <sws:ZIPCodeAddOn>3042</sws:ZIPCodeAddOn>]]]]>><![CDATA[</con:entry><con:entry xmlns:con="http://eviware.com/soapui/config"/></xml-fragment>]]></row>
          <row><![CDATA[<xml-fragment><con:entry xmlns:con="http://eviware.com/soapui/config">USPS</con:entry><con:entry xmlns:con="http://eviware.com/soapui/config">US-PM</con:entry><con:entry xmlns:con="http://eviware.com/soapui/config">Large Flat Rate Box</con:entry><con:entry xmlns:con="http://eviware.com/soapui/config">14203</con:entry><con:entry xmlns:con="http://eviware.com/soapui/config"><![CDATA[<sws:Address1>123 MAIN ST</sws:Address1>             <sws:City>BUFFALO</sws:City>             <sws:State>NY</sws:State>             <sws:ZIPCode>14203</sws:ZIPCode>             <sws:ZIPCodeAddOn>3042</sws:ZIPCodeAddOn>]]]]>><![CDATA[</con:entry><con:entry xmlns:con="http://eviware.com/soapui/config"/></xml-fragment>]]></row>
          <row><![CDATA[<xml-fragment><con:entry xmlns:con="http://eviware.com/soapui/config">USPS</con:entry><con:entry xmlns:con="http://eviware.com/soapui/config">US-PM</con:entry><con:entry xmlns:con="http://eviware.com/soapui/config">Flat Rate Padded Envelope</con:entry><con:entry xmlns:con="http://eviware.com/soapui/config">14203</con:entry><con:entry xmlns:con="http://eviware.com/soapui/config"><![CDATA[<sws:Address1>123 MAIN ST</sws:Address1>             <sws:City>BUFFALO</sws:City>             <sws:State>NY</sws:State>             <sws:ZIPCode>14203</sws:ZIPCode>             <sws:ZIPCodeAddOn>3042</sws:ZIPCodeAddOn>]]]]>><![CDATA[</con:entry><con:entry xmlns:con="http://eviware.com/soapui/config"/></xml-fragment>]]></row>
          <row><![CDATA[<xml-fragment><con:entry xmlns:con="http://eviware.com/soapui/config">USPS</con:entry><con:entry xmlns:con="http://eviware.com/soapui/config">US-PM</con:entry><con:entry xmlns:con="http://eviware.com/soapui/config">Regional Rate Box A</con:entry><con:entry xmlns:con="http://eviware.com/soapui/config">14203</con:entry><con:entry xmlns:con="http://eviware.com/soapui/config"><![CDATA[<sws:Address1>123 MAIN ST</sws:Address1>             <sws:City>BUFFALO</sws:City>             <sws:State>NY</sws:State>             <sws:ZIPCode>14203</sws:ZIPCode>             <sws:ZIPCodeAddOn>3042</sws:ZIPCodeAddOn>]]]]>><![CDATA[</con:entry><con:entry xmlns:con="http://eviware.com/soapui/config"/></xml-fragment>]]></row>
          <row><![CDATA[<xml-fragment><con:entry xmlns:con="http://eviware.com/soapui/config">USPS</con:entry><con:entry xmlns:con="http://eviware.com/soapui/config">US-PM</con:entry><con:entry xmlns:con="http://eviware.com/soapui/config">Regional Rate Box B</con:entry><con:entry xmlns:con="http://eviware.com/soapui/config">14203</con:entry><con:entry xmlns:con="http://eviware.com/soapui/config"><![CDATA[<sws:Address1>123 MAIN ST</sws:Address1>             <sws:City>BUFFALO</sws:City>             <sws:State>NY</sws:State>             <sws:ZIPCode>14203</sws:ZIPCode>             <sws:ZIPCodeAddOn>3042</sws:ZIPCodeAddOn>]]]]>><![CDATA[</con:entry><con:entry xmlns:con="http://eviware.com/soapui/config"/></xml-fragment>]]></row>
          <row><![CDATA[<xml-fragment><con:entry xmlns:con="http://eviware.com/soapui/config">USPS</con:entry><con:entry xmlns:con="http://eviware.com/soapui/config">US-PM</con:entry><con:entry xmlns:con="http://eviware.com/soapui/config">Large Envelope or Flat</con:entry><con:entry xmlns:con="http://eviware.com/soapui/config">14203</con:entry><con:entry xmlns:con="http://eviware.com/soapui/config"><![CDATA[<sws:Address1>123 MAIN ST</sws:Address1>             <sws:City>BUFFALO</sws:City>             <sws:State>NY</sws:State>             <sws:ZIPCode>14203</sws:ZIPCode>             <sws:ZIPCodeAddOn>3042</sws:ZIPCodeAddOn>]]]]>><![CDATA[</con:entry><con:entry xmlns:con="http://eviware.com/soapui/config"/></xml-fragment>]]></row>
          <row><![CDATA[<xml-fragment><con:entry xmlns:con="http://eviware.com/soapui/config">USPS</con:entry><con:entry xmlns:con="http://eviware.com/soapui/config">US-PM</con:entry><con:entry xmlns:con="http://eviware.com/soapui/config">Package</con:entry><con:entry xmlns:con="http://eviware.com/soapui/config">14203</con:entry><con:entry xmlns:con="http://eviware.com/soapui/config"><![CDATA[<sws:Address1>123 MAIN ST</sws:Address1>             <sws:City>BUFFALO</sws:City>             <sws:State>NY</sws:State>             <sws:ZIPCode>14203</sws:ZIPCode>             <sws:ZIPCodeAddOn>3042</sws:ZIPCodeAddOn>]]]]>><![CDATA[</con:entry><con:entry xmlns:con="http://eviware.com/soapui/config"/></xml-fragment>]]></row>
          <row><![CDATA[<xml-fragment><con:entry xmlns:con="http://eviware.com/soapui/config">USPS</con:entry><con:entry xmlns:con="http://eviware.com/soapui/config">US-MM</con:entry><con:entry xmlns:con="http://eviware.com/soapui/config">Package</con:entry><con:entry xmlns:con="http://eviware.com/soapui/config">14203</con:entry><con:entry xmlns:con="http://eviware.com/soapui/config"><![CDATA[<sws:Address1>123 MAIN ST</sws:Address1>             <sws:City>BUFFALO</sws:City>             <sws:State>NY</sws:State>             <sws:ZIPCode>14203</sws:ZIPCode>             <sws:ZIPCodeAddOn>3042</sws:ZIPCodeAddOn>]]]]>><![CDATA[</con:entry><con:entry xmlns:con="http://eviware.com/soapui/config"/></xml-fragment>]]></row>
          <row><![CDATA[<xml-fragment><con:entry xmlns:con="http://eviware.com/soapui/config">USPS</con:entry><con:entry xmlns:con="http://eviware.com/soapui/config">US-MM</con:entry><con:entry xmlns:con="http://eviware.com/soapui/config">Thick Envelope</con:entry><con:entry xmlns:con="http://eviware.com/soapui/config">14203</con:entry><con:entry xmlns:con="http://eviware.com/soapui/config"><![CDATA[<sws:Address1>123 MAIN ST</sws:Address1>             <sws:City>BUFFALO</sws:City>             <sws:State>NY</sws:State>             <sws:ZIPCode>14203</sws:ZIPCode>             <sws:ZIPCodeAddOn>3042</sws:ZIPCodeAddOn>]]]]>><![CDATA[</con:entry><con:entry xmlns:con="http://eviware.com/soapui/config"/></xml-fragment>]]></row>
          <row><![CDATA[<xml-fragment><con:entry xmlns:con="http://eviware.com/soapui/config">USPS</con:entry><con:entry xmlns:con="http://eviware.com/soapui/config">US-XM</con:entry><con:entry xmlns:con="http://eviware.com/soapui/config">Package</con:entry><con:entry xmlns:con="http://eviware.com/soapui/config">14203</con:entry><con:entry xmlns:con="http://eviware.com/soapui/config"><![CDATA[<sws:Address1>123 MAIN ST</sws:Address1>             <sws:City>BUFFALO</sws:City>             <sws:State>NY</sws:State>             <sws:ZIPCode>14203</sws:ZIPCode>             <sws:ZIPCodeAddOn>3042</sws:ZIPCodeAddOn>]]]]>><![CDATA[</con:entry><con:entry xmlns:con="http://eviware.com/soapui/config"/></xml-fragment>]]></row>
          <row><![CDATA[<xml-fragment><con:entry xmlns:con="http://eviware.com/soapui/config">USPS</con:entry><con:entry xmlns:con="http://eviware.com/soapui/config">US-XM</con:entry><con:entry xmlns:con="http://eviware.com/soapui/config">Large Package</con:entry><con:entry xmlns:con="http://eviware.com/soapui/config">14203</con:entry><con:entry xmlns:con="http://eviware.com/soapui/config"><![CDATA[<sws:Address1>123 MAIN ST</sws:Address1>             <sws:City>BUFFALO</sws:City>             <sws:State>NY</sws:State>             <sws:ZIPCode>14203</sws:ZIPCode>             <sws:ZIPCodeAddOn>3042</sws:ZIPCodeAddOn>]]]]>><![CDATA[</con:entry><con:entry xmlns:con="http://eviware.com/soapui/config"/></xml-fragment>]]></row>
          <row><![CDATA[<xml-fragment><con:entry xmlns:con="http://eviware.com/soapui/config">USPS</con:entry><con:entry xmlns:con="http://eviware.com/soapui/config">US-XM</con:entry><con:entry xmlns:con="http://eviware.com/soapui/config">Thick Envelope</con:entry><con:entry xmlns:con="http://eviware.com/soapui/config">14203</con:entry><con:entry xmlns:con="http://eviware.com/soapui/config"><![CDATA[<sws:Address1>123 MAIN ST</sws:Address1>             <sws:City>BUFFALO</sws:City>             <sws:State>NY</sws:State>             <sws:ZIPCode>14203</sws:ZIPCode>             <sws:ZIPCodeAddOn>3042</sws:ZIPCodeAddOn>]]]]>><![CDATA[</con:entry><con:entry xmlns:con="http://eviware.com/soapui/config"/></xml-fragment>]]></row>
          <row><![CDATA[<xml-fragment><con:entry xmlns:con="http://eviware.com/soapui/config">USPS</con:entry><con:entry xmlns:con="http://eviware.com/soapui/config">US-XM</con:entry><con:entry xmlns:con="http://eviware.com/soapui/config">Flat Rate Envelope</con:entry><con:entry xmlns:con="http://eviware.com/soapui/config">14203</con:entry><con:entry xmlns:con="http://eviware.com/soapui/config"><![CDATA[<sws:Address1>123 MAIN ST</sws:Address1>             <sws:City>BUFFALO</sws:City>             <sws:State>NY</sws:State>             <sws:ZIPCode>14203</sws:ZIPCode>             <sws:ZIPCodeAddOn>3042</sws:ZIPCodeAddOn>]]]]>><![CDATA[</con:entry><con:entry xmlns:con="http://eviware.com/soapui/config"/></xml-fragment>]]></row>
          <row><![CDATA[<xml-fragment><con:entry xmlns:con="http://eviware.com/soapui/config">USPS</con:entry><con:entry xmlns:con="http://eviware.com/soapui/config">US-XM</con:entry><con:entry xmlns:con="http://eviware.com/soapui/config">Legal Flat Rate Envelope</con:entry><con:entry xmlns:con="http://eviware.com/soapui/config">14203</con:entry><con:entry xmlns:con="http://eviware.com/soapui/config"><![CDATA[<sws:Address1>123 MAIN ST</sws:Address1>             <sws:City>BUFFALO</sws:City>             <sws:State>NY</sws:State>             <sws:ZIPCode>14203</sws:ZIPCode>             <sws:ZIPCodeAddOn>3042</sws:ZIPCodeAddOn>]]]]>><![CDATA[</con:entry><con:entry xmlns:con="http://eviware.com/soapui/config"/></xml-fragment>]]></row>
          <row><![CDATA[<xml-fragment><con:entry xmlns:con="http://eviware.com/soapui/config">USPS</con:entry><con:entry xmlns:con="http://eviware.com/soapui/config">US-XM</con:entry><con:entry xmlns:con="http://eviware.com/soapui/config">Flat Rate Padded Envelope</con:entry><con:entry xmlns:con="http://eviware.com/soapui/config">14203</con:entry><con:entry xmlns:con="http://eviware.com/soapui/config"><![CDATA[<sws:Address1>123 MAIN ST</sws:Address1>             <sws:City>BUFFALO</sws:City>             <sws:State>NY</sws:State>             <sws:ZIPCode>14203</sws:ZIPCode>             <sws:ZIPCodeAddOn>3042</sws:ZIPCodeAddOn>]]]]>><![CDATA[</con:entry><con:entry xmlns:con="http://eviware.com/soapui/config"/></xml-fragment>]]></row>
          <row><![CDATA[<xml-fragment><con:entry xmlns:con="http://eviware.com/soapui/config">USPS</con:entry><con:entry xmlns:con="http://eviware.com/soapui/config">US-PMI</con:entry><con:entry xmlns:con="http://eviware.com/soapui/config">Small Flat Rate Box</con:entry><con:entry xmlns:con="http://eviware.com/soapui/config">A1C 2V5</con:entry><con:entry xmlns:con="http://eviware.com/soapui/config"><![CDATA[<sws:Address1>8 Merrymeeting Rd</sws:Address1>             <sws:Address2/>             <sws:City>St John's</sws:City>             <sws:State>NL</sws:State>             <sws:PostalCode>A1C 2V5</sws:PostalCode>             <sws:Country>CA</sws:Country>]]]]>><![CDATA[</con:entry><con:entry xmlns:con="http://eviware.com/soapui/config"/></xml-fragment>]]></row>
          <row><![CDATA[<xml-fragment><con:entry xmlns:con="http://eviware.com/soapui/config">USPS</con:entry><con:entry xmlns:con="http://eviware.com/soapui/config">US-PMI</con:entry><con:entry xmlns:con="http://eviware.com/soapui/config">Large Flat Rate Box</con:entry><con:entry xmlns:con="http://eviware.com/soapui/config">A1C 2V5</con:entry><con:entry xmlns:con="http://eviware.com/soapui/config"><![CDATA[<sws:Address1>8 Merrymeeting Rd</sws:Address1>             <sws:Address2/>             <sws:City>St John's</sws:City>             <sws:State>NL</sws:State>             <sws:PostalCode>A1C 2V5</sws:PostalCode>             <sws:Country>CA</sws:Country>]]]]>><![CDATA[</con:entry><con:entry xmlns:con="http://eviware.com/soapui/config"/></xml-fragment>]]></row>
          <row><![CDATA[<xml-fragment><con:entry xmlns:con="http://eviware.com/soapui/config">USPS</con:entry><con:entry xmlns:con="http://eviware.com/soapui/config">US-PMI</con:entry><con:entry xmlns:con="http://eviware.com/soapui/config">Legal Flat Rate Envelope</con:entry><con:entry xmlns:con="http://eviware.com/soapui/config">A1C 2V5</con:entry><con:entry xmlns:con="http://eviware.com/soapui/config"><![CDATA[<sws:Address1>8 Merrymeeting Rd</sws:Address1>             <sws:Address2/>             <sws:City>St John's</sws:City>             <sws:State>NL</sws:State>             <sws:PostalCode>A1C 2V5</sws:PostalCode>             <sws:Country>CA</sws:Country>]]]]>><![CDATA[</con:entry><con:entry xmlns:con="http://eviware.com/soapui/config"/></xml-fragment>]]></row>
          <row><![CDATA[<xml-fragment><con:entry xmlns:con="http://eviware.com/soapui/config">USPS</con:entry><con:entry xmlns:con="http://eviware.com/soapui/config">US-PMI</con:entry><con:entry xmlns:con="http://eviware.com/soapui/config">Flat Rate Padded Envelope</con:entry><con:entry xmlns:con="http://eviware.com/soapui/config">A1C 2V5</con:entry><con:entry xmlns:con="http://eviware.com/soapui/config"><![CDATA[<sws:Address1>8 Merrymeeting Rd</sws:Address1>             <sws:Address2/>             <sws:City>St John's</sws:City>             <sws:State>NL</sws:State>             <sws:PostalCode>A1C 2V5</sws:PostalCode>             <sws:Country>CA</sws:Country>]]]]>><![CDATA[</con:entry><con:entry xmlns:con="http://eviware.com/soapui/config"/></xml-fragment>]]></row>
          <row><![CDATA[<xml-fragment><con:entry xmlns:con="http://eviware.com/soapui/config">USPS</con:entry><con:entry xmlns:con="http://eviware.com/soapui/config">US-PMI</con:entry><con:entry xmlns:con="http://eviware.com/soapui/config">Flat Rate Box</con:entry><con:entry xmlns:con="http://eviware.com/soapui/config">A1C 2V5</con:entry><con:entry xmlns:con="http://eviware.com/soapui/config"><![CDATA[<sws:Address1>8 Merrymeeting Rd</sws:Address1>             <sws:Address2/>             <sws:City>St John's</sws:City>             <sws:State>NL</sws:State>             <sws:PostalCode>A1C 2V5</sws:PostalCode>             <sws:Country>CA</sws:Country>]]]]>><![CDATA[</con:entry><con:entry xmlns:con="http://eviware.com/soapui/config"/></xml-fragment>]]></row>
          <row><![CDATA[<xml-fragment><con:entry xmlns:con="http://eviware.com/soapui/config">USPS</con:entry><con:entry xmlns:con="http://eviware.com/soapui/config">US-EMI</con:entry><con:entry xmlns:con="http://eviware.com/soapui/config">Package</con:entry><con:entry xmlns:con="http://eviware.com/soapui/config">A1C 2V5</con:entry><con:entry xmlns:con="http://eviware.com/soapui/config"><![CDATA[<sws:Address1>8 Merrymeeting Rd</sws:Address1>             <sws:Address2/>             <sws:City>St John's</sws:City>             <sws:State>NL</sws:State>             <sws:PostalCode>A1C 2V5</sws:PostalCode>             <sws:Country>CA</sws:Country>]]]]>><![CDATA[</con:entry><con:entry xmlns:con="http://eviware.com/soapui/config"/></xml-fragment>]]></row>
          <row><![CDATA[<xml-fragment><con:entry xmlns:con="http://eviware.com/soapui/config">USPS</con:entry><con:entry xmlns:con="http://eviware.com/soapui/config">US-EMI</con:entry><con:entry xmlns:con="http://eviware.com/soapui/config">Thick Envelope</con:entry><con:entry xmlns:con="http://eviware.com/soapui/config">A1C 2V5</con:entry><con:entry xmlns:con="http://eviware.com/soapui/config"><![CDATA[<sws:Address1>8 Merrymeeting Rd</sws:Address1>             <sws:Address2/>             <sws:City>St John's</sws:City>             <sws:State>NL</sws:State>             <sws:PostalCode>A1C 2V5</sws:PostalCode>             <sws:Country>CA</sws:Country>]]]]>><![CDATA[</con:entry><con:entry xmlns:con="http://eviware.com/soapui/config"/></xml-fragment>]]></row>
          <row><![CDATA[<xml-fragment><con:entry xmlns:con="http://eviware.com/soapui/config">USPS</con:entry><con:entry xmlns:con="http://eviware.com/soapui/config">US-EMI</con:entry><con:entry xmlns:con="http://eviware.com/soapui/config">Legal Flat Rate Envelope</con:entry><con:entry xmlns:con="http://eviware.com/soapui/config">A1C 2V5</con:entry><con:entry xmlns:con="http://eviware.com/soapui/config"><![CDATA[<sws:Address1>8 Merrymeeting Rd</sws:Address1>             <sws:Address2/>             <sws:City>St John's</sws:City>             <sws:State>NL</sws:State>             <sws:PostalCode>A1C 2V5</sws:PostalCode>             <sws:Country>CA</sws:Country>]]]]>><![CDATA[</con:entry><con:entry xmlns:con="http://eviware.com/soapui/config"/></xml-fragment>]]></row>
          <row><![CDATA[<xml-fragment><con:entry xmlns:con="http://eviware.com/soapui/config">USPS</con:entry><con:entry xmlns:con="http://eviware.com/soapui/config">US-EMI</con:entry><con:entry xmlns:con="http://eviware.com/soapui/config">Flat Rate Envelope</con:entry><con:entry xmlns:con="http://eviware.com/soapui/config">A1C 2V5</con:entry><con:entry xmlns:con="http://eviware.com/soapui/config"><![CDATA[<sws:Address1>8 Merrymeeting Rd</sws:Address1>             <sws:Address2/>             <sws:City>St John's</sws:City>             <sws:State>NL</sws:State>             <sws:PostalCode>A1C 2V5</sws:PostalCode>             <sws:Country>CA</sws:Country>]]]]>><![CDATA[</con:entry><con:entry xmlns:con="http://eviware.com/soapui/config"/></xml-fragment>]]></row>
          <row><![CDATA[<xml-fragment><con:entry xmlns:con="http://eviware.com/soapui/config">USPS</con:entry><con:entry xmlns:con="http://eviware.com/soapui/config">US-EMI</con:entry><con:entry xmlns:con="http://eviware.com/soapui/config">Flat Rate Padded Envelope</con:entry><con:entry xmlns:con="http://eviware.com/soapui/config">A1C 2V5</con:entry><con:entry xmlns:con="http://eviware.com/soapui/config"><![CDATA[<sws:Address1>8 Merrymeeting Rd</sws:Address1>             <sws:Address2/>             <sws:City>St John's</sws:City>             <sws:State>NL</sws:State>             <sws:PostalCode>A1C 2V5</sws:PostalCode>             <sws:Country>CA</sws:Country>]]]]>><![CDATA[</con:entry><con:entry xmlns:con="http://eviware.com/soapui/config"/></xml-fragment>]]></row>
          <row><![CDATA[<xml-fragment><con:entry xmlns:con="http://eviware.com/soapui/config">USPS</con:entry><con:entry xmlns:con="http://eviware.com/soapui/config">US-FC</con:entry><con:entry xmlns:con="http://eviware.com/soapui/config">Package</con:entry><con:entry xmlns:con="http://eviware.com/soapui/config">14203</con:entry><con:entry xmlns:con="http://eviware.com/soapui/config"><![CDATA[<sws:Address1>123 MAIN ST</sws:Address1>             <sws:City>BUFFALO</sws:City>             <sws:State>NY</sws:State>             <sws:ZIPCode>14203</sws:ZIPCode>             <sws:ZIPCodeAddOn>3042</sws:ZIPCodeAddOn>]]]]>><![CDATA[</con:entry><con:entry xmlns:con="http://eviware.com/soapui/config"/></xml-fragment>]]></row>
          <row><![CDATA[<xml-fragment><con:entry xmlns:con="http://eviware.com/soapui/config">USPS</con:entry><con:entry xmlns:con="http://eviware.com/soapui/config">US-FC</con:entry><con:entry xmlns:con="http://eviware.com/soapui/config">Large Envelope or Flat</con:entry><con:entry xmlns:con="http://eviware.com/soapui/config">14203</con:entry><con:entry xmlns:con="http://eviware.com/soapui/config"><![CDATA[<sws:Address1>123 MAIN ST</sws:Address1>             <sws:City>BUFFALO</sws:City>             <sws:State>NY</sws:State>             <sws:ZIPCode>14203</sws:ZIPCode>             <sws:ZIPCodeAddOn>3042</sws:ZIPCodeAddOn>]]]]>><![CDATA[</con:entry><con:entry xmlns:con="http://eviware.com/soapui/config"/></xml-fragment>]]></row>
          <row><![CDATA[<xml-fragment><con:entry xmlns:con="http://eviware.com/soapui/config">USPS</con:entry><con:entry xmlns:con="http://eviware.com/soapui/config">US-FC</con:entry><con:entry xmlns:con="http://eviware.com/soapui/config">Thick Envelope</con:entry><con:entry xmlns:con="http://eviware.com/soapui/config">14203</con:entry><con:entry xmlns:con="http://eviware.com/soapui/config"><![CDATA[<sws:Address1>123 MAIN ST</sws:Address1>             <sws:City>BUFFALO</sws:City>             <sws:State>NY</sws:State>             <sws:ZIPCode>14203</sws:ZIPCode>             <sws:ZIPCodeAddOn>3042</sws:ZIPCodeAddOn>]]]]>><![CDATA[</con:entry><con:entry xmlns:con="http://eviware.com/soapui/config"/></xml-fragment>]]></row>
          <row><![CDATA[<xml-fragment><con:entry xmlns:con="http://eviware.com/soapui/config">USPS</con:entry><con:entry xmlns:con="http://eviware.com/soapui/config">US-PS</con:entry><con:entry xmlns:con="http://eviware.com/soapui/config">Package</con:entry><con:entry xmlns:con="http://eviware.com/soapui/config">14203</con:entry><con:entry xmlns:con="http://eviware.com/soapui/config"><![CDATA[<sws:Address1>123 MAIN ST</sws:Address1>             <sws:City>BUFFALO</sws:City>             <sws:State>NY</sws:State>             <sws:ZIPCode>14203</sws:ZIPCode>             <sws:ZIPCodeAddOn>3042</sws:ZIPCodeAddOn>]]]]>><![CDATA[</con:entry><con:entry xmlns:con="http://eviware.com/soapui/config"/></xml-fragment>]]></row>
          <row><![CDATA[<xml-fragment><con:entry xmlns:con="http://eviware.com/soapui/config">USPS</con:entry><con:entry xmlns:con="http://eviware.com/soapui/config">US-PS</con:entry><con:entry xmlns:con="http://eviware.com/soapui/config">Large Package</con:entry><con:entry xmlns:con="http://eviware.com/soapui/config">14203</con:entry><con:entry xmlns:con="http://eviware.com/soapui/config"><![CDATA[<sws:Address1>123 MAIN ST</sws:Address1>             <sws:City>BUFFALO</sws:City>             <sws:State>NY</sws:State>             <sws:ZIPCode>14203</sws:ZIPCode>             <sws:ZIPCodeAddOn>3042</sws:ZIPCodeAddOn>]]]]>><![CDATA[</con:entry><con:entry xmlns:con="http://eviware.com/soapui/config"/></xml-fragment>]]></row>
          <row><![CDATA[<xml-fragment><con:entry xmlns:con="http://eviware.com/soapui/config">USPS</con:entry><con:entry xmlns:con="http://eviware.com/soapui/config">US-PS</con:entry><con:entry xmlns:con="http://eviware.com/soapui/config">Oversized Package</con:entry><con:entry xmlns:con="http://eviware.com/soapui/config">14203</con:entry><con:entry xmlns:con="http://eviware.com/soapui/config"><![CDATA[<sws:Address1>123 MAIN ST</sws:Address1>             <sws:City>BUFFALO</sws:City>             <sws:State>NY</sws:State>             <sws:ZIPCode>14203</sws:ZIPCode>             <sws:ZIPCodeAddOn>3042</sws:ZIPCodeAddOn>]]]]>><![CDATA[</con:entry><con:entry xmlns:con="http://eviware.com/soapui/config"/></xml-fragment>]]></row>
          <row><![CDATA[<xml-fragment><con:entry xmlns:con="http://eviware.com/soapui/config">USPS</con:entry><con:entry xmlns:con="http://eviware.com/soapui/config">US-LM</con:entry><con:entry xmlns:con="http://eviware.com/soapui/config">Package</con:entry><con:entry xmlns:con="http://eviware.com/soapui/config">14203</con:entry><con:entry xmlns:con="http://eviware.com/soapui/config"><![CDATA[<sws:Address1>123 MAIN ST</sws:Address1>             <sws:City>BUFFALO</sws:City>             <sws:State>NY</sws:State>             <sws:ZIPCode>14203</sws:ZIPCode>             <sws:ZIPCodeAddOn>3042</sws:ZIPCodeAddOn>]]]]>><![CDATA[</con:entry><con:entry xmlns:con="http://eviware.com/soapui/config"/></xml-fragment>]]></row>
          <row><![CDATA[<xml-fragment><con:entry xmlns:con="http://eviware.com/soapui/config">USPS</con:entry><con:entry xmlns:con="http://eviware.com/soapui/config">US-FCI</con:entry><con:entry xmlns:con="http://eviware.com/soapui/config">Large Envelope or Flat</con:entry><con:entry xmlns:con="http://eviware.com/soapui/config">A1C 2V5</con:entry><con:entry xmlns:con="http://eviware.com/soapui/config"><![CDATA[<sws:Address1>8 Merrymeeting Rd</sws:Address1>             <sws:Address2/>             <sws:City>St John's</sws:City>             <sws:State>NL</sws:State>             <sws:PostalCode>A1C 2V5</sws:PostalCode>             <sws:Country>CA</sws:Country>]]]]>><![CDATA[</con:entry><con:entry xmlns:con="http://eviware.com/soapui/config"/></xml-fragment>]]></row>
          <row><![CDATA[<xml-fragment><con:entry xmlns:con="http://eviware.com/soapui/config">USPS</con:entry><con:entry xmlns:con="http://eviware.com/soapui/config">US-FCI</con:entry><con:entry xmlns:con="http://eviware.com/soapui/config">Package</con:entry><con:entry xmlns:con="http://eviware.com/soapui/config">A1C 2V5</con:entry><con:entry xmlns:con="http://eviware.com/soapui/config"><![CDATA[<sws:Address1>8 Merrymeeting Rd</sws:Address1>             <sws:Address2/>             <sws:City>St John's</sws:City>             <sws:State>NL</sws:State>             <sws:PostalCode>A1C 2V5</sws:PostalCode>             <sws:Country>CA</sws:Country>]]]]>><![CDATA[</con:entry><con:entry xmlns:con="http://eviware.com/soapui/config"/></xml-fragment>]]></row>
          <row><![CDATA[<xml-fragment><con:entry xmlns:con="http://eviware.com/soapui/config">USPS</con:entry><con:entry xmlns:con="http://eviware.com/soapui/config">US-PMI</con:entry><con:entry xmlns:con="http://eviware.com/soapui/config">Large Envelope or Flat</con:entry><con:entry xmlns:con="http://eviware.com/soapui/config">A1C 2V5</con:entry><con:entry xmlns:con="http://eviware.com/soapui/config"><![CDATA[<sws:Address1>8 Merrymeeting Rd</sws:Address1>             <sws:Address2/>             <sws:City>St John's</sws:City>             <sws:State>NL</sws:State>             <sws:PostalCode>A1C 2V5</sws:PostalCode>             <sws:Country>CA</sws:Country>]]]]>><![CDATA[</con:entry><con:entry xmlns:con="http://eviware.com/soapui/config"/></xml-fragment>]]></row>
          <row><![CDATA[<xml-fragment><con:entry xmlns:con="http://eviware.com/soapui/config">USPS</con:entry><con:entry xmlns:con="http://eviware.com/soapui/config">US-PMI</con:entry><con:entry xmlns:con="http://eviware.com/soapui/config">Package</con:entry><con:entry xmlns:con="http://eviware.com/soapui/config">A1C 2V5</con:entry><con:entry xmlns:con="http://eviware.com/soapui/config"><![CDATA[<sws:Address1>8 Merrymeeting Rd</sws:Address1>             <sws:Address2/>             <sws:City>St John's</sws:City>             <sws:State>NL</sws:State>             <sws:PostalCode>A1C 2V5</sws:PostalCode>             <sws:Country>CA</sws:Country>]]]]>><![CDATA[</con:entry><con:entry xmlns:con="http://eviware.com/soapui/config"/></xml-fragment>]]></row>
          <row><![CDATA[<xml-fragment><con:entry xmlns:con="http://eviware.com/soapui/config">USPS</con:entry><con:entry xmlns:con="http://eviware.com/soapui/config">US-PMI</con:entry><con:entry xmlns:con="http://eviware.com/soapui/config">Thick Envelope</con:entry><con:entry xmlns:con="http://eviware.com/soapui/config">A1C 2V5</con:entry><con:entry xmlns:con="http://eviware.com/soapui/config"><![CDATA[<sws:Address1>8 Merrymeeting Rd</sws:Address1>             <sws:Address2/>             <sws:City>St John's</sws:City>             <sws:State>NL</sws:State>             <sws:PostalCode>A1C 2V5</sws:PostalCode>             <sws:Country>CA</sws:Country>]]]]>><![CDATA[</con:entry><con:entry xmlns:con="http://eviware.com/soapui/config"/></xml-fragment>]]></row>
          <row><![CDATA[<xml-fragment><con:entry xmlns:con="http://eviware.com/soapui/config">USPS</con:entry><con:entry xmlns:con="http://eviware.com/soapui/config">US-PMI</con:entry><con:entry xmlns:con="http://eviware.com/soapui/config">Package</con:entry><con:entry xmlns:con="http://eviware.com/soapui/config">A1C 2V5</con:entry><con:entry xmlns:con="http://eviware.com/soapui/config"><![CDATA[<sws:Address1>8 Merrymeeting Rd</sws:Address1>             <sws:Address2/>             <sws:City>St John's</sws:City>             <sws:State>NL</sws:State>             <sws:PostalCode>A1C 2V5</sws:PostalCode>             <sws:Country>CA</sws:Country>]]]]>><![CDATA[</con:entry><con:entry xmlns:con="http://eviware.com/soapui/config"/></xml-fragment>]]></row>
          <row><![CDATA[<xml-fragment><con:entry xmlns:con="http://eviware.com/soapui/config">USPS</con:entry><con:entry xmlns:con="http://eviware.com/soapui/config">US-PM</con:entry><con:entry xmlns:con="http://eviware.com/soapui/config">Large Package</con:entry><con:entry xmlns:con="http://eviware.com/soapui/config">14203</con:entry><con:entry xmlns:con="http://eviware.com/soapui/config"><![CDATA[<sws:Address1>123 MAIN ST</sws:Address1>             <sws:City>BUFFALO</sws:City>             <sws:State>NY</sws:State>             <sws:ZIPCode>14203</sws:ZIPCode>             <sws:ZIPCodeAddOn>3042</sws:ZIPCodeAddOn>]]]]>><![CDATA[</con:entry><con:entry xmlns:con="http://eviware.com/soapui/config"/></xml-fragment>]]></row>
          <row><![CDATA[<xml-fragment><con:entry xmlns:con="http://eviware.com/soapui/config">USPS</con:entry><con:entry xmlns:con="http://eviware.com/soapui/config">US-PM</con:entry><con:entry xmlns:con="http://eviware.com/soapui/config">Legal Flat Rate Envelope</con:entry><con:entry xmlns:con="http://eviware.com/soapui/config">14203</con:entry><con:entry xmlns:con="http://eviware.com/soapui/config"><![CDATA[<sws:Address1>123 MAIN ST</sws:Address1>             <sws:City>BUFFALO</sws:City>             <sws:State>NY</sws:State>             <sws:ZIPCode>14203</sws:ZIPCode>             <sws:ZIPCodeAddOn>3042</sws:ZIPCodeAddOn>]]]]>><![CDATA[</con:entry><con:entry xmlns:con="http://eviware.com/soapui/config"/></xml-fragment>]]></row>
          <row><![CDATA[<xml-fragment><con:entry xmlns:con="http://eviware.com/soapui/config">USPS</con:entry><con:entry xmlns:con="http://eviware.com/soapui/config">US-PM</con:entry><con:entry xmlns:con="http://eviware.com/soapui/config">Flat Rate Envelope</con:entry><con:entry xmlns:con="http://eviware.com/soapui/config">14203</con:entry><con:entry xmlns:con="http://eviware.com/soapui/config"><![CDATA[<sws:Address1>123 MAIN ST</sws:Address1>             <sws:City>BUFFALO</sws:City>             <sws:State>NY</sws:State>             <sws:ZIPCode>14203</sws:ZIPCode>             <sws:ZIPCodeAddOn>3042</sws:ZIPCodeAddOn>]]]]>><![CDATA[</con:entry><con:entry xmlns:con="http://eviware.com/soapui/config"/></xml-fragment>]]></row>
          <row><![CDATA[<xml-fragment><con:entry xmlns:con="http://eviware.com/soapui/config">USPS</con:entry><con:entry xmlns:con="http://eviware.com/soapui/config">US-PM</con:entry><con:entry xmlns:con="http://eviware.com/soapui/config">Small Flat Rate Box</con:entry><con:entry xmlns:con="http://eviware.com/soapui/config">14203</con:entry><con:entry xmlns:con="http://eviware.com/soapui/config"><![CDATA[<sws:Address1>123 MAIN ST</sws:Address1>             <sws:City>BUFFALO</sws:City>             <sws:State>NY</sws:State>             <sws:ZIPCode>14203</sws:ZIPCode>             <sws:ZIPCodeAddOn>3042</sws:ZIPCodeAddOn>]]]]>><![CDATA[</con:entry><con:entry xmlns:con="http://eviware.com/soapui/config"/></xml-fragment>]]></row>
          <row><![CDATA[<xml-fragment><con:entry xmlns:con="http://eviware.com/soapui/config">USPS</con:entry><con:entry xmlns:con="http://eviware.com/soapui/config">US-PM</con:entry><con:entry xmlns:con="http://eviware.com/soapui/config">Flat Rate Box</con:entry><con:entry xmlns:con="http://eviware.com/soapui/config">14203</con:entry><con:entry xmlns:con="http://eviware.com/soapui/config"><![CDATA[<sws:Address1>123 MAIN ST</sws:Address1>             <sws:City>BUFFALO</sws:City>             <sws:State>NY</sws:State>             <sws:ZIPCode>14203</sws:ZIPCode>             <sws:ZIPCodeAddOn>3042</sws:ZIPCodeAddOn>]]]]>><![CDATA[</con:entry><con:entry xmlns:con="http://eviware.com/soapui/config"/></xml-fragment>]]></row>
          <row><![CDATA[<xml-fragment><con:entry xmlns:con="http://eviware.com/soapui/config">USPS</con:entry><con:entry xmlns:con="http://eviware.com/soapui/config">US-PM</con:entry><con:entry xmlns:con="http://eviware.com/soapui/config">Large Flat Rate Box</con:entry><con:entry xmlns:con="http://eviware.com/soapui/config">14203</con:entry><con:entry xmlns:con="http://eviware.com/soapui/config"><![CDATA[<sws:Address1>123 MAIN ST</sws:Address1>             <sws:City>BUFFALO</sws:City>             <sws:State>NY</sws:State>             <sws:ZIPCode>14203</sws:ZIPCode>             <sws:ZIPCodeAddOn>3042</sws:ZIPCodeAddOn>]]]]>><![CDATA[</con:entry><con:entry xmlns:con="http://eviware.com/soapui/config"/></xml-fragment>]]></row>
          <row><![CDATA[<xml-fragment><con:entry xmlns:con="http://eviware.com/soapui/config">USPS</con:entry><con:entry xmlns:con="http://eviware.com/soapui/config">US-PM</con:entry><con:entry xmlns:con="http://eviware.com/soapui/config">Flat Rate Padded Envelope</con:entry><con:entry xmlns:con="http://eviware.com/soapui/config">14203</con:entry><con:entry xmlns:con="http://eviware.com/soapui/config"><![CDATA[<sws:Address1>123 MAIN ST</sws:Address1>             <sws:City>BUFFALO</sws:City>             <sws:State>NY</sws:State>             <sws:ZIPCode>14203</sws:ZIPCode>             <sws:ZIPCodeAddOn>3042</sws:ZIPCodeAddOn>]]]]>><![CDATA[</con:entry><con:entry xmlns:con="http://eviware.com/soapui/config"/></xml-fragment>]]></row>
          <row><![CDATA[<xml-fragment><con:entry xmlns:con="http://eviware.com/soapui/config">USPS</con:entry><con:entry xmlns:con="http://eviware.com/soapui/config">US-PM</con:entry><con:entry xmlns:con="http://eviware.com/soapui/config">Regional Rate Box A</con:entry><con:entry xmlns:con="http://eviware.com/soapui/config">14203</con:entry><con:entry xmlns:con="http://eviware.com/soapui/config"><![CDATA[<sws:Address1>123 MAIN ST</sws:Address1>             <sws:City>BUFFALO</sws:City>             <sws:State>NY</sws:State>             <sws:ZIPCode>14203</sws:ZIPCode>             <sws:ZIPCodeAddOn>3042</sws:ZIPCodeAddOn>]]]]>><![CDATA[</con:entry><con:entry xmlns:con="http://eviware.com/soapui/config"/></xml-fragment>]]></row>
          <row><![CDATA[<xml-fragment><con:entry xmlns:con="http://eviware.com/soapui/config">USPS</con:entry><con:entry xmlns:con="http://eviware.com/soapui/config">US-PM</con:entry><con:entry xmlns:con="http://eviware.com/soapui/config">Regional Rate Box B</con:entry><con:entry xmlns:con="http://eviware.com/soapui/config">14203</con:entry><con:entry xmlns:con="http://eviware.com/soapui/config"><![CDATA[<sws:Address1>123 MAIN ST</sws:Address1>             <sws:City>BUFFALO</sws:City>             <sws:State>NY</sws:State>             <sws:ZIPCode>14203</sws:ZIPCode>             <sws:ZIPCodeAddOn>3042</sws:ZIPCodeAddOn>]]]]>><![CDATA[</con:entry><con:entry xmlns:con="http://eviware.com/soapui/config"/></xml-fragment>]]></row>
          <row><![CDATA[<xml-fragment><con:entry xmlns:con="http://eviware.com/soapui/config">USPS</con:entry><con:entry xmlns:con="http://eviware.com/soapui/config">US-PM</con:entry><con:entry xmlns:con="http://eviware.com/soapui/config">Large Envelope or Flat</con:entry><con:entry xmlns:con="http://eviware.com/soapui/config">14203</con:entry><con:entry xmlns:con="http://eviware.com/soapui/config"><![CDATA[<sws:Address1>123 MAIN ST</sws:Address1>             <sws:City>BUFFALO</sws:City>             <sws:State>NY</sws:State>             <sws:ZIPCode>14203</sws:ZIPCode>             <sws:ZIPCodeAddOn>3042</sws:ZIPCodeAddOn>]]]]>><![CDATA[</con:entry><con:entry xmlns:con="http://eviware.com/soapui/config"/></xml-fragment>]]></row>
          <row><![CDATA[<xml-fragment><con:entry xmlns:con="http://eviware.com/soapui/config">USPS</con:entry><con:entry xmlns:con="http://eviware.com/soapui/config">US-PM</con:entry><con:entry xmlns:con="http://eviware.com/soapui/config">Package</con:entry><con:entry xmlns:con="http://eviware.com/soapui/config">14203</con:entry><con:entry xmlns:con="http://eviware.com/soapui/config"><![CDATA[<sws:Address1>123 MAIN ST</sws:Address1>             <sws:City>BUFFALO</sws:City>             <sws:State>NY</sws:State>             <sws:ZIPCode>14203</sws:ZIPCode>             <sws:ZIPCodeAddOn>3042</sws:ZIPCodeAddOn>]]]]>><![CDATA[</con:entry><con:entry xmlns:con="http://eviware.com/soapui/config"/></xml-fragment>]]></row>
          <row><![CDATA[<xml-fragment><con:entry xmlns:con="http://eviware.com/soapui/config">USPS</con:entry><con:entry xmlns:con="http://eviware.com/soapui/config">US-MM</con:entry><con:entry xmlns:con="http://eviware.com/soapui/config">Package</con:entry><con:entry xmlns:con="http://eviware.com/soapui/config">14203</con:entry><con:entry xmlns:con="http://eviware.com/soapui/config"><![CDATA[<sws:Address1>123 MAIN ST</sws:Address1>             <sws:City>BUFFALO</sws:City>             <sws:State>NY</sws:State>             <sws:ZIPCode>14203</sws:ZIPCode>             <sws:ZIPCodeAddOn>3042</sws:ZIPCodeAddOn>]]]]>><![CDATA[</con:entry><con:entry xmlns:con="http://eviware.com/soapui/config"/></xml-fragment>]]></row>
          <row><![CDATA[<xml-fragment><con:entry xmlns:con="http://eviware.com/soapui/config">USPS</con:entry><con:entry xmlns:con="http://eviware.com/soapui/config">US-MM</con:entry><con:entry xmlns:con="http://eviware.com/soapui/config">Thick Envelope</con:entry><con:entry xmlns:con="http://eviware.com/soapui/config">14203</con:entry><con:entry xmlns:con="http://eviware.com/soapui/config"><![CDATA[<sws:Address1>123 MAIN ST</sws:Address1>             <sws:City>BUFFALO</sws:City>             <sws:State>NY</sws:State>             <sws:ZIPCode>14203</sws:ZIPCode>             <sws:ZIPCodeAddOn>3042</sws:ZIPCodeAddOn>]]]]>><![CDATA[</con:entry><con:entry xmlns:con="http://eviware.com/soapui/config"/></xml-fragment>]]></row>
          <row><![CDATA[<xml-fragment><con:entry xmlns:con="http://eviware.com/soapui/config">USPS</con:entry><con:entry xmlns:con="http://eviware.com/soapui/config">US-XM</con:entry><con:entry xmlns:con="http://eviware.com/soapui/config">Package</con:entry><con:entry xmlns:con="http://eviware.com/soapui/config">14203</con:entry><con:entry xmlns:con="http://eviware.com/soapui/config"><![CDATA[<sws:Address1>123 MAIN ST</sws:Address1>             <sws:City>BUFFALO</sws:City>             <sws:State>NY</sws:State>             <sws:ZIPCode>14203</sws:ZIPCode>             <sws:ZIPCodeAddOn>3042</sws:ZIPCodeAddOn>]]]]>><![CDATA[</con:entry><con:entry xmlns:con="http://eviware.com/soapui/config"/></xml-fragment>]]></row>
          <row><![CDATA[<xml-fragment><con:entry xmlns:con="http://eviware.com/soapui/config">USPS</con:entry><con:entry xmlns:con="http://eviware.com/soapui/config">US-XM</con:entry><con:entry xmlns:con="http://eviware.com/soapui/config">Large Package</con:entry><con:entry xmlns:con="http://eviware.com/soapui/config">14203</con:entry><con:entry xmlns:con="http://eviware.com/soapui/config"><![CDATA[<sws:Address1>123 MAIN ST</sws:Address1>             <sws:City>BUFFALO</sws:City>             <sws:State>NY</sws:State>             <sws:ZIPCode>14203</sws:ZIPCode>             <sws:ZIPCodeAddOn>3042</sws:ZIPCodeAddOn>]]]]>><![CDATA[</con:entry><con:entry xmlns:con="http://eviware.com/soapui/config"/></xml-fragment>]]></row>
          <row><![CDATA[<xml-fragment><con:entry xmlns:con="http://eviware.com/soapui/config">USPS</con:entry><con:entry xmlns:con="http://eviware.com/soapui/config">US-XM</con:entry><con:entry xmlns:con="http://eviware.com/soapui/config">Thick Envelope</con:entry><con:entry xmlns:con="http://eviware.com/soapui/config">14203</con:entry><con:entry xmlns:con="http://eviware.com/soapui/config"><![CDATA[<sws:Address1>123 MAIN ST</sws:Address1>             <sws:City>BUFFALO</sws:City>             <sws:State>NY</sws:State>             <sws:ZIPCode>14203</sws:ZIPCode>             <sws:ZIPCodeAddOn>3042</sws:ZIPCodeAddOn>]]]]>><![CDATA[</con:entry><con:entry xmlns:con="http://eviware.com/soapui/config"/></xml-fragment>]]></row>
          <row><![CDATA[<xml-fragment><con:entry xmlns:con="http://eviware.com/soapui/config">USPS</con:entry><con:entry xmlns:con="http://eviware.com/soapui/config">US-XM</con:entry><con:entry xmlns:con="http://eviware.com/soapui/config">Flat Rate Envelope</con:entry><con:entry xmlns:con="http://eviware.com/soapui/config">14203</con:entry><con:entry xmlns:con="http://eviware.com/soapui/config"><![CDATA[<sws:Address1>123 MAIN ST</sws:Address1>             <sws:City>BUFFALO</sws:City>             <sws:State>NY</sws:State>             <sws:ZIPCode>14203</sws:ZIPCode>             <sws:ZIPCodeAddOn>3042</sws:ZIPCodeAddOn>]]]]>><![CDATA[</con:entry><con:entry xmlns:con="http://eviware.com/soapui/config"/></xml-fragment>]]></row>
          <row><![CDATA[<xml-fragment><con:entry xmlns:con="http://eviware.com/soapui/config">USPS</con:entry><con:entry xmlns:con="http://eviware.com/soapui/config">US-XM</con:entry><con:entry xmlns:con="http://eviware.com/soapui/config">Legal Flat Rate Envelope</con:entry><con:entry xmlns:con="http://eviware.com/soapui/config">14203</con:entry><con:entry xmlns:con="http://eviware.com/soapui/config"><![CDATA[<sws:Address1>123 MAIN ST</sws:Address1>             <sws:City>BUFFALO</sws:City>             <sws:State>NY</sws:State>             <sws:ZIPCode>14203</sws:ZIPCode>             <sws:ZIPCodeAddOn>3042</sws:ZIPCodeAddOn>]]]]>><![CDATA[</con:entry><con:entry xmlns:con="http://eviware.com/soapui/config"/></xml-fragment>]]></row>
          <row><![CDATA[<xml-fragment><con:entry xmlns:con="http://eviware.com/soapui/config">USPS</con:entry><con:entry xmlns:con="http://eviware.com/soapui/config">US-XM</con:entry><con:entry xmlns:con="http://eviware.com/soapui/config">Flat Rate Padded Envelope</con:entry><con:entry xmlns:con="http://eviware.com/soapui/config">14203</con:entry><con:entry xmlns:con="http://eviware.com/soapui/config"><![CDATA[<sws:Address1>123 MAIN ST</sws:Address1>             <sws:City>BUFFALO</sws:City>             <sws:State>NY</sws:State>             <sws:ZIPCode>14203</sws:ZIPCode>             <sws:ZIPCodeAddOn>3042</sws:ZIPCodeAddOn>]]]]>><![CDATA[</con:entry><con:entry xmlns:con="http://eviware.com/soapui/config"/></xml-fragment>]]></row>
          <row><![CDATA[<xml-fragment><con:entry xmlns:con="http://eviware.com/soapui/config">USPS</con:entry><con:entry xmlns:con="http://eviware.com/soapui/config">US-PMI</con:entry><con:entry xmlns:con="http://eviware.com/soapui/config">Small Flat Rate Box</con:entry><con:entry xmlns:con="http://eviware.com/soapui/config">A1C 2V5</con:entry><con:entry xmlns:con="http://eviware.com/soapui/config"><![CDATA[<sws:Address1>8 Merrymeeting Rd</sws:Address1>             <sws:Address2/>             <sws:City>St John's</sws:City>             <sws:State>NL</sws:State>             <sws:PostalCode>A1C 2V5</sws:PostalCode>             <sws:Country>CA</sws:Country>]]]]>><![CDATA[</con:entry><con:entry xmlns:con="http://eviware.com/soapui/config"/></xml-fragment>]]></row>
          <row><![CDATA[<xml-fragment><con:entry xmlns:con="http://eviware.com/soapui/config">USPS</con:entry><con:entry xmlns:con="http://eviware.com/soapui/config">US-PMI</con:entry><con:entry xmlns:con="http://eviware.com/soapui/config">Large Flat Rate Box</con:entry><con:entry xmlns:con="http://eviware.com/soapui/config">A1C 2V5</con:entry><con:entry xmlns:con="http://eviware.com/soapui/config"><![CDATA[<sws:Address1>8 Merrymeeting Rd</sws:Address1>             <sws:Address2/>             <sws:City>St John's</sws:City>             <sws:State>NL</sws:State>             <sws:PostalCode>A1C 2V5</sws:PostalCode>             <sws:Country>CA</sws:Country>]]]]>><![CDATA[</con:entry><con:entry xmlns:con="http://eviware.com/soapui/config"/></xml-fragment>]]></row>
          <row><![CDATA[<xml-fragment><con:entry xmlns:con="http://eviware.com/soapui/config">USPS</con:entry><con:entry xmlns:con="http://eviware.com/soapui/config">US-PMI</con:entry><con:entry xmlns:con="http://eviware.com/soapui/config">Legal Flat Rate Envelope</con:entry><con:entry xmlns:con="http://eviware.com/soapui/config">A1C 2V5</con:entry><con:entry xmlns:con="http://eviware.com/soapui/config"><![CDATA[<sws:Address1>8 Merrymeeting Rd</sws:Address1>             <sws:Address2/>             <sws:City>St John's</sws:City>             <sws:State>NL</sws:State>             <sws:PostalCode>A1C 2V5</sws:PostalCode>             <sws:Country>CA</sws:Country>]]]]>><![CDATA[</con:entry><con:entry xmlns:con="http://eviware.com/soapui/config"/></xml-fragment>]]></row>
          <row><![CDATA[<xml-fragment><con:entry xmlns:con="http://eviware.com/soapui/config">USPS</con:entry><con:entry xmlns:con="http://eviware.com/soapui/config">US-PMI</con:entry><con:entry xmlns:con="http://eviware.com/soapui/config">Flat Rate Padded Envelope</con:entry><con:entry xmlns:con="http://eviware.com/soapui/config">A1C 2V5</con:entry><con:entry xmlns:con="http://eviware.com/soapui/config"><![CDATA[<sws:Address1>8 Merrymeeting Rd</sws:Address1>             <sws:Address2/>             <sws:City>St John's</sws:City>             <sws:State>NL</sws:State>             <sws:PostalCode>A1C 2V5</sws:PostalCode>             <sws:Country>CA</sws:Country>]]]]>><![CDATA[</con:entry><con:entry xmlns:con="http://eviware.com/soapui/config"/></xml-fragment>]]></row>
          <row><![CDATA[<xml-fragment><con:entry xmlns:con="http://eviware.com/soapui/config">USPS</con:entry><con:entry xmlns:con="http://eviware.com/soapui/config">US-PMI</con:entry><con:entry xmlns:con="http://eviware.com/soapui/config">Flat Rate Box</con:entry><con:entry xmlns:con="http://eviware.com/soapui/config">A1C 2V5</con:entry><con:entry xmlns:con="http://eviware.com/soapui/config"><![CDATA[<sws:Address1>8 Merrymeeting Rd</sws:Address1>             <sws:Address2/>             <sws:City>St John's</sws:City>             <sws:State>NL</sws:State>             <sws:PostalCode>A1C 2V5</sws:PostalCode>             <sws:Country>CA</sws:Country>]]]]>><![CDATA[</con:entry><con:entry xmlns:con="http://eviware.com/soapui/config"/></xml-fragment>]]></row>
          <row><![CDATA[<xml-fragment><con:entry xmlns:con="http://eviware.com/soapui/config">USPS</con:entry><con:entry xmlns:con="http://eviware.com/soapui/config">US-EMI</con:entry><con:entry xmlns:con="http://eviware.com/soapui/config">Package</con:entry><con:entry xmlns:con="http://eviware.com/soapui/config">A1C 2V5</con:entry><con:entry xmlns:con="http://eviware.com/soapui/config"><![CDATA[<sws:Address1>8 Merrymeeting Rd</sws:Address1>             <sws:Address2/>             <sws:City>St John's</sws:City>             <sws:State>NL</sws:State>             <sws:PostalCode>A1C 2V5</sws:PostalCode>             <sws:Country>CA</sws:Country>]]]]>><![CDATA[</con:entry><con:entry xmlns:con="http://eviware.com/soapui/config"/></xml-fragment>]]></row>
          <row><![CDATA[<xml-fragment><con:entry xmlns:con="http://eviware.com/soapui/config">USPS</con:entry><con:entry xmlns:con="http://eviware.com/soapui/config">US-EMI</con:entry><con:entry xmlns:con="http://eviware.com/soapui/config">Thick Envelope</con:entry><con:entry xmlns:con="http://eviware.com/soapui/config">A1C 2V5</con:entry><con:entry xmlns:con="http://eviware.com/soapui/config"><![CDATA[<sws:Address1>8 Merrymeeting Rd</sws:Address1>             <sws:Address2/>             <sws:City>St John's</sws:City>             <sws:State>NL</sws:State>             <sws:PostalCode>A1C 2V5</sws:PostalCode>             <sws:Country>CA</sws:Country>]]]]>><![CDATA[</con:entry><con:entry xmlns:con="http://eviware.com/soapui/config"/></xml-fragment>]]></row>
          <row><![CDATA[<xml-fragment><con:entry xmlns:con="http://eviware.com/soapui/config">USPS</con:entry><con:entry xmlns:con="http://eviware.com/soapui/config">US-EMI</con:entry><con:entry xmlns:con="http://eviware.com/soapui/config">Legal Flat Rate Envelope</con:entry><con:entry xmlns:con="http://eviware.com/soapui/config">A1C 2V5</con:entry><con:entry xmlns:con="http://eviware.com/soapui/config"><![CDATA[<sws:Address1>8 Merrymeeting Rd</sws:Address1>             <sws:Address2/>             <sws:City>St John's</sws:City>             <sws:State>NL</sws:State>             <sws:PostalCode>A1C 2V5</sws:PostalCode>             <sws:Country>CA</sws:Country>]]]]>><![CDATA[</con:entry><con:entry xmlns:con="http://eviware.com/soapui/config"/></xml-fragment>]]></row>
          <row><![CDATA[<xml-fragment><con:entry xmlns:con="http://eviware.com/soapui/config">USPS</con:entry><con:entry xmlns:con="http://eviware.com/soapui/config">US-EMI</con:entry><con:entry xmlns:con="http://eviware.com/soapui/config">Flat Rate Envelope</con:entry><con:entry xmlns:con="http://eviware.com/soapui/config">A1C 2V5</con:entry><con:entry xmlns:con="http://eviware.com/soapui/config"><![CDATA[<sws:Address1>8 Merrymeeting Rd</sws:Address1>             <sws:Address2/>             <sws:City>St John's</sws:City>             <sws:State>NL</sws:State>             <sws:PostalCode>A1C 2V5</sws:PostalCode>             <sws:Country>CA</sws:Country>]]]]>><![CDATA[</con:entry><con:entry xmlns:con="http://eviware.com/soapui/config"/></xml-fragment>]]></row>
          <row><![CDATA[<xml-fragment><con:entry xmlns:con="http://eviware.com/soapui/config">USPS</con:entry><con:entry xmlns:con="http://eviware.com/soapui/config">US-EMI</con:entry><con:entry xmlns:con="http://eviware.com/soapui/config">Flat Rate Padded Envelope</con:entry><con:entry xmlns:con="http://eviware.com/soapui/config">A1C 2V5</con:entry><con:entry xmlns:con="http://eviware.com/soapui/config"><![CDATA[<sws:Address1>8 Merrymeeting Rd</sws:Address1>             <sws:Address2/>             <sws:City>St John's</sws:City>             <sws:State>NL</sws:State>             <sws:PostalCode>A1C 2V5</sws:PostalCode>             <sws:Country>CA</sws:Country>]]]]>><![CDATA[</con:entry><con:entry xmlns:con="http://eviware.com/soapui/config"/></xml-fragment>]]></row>
          <row><![CDATA[<xml-fragment><con:entry xmlns:con="http://eviware.com/soapui/config">USPS</con:entry><con:entry xmlns:con="http://eviware.com/soapui/config">US-FC</con:entry><con:entry xmlns:con="http://eviware.com/soapui/config">Package</con:entry><con:entry xmlns:con="http://eviware.com/soapui/config">14203</con:entry><con:entry xmlns:con="http://eviware.com/soapui/config"><![CDATA[<sws:Address1>123 MAIN ST</sws:Address1>             <sws:City>BUFFALO</sws:City>             <sws:State>NY</sws:State>             <sws:ZIPCode>14203</sws:ZIPCode>             <sws:ZIPCodeAddOn>3042</sws:ZIPCodeAddOn>]]]]>><![CDATA[</con:entry><con:entry xmlns:con="http://eviware.com/soapui/config"/></xml-fragment>]]></row>
          <row><![CDATA[<xml-fragment><con:entry xmlns:con="http://eviware.com/soapui/config">USPS</con:entry><con:entry xmlns:con="http://eviware.com/soapui/config">US-FC</con:entry><con:entry xmlns:con="http://eviware.com/soapui/config">Large Envelope or Flat</con:entry><con:entry xmlns:con="http://eviware.com/soapui/config">14203</con:entry><con:entry xmlns:con="http://eviware.com/soapui/config"><![CDATA[<sws:Address1>123 MAIN ST</sws:Address1>             <sws:City>BUFFALO</sws:City>             <sws:State>NY</sws:State>             <sws:ZIPCode>14203</sws:ZIPCode>             <sws:ZIPCodeAddOn>3042</sws:ZIPCodeAddOn>]]]]>><![CDATA[</con:entry><con:entry xmlns:con="http://eviware.com/soapui/config"/></xml-fragment>]]></row>
          <row><![CDATA[<xml-fragment><con:entry xmlns:con="http://eviware.com/soapui/config">USPS</con:entry><con:entry xmlns:con="http://eviware.com/soapui/config">US-FC</con:entry><con:entry xmlns:con="http://eviware.com/soapui/config">Thick Envelope</con:entry><con:entry xmlns:con="http://eviware.com/soapui/config">14203</con:entry><con:entry xmlns:con="http://eviware.com/soapui/config"><![CDATA[<sws:Address1>123 MAIN ST</sws:Address1>             <sws:City>BUFFALO</sws:City>             <sws:State>NY</sws:State>             <sws:ZIPCode>14203</sws:ZIPCode>             <sws:ZIPCodeAddOn>3042</sws:ZIPCodeAddOn>]]]]>><![CDATA[</con:entry><con:entry xmlns:con="http://eviware.com/soapui/config"/></xml-fragment>]]></row>
          <row><![CDATA[<xml-fragment><con:entry xmlns:con="http://eviware.com/soapui/config">USPS</con:entry><con:entry xmlns:con="http://eviware.com/soapui/config">US-PS</con:entry><con:entry xmlns:con="http://eviware.com/soapui/config">Package</con:entry><con:entry xmlns:con="http://eviware.com/soapui/config">14203</con:entry><con:entry xmlns:con="http://eviware.com/soapui/config"><![CDATA[<sws:Address1>123 MAIN ST</sws:Address1>             <sws:City>BUFFALO</sws:City>             <sws:State>NY</sws:State>             <sws:ZIPCode>14203</sws:ZIPCode>             <sws:ZIPCodeAddOn>3042</sws:ZIPCodeAddOn>]]]]>><![CDATA[</con:entry><con:entry xmlns:con="http://eviware.com/soapui/config"/></xml-fragment>]]></row>
          <row><![CDATA[<xml-fragment><con:entry xmlns:con="http://eviware.com/soapui/config">USPS</con:entry><con:entry xmlns:con="http://eviware.com/soapui/config">US-PS</con:entry><con:entry xmlns:con="http://eviware.com/soapui/config">Large Package</con:entry><con:entry xmlns:con="http://eviware.com/soapui/config">14203</con:entry><con:entry xmlns:con="http://eviware.com/soapui/config"><![CDATA[<sws:Address1>123 MAIN ST</sws:Address1>             <sws:City>BUFFALO</sws:City>             <sws:State>NY</sws:State>             <sws:ZIPCode>14203</sws:ZIPCode>             <sws:ZIPCodeAddOn>3042</sws:ZIPCodeAddOn>]]]]>><![CDATA[</con:entry><con:entry xmlns:con="http://eviware.com/soapui/config"/></xml-fragment>]]></row>
          <row><![CDATA[<xml-fragment><con:entry xmlns:con="http://eviware.com/soapui/config">USPS</con:entry><con:entry xmlns:con="http://eviware.com/soapui/config">US-PS</con:entry><con:entry xmlns:con="http://eviware.com/soapui/config">Oversized Package</con:entry><con:entry xmlns:con="http://eviware.com/soapui/config">14203</con:entry><con:entry xmlns:con="http://eviware.com/soapui/config"><![CDATA[<sws:Address1>123 MAIN ST</sws:Address1>             <sws:City>BUFFALO</sws:City>             <sws:State>NY</sws:State>             <sws:ZIPCode>14203</sws:ZIPCode>             <sws:ZIPCodeAddOn>3042</sws:ZIPCodeAddOn>]]]]>><![CDATA[</con:entry><con:entry xmlns:con="http://eviware.com/soapui/config"/></xml-fragment>]]></row>
          <row><![CDATA[<xml-fragment><con:entry xmlns:con="http://eviware.com/soapui/config">USPS</con:entry><con:entry xmlns:con="http://eviware.com/soapui/config">US-LM</con:entry><con:entry xmlns:con="http://eviware.com/soapui/config">Package</con:entry><con:entry xmlns:con="http://eviware.com/soapui/config">14203</con:entry><con:entry xmlns:con="http://eviware.com/soapui/config"><![CDATA[<sws:Address1>123 MAIN ST</sws:Address1>             <sws:City>BUFFALO</sws:City>             <sws:State>NY</sws:State>             <sws:ZIPCode>14203</sws:ZIPCode>             <sws:ZIPCodeAddOn>3042</sws:ZIPCodeAddOn>]]]]>><![CDATA[</con:entry><con:entry xmlns:con="http://eviware.com/soapui/config"/></xml-fragment>]]></row>
          <row><![CDATA[<xml-fragment><con:entry xmlns:con="http://eviware.com/soapui/config">USPS</con:entry><con:entry xmlns:con="http://eviware.com/soapui/config">US-FCI</con:entry><con:entry xmlns:con="http://eviware.com/soapui/config">Large Envelope or Flat</con:entry><con:entry xmlns:con="http://eviware.com/soapui/config">A1C 2V5</con:entry><con:entry xmlns:con="http://eviware.com/soapui/config"><![CDATA[<sws:Address1>8 Merrymeeting Rd</sws:Address1>             <sws:Address2/>             <sws:City>St John's</sws:City>             <sws:State>NL</sws:State>             <sws:PostalCode>A1C 2V5</sws:PostalCode>             <sws:Country>CA</sws:Country>]]]]>><![CDATA[</con:entry><con:entry xmlns:con="http://eviware.com/soapui/config"/></xml-fragment>]]></row>
          <row><![CDATA[<xml-fragment><con:entry xmlns:con="http://eviware.com/soapui/config">USPS</con:entry><con:entry xmlns:con="http://eviware.com/soapui/config">US-FCI</con:entry><con:entry xmlns:con="http://eviware.com/soapui/config">Package</con:entry><con:entry xmlns:con="http://eviware.com/soapui/config">A1C 2V5</con:entry><con:entry xmlns:con="http://eviware.com/soapui/config"><![CDATA[<sws:Address1>8 Merrymeeting Rd</sws:Address1>             <sws:Address2/>             <sws:City>St John's</sws:City>             <sws:State>NL</sws:State>             <sws:PostalCode>A1C 2V5</sws:PostalCode>             <sws:Country>CA</sws:Country>]]]]>><![CDATA[</con:entry><con:entry xmlns:con="http://eviware.com/soapui/config"/></xml-fragment>]]></row>
          <row><![CDATA[<xml-fragment><con:entry xmlns:con="http://eviware.com/soapui/config">USPS</con:entry><con:entry xmlns:con="http://eviware.com/soapui/config">US-PMI</con:entry><con:entry xmlns:con="http://eviware.com/soapui/config">Large Envelope or Flat</con:entry><con:entry xmlns:con="http://eviware.com/soapui/config">A1C 2V5</con:entry><con:entry xmlns:con="http://eviware.com/soapui/config"><![CDATA[<sws:Address1>8 Merrymeeting Rd</sws:Address1>             <sws:Address2/>             <sws:City>St John's</sws:City>             <sws:State>NL</sws:State>             <sws:PostalCode>A1C 2V5</sws:PostalCode>             <sws:Country>CA</sws:Country>]]]]>><![CDATA[</con:entry><con:entry xmlns:con="http://eviware.com/soapui/config"/></xml-fragment>]]></row>
          <row><![CDATA[<xml-fragment><con:entry xmlns:con="http://eviware.com/soapui/config">USPS</con:entry><con:entry xmlns:con="http://eviware.com/soapui/config">US-PMI</con:entry><con:entry xmlns:con="http://eviware.com/soapui/config">Package</con:entry><con:entry xmlns:con="http://eviware.com/soapui/config">A1C 2V5</con:entry><con:entry xmlns:con="http://eviware.com/soapui/config"><![CDATA[<sws:Address1>8 Merrymeeting Rd</sws:Address1>             <sws:Address2/>             <sws:City>St John's</sws:City>             <sws:State>NL</sws:State>             <sws:PostalCode>A1C 2V5</sws:PostalCode>             <sws:Country>CA</sws:Country>]]]]>><![CDATA[</con:entry><con:entry xmlns:con="http://eviware.com/soapui/config"/></xml-fragment>]]></row>
          <row><![CDATA[<xml-fragment><con:entry xmlns:con="http://eviware.com/soapui/config">USPS</con:entry><con:entry xmlns:con="http://eviware.com/soapui/config">US-PMI</con:entry><con:entry xmlns:con="http://eviware.com/soapui/config">Thick Envelope</con:entry><con:entry xmlns:con="http://eviware.com/soapui/config">A1C 2V5</con:entry><con:entry xmlns:con="http://eviware.com/soapui/config"><![CDATA[<sws:Address1>8 Merrymeeting Rd</sws:Address1>             <sws:Address2/>             <sws:City>St John's</sws:City>             <sws:State>NL</sws:State>             <sws:PostalCode>A1C 2V5</sws:PostalCode>             <sws:Country>CA</sws:Country>]]]]>><![CDATA[</con:entry><con:entry xmlns:con="http://eviware.com/soapui/config"/></xml-fragment>]]></row>
          <row><![CDATA[<xml-fragment><con:entry xmlns:con="http://eviware.com/soapui/config">USPS</con:entry><con:entry xmlns:con="http://eviware.com/soapui/config">US-PMI</con:entry><con:entry xmlns:con="http://eviware.com/soapui/config">Package</con:entry><con:entry xmlns:con="http://eviware.com/soapui/config">A1C 2V5</con:entry><con:entry xmlns:con="http://eviware.com/soapui/config"><![CDATA[<sws:Address1>8 Merrymeeting Rd</sws:Address1>             <sws:Address2/>             <sws:City>St John's</sws:City>             <sws:State>NL</sws:State>             <sws:PostalCode>A1C 2V5</sws:PostalCode>             <sws:Country>CA</sws:Country>]]]]>><![CDATA[</con:entry><con:entry xmlns:con="http://eviware.com/soapui/config"/></xml-fragment>]]></row>
          <row><![CDATA[<xml-fragment><con:entry xmlns:con="http://eviware.com/soapui/config">USPS</con:entry><con:entry xmlns:con="http://eviware.com/soapui/config">US-PM</con:entry><con:entry xmlns:con="http://eviware.com/soapui/config">Large Package</con:entry><con:entry xmlns:con="http://eviware.com/soapui/config">14203</con:entry><con:entry xmlns:con="http://eviware.com/soapui/config"><![CDATA[<sws:Address1>123 MAIN ST</sws:Address1>             <sws:City>BUFFALO</sws:City>             <sws:State>NY</sws:State>             <sws:ZIPCode>14203</sws:ZIPCode>             <sws:ZIPCodeAddOn>3042</sws:ZIPCodeAddOn>]]]]>><![CDATA[</con:entry><con:entry xmlns:con="http://eviware.com/soapui/config"/></xml-fragment>]]></row>
          <row><![CDATA[<xml-fragment><con:entry xmlns:con="http://eviware.com/soapui/config">USPS</con:entry><con:entry xmlns:con="http://eviware.com/soapui/config">US-PM</con:entry><con:entry xmlns:con="http://eviware.com/soapui/config">Legal Flat Rate Envelope</con:entry><con:entry xmlns:con="http://eviware.com/soapui/config">14203</con:entry><con:entry xmlns:con="http://eviware.com/soapui/config"><![CDATA[<sws:Address1>123 MAIN ST</sws:Address1>             <sws:City>BUFFALO</sws:City>             <sws:State>NY</sws:State>             <sws:ZIPCode>14203</sws:ZIPCode>             <sws:ZIPCodeAddOn>3042</sws:ZIPCodeAddOn>]]]]>><![CDATA[</con:entry><con:entry xmlns:con="http://eviware.com/soapui/config"/></xml-fragment>]]></row>
          <row><![CDATA[<xml-fragment><con:entry xmlns:con="http://eviware.com/soapui/config">USPS</con:entry><con:entry xmlns:con="http://eviware.com/soapui/config">US-PM</con:entry><con:entry xmlns:con="http://eviware.com/soapui/config">Flat Rate Envelope</con:entry><con:entry xmlns:con="http://eviware.com/soapui/config">14203</con:entry><con:entry xmlns:con="http://eviware.com/soapui/config"><![CDATA[<sws:Address1>123 MAIN ST</sws:Address1>             <sws:City>BUFFALO</sws:City>             <sws:State>NY</sws:State>             <sws:ZIPCode>14203</sws:ZIPCode>             <sws:ZIPCodeAddOn>3042</sws:ZIPCodeAddOn>]]]]>><![CDATA[</con:entry><con:entry xmlns:con="http://eviware.com/soapui/config"/></xml-fragment>]]></row>
          <row><![CDATA[<xml-fragment><con:entry xmlns:con="http://eviware.com/soapui/config">USPS</con:entry><con:entry xmlns:con="http://eviware.com/soapui/config">US-PM</con:entry><con:entry xmlns:con="http://eviware.com/soapui/config">Small Flat Rate Box</con:entry><con:entry xmlns:con="http://eviware.com/soapui/config">14203</con:entry><con:entry xmlns:con="http://eviware.com/soapui/config"><![CDATA[<sws:Address1>123 MAIN ST</sws:Address1>             <sws:City>BUFFALO</sws:City>             <sws:State>NY</sws:State>             <sws:ZIPCode>14203</sws:ZIPCode>             <sws:ZIPCodeAddOn>3042</sws:ZIPCodeAddOn>]]]]>><![CDATA[</con:entry><con:entry xmlns:con="http://eviware.com/soapui/config"/></xml-fragment>]]></row>
          <row><![CDATA[<xml-fragment><con:entry xmlns:con="http://eviware.com/soapui/config">USPS</con:entry><con:entry xmlns:con="http://eviware.com/soapui/config">US-PM</con:entry><con:entry xmlns:con="http://eviware.com/soapui/config">Flat Rate Box</con:entry><con:entry xmlns:con="http://eviware.com/soapui/config">14203</con:entry><con:entry xmlns:con="http://eviware.com/soapui/config"><![CDATA[<sws:Address1>123 MAIN ST</sws:Address1>             <sws:City>BUFFALO</sws:City>             <sws:State>NY</sws:State>             <sws:ZIPCode>14203</sws:ZIPCode>             <sws:ZIPCodeAddOn>3042</sws:ZIPCodeAddOn>]]]]>><![CDATA[</con:entry><con:entry xmlns:con="http://eviware.com/soapui/config"/></xml-fragment>]]></row>
          <row><![CDATA[<xml-fragment><con:entry xmlns:con="http://eviware.com/soapui/config">USPS</con:entry><con:entry xmlns:con="http://eviware.com/soapui/config">US-PM</con:entry><con:entry xmlns:con="http://eviware.com/soapui/config">Large Flat Rate Box</con:entry><con:entry xmlns:con="http://eviware.com/soapui/config">14203</con:entry><con:entry xmlns:con="http://eviware.com/soapui/config"><![CDATA[<sws:Address1>123 MAIN ST</sws:Address1>             <sws:City>BUFFALO</sws:City>             <sws:State>NY</sws:State>             <sws:ZIPCode>14203</sws:ZIPCode>             <sws:ZIPCodeAddOn>3042</sws:ZIPCodeAddOn>]]]]>><![CDATA[</con:entry><con:entry xmlns:con="http://eviware.com/soapui/config"/></xml-fragment>]]></row>
          <row><![CDATA[<xml-fragment><con:entry xmlns:con="http://eviware.com/soapui/config">USPS</con:entry><con:entry xmlns:con="http://eviware.com/soapui/config">US-PM</con:entry><con:entry xmlns:con="http://eviware.com/soapui/config">Flat Rate Padded Envelope</con:entry><con:entry xmlns:con="http://eviware.com/soapui/config">14203</con:entry><con:entry xmlns:con="http://eviware.com/soapui/config"><![CDATA[<sws:Address1>123 MAIN ST</sws:Address1>             <sws:City>BUFFALO</sws:City>             <sws:State>NY</sws:State>             <sws:ZIPCode>14203</sws:ZIPCode>             <sws:ZIPCodeAddOn>3042</sws:ZIPCodeAddOn>]]]]>><![CDATA[</con:entry><con:entry xmlns:con="http://eviware.com/soapui/config"/></xml-fragment>]]></row>
          <row><![CDATA[<xml-fragment><con:entry xmlns:con="http://eviware.com/soapui/config">USPS</con:entry><con:entry xmlns:con="http://eviware.com/soapui/config">US-PM</con:entry><con:entry xmlns:con="http://eviware.com/soapui/config">Regional Rate Box A</con:entry><con:entry xmlns:con="http://eviware.com/soapui/config">14203</con:entry><con:entry xmlns:con="http://eviware.com/soapui/config"><![CDATA[<sws:Address1>123 MAIN ST</sws:Address1>             <sws:City>BUFFALO</sws:City>             <sws:State>NY</sws:State>             <sws:ZIPCode>14203</sws:ZIPCode>             <sws:ZIPCodeAddOn>3042</sws:ZIPCodeAddOn>]]]]>><![CDATA[</con:entry><con:entry xmlns:con="http://eviware.com/soapui/config"/></xml-fragment>]]></row>
          <row><![CDATA[<xml-fragment><con:entry xmlns:con="http://eviware.com/soapui/config">USPS</con:entry><con:entry xmlns:con="http://eviware.com/soapui/config">US-PM</con:entry><con:entry xmlns:con="http://eviware.com/soapui/config">Regional Rate Box B</con:entry><con:entry xmlns:con="http://eviware.com/soapui/config">14203</con:entry><con:entry xmlns:con="http://eviware.com/soapui/config"><![CDATA[<sws:Address1>123 MAIN ST</sws:Address1>             <sws:City>BUFFALO</sws:City>             <sws:State>NY</sws:State>             <sws:ZIPCode>14203</sws:ZIPCode>             <sws:ZIPCodeAddOn>3042</sws:ZIPCodeAddOn>]]]]>><![CDATA[</con:entry><con:entry xmlns:con="http://eviware.com/soapui/config"/></xml-fragment>]]></row>
          <row><![CDATA[<xml-fragment><con:entry xmlns:con="http://eviware.com/soapui/config">USPS</con:entry><con:entry xmlns:con="http://eviware.com/soapui/config">US-PM</con:entry><con:entry xmlns:con="http://eviware.com/soapui/config">Large Envelope or Flat</con:entry><con:entry xmlns:con="http://eviware.com/soapui/config">14203</con:entry><con:entry xmlns:con="http://eviware.com/soapui/config"><![CDATA[<sws:Address1>123 MAIN ST</sws:Address1>             <sws:City>BUFFALO</sws:City>             <sws:State>NY</sws:State>             <sws:ZIPCode>14203</sws:ZIPCode>             <sws:ZIPCodeAddOn>3042</sws:ZIPCodeAddOn>]]]]>><![CDATA[</con:entry><con:entry xmlns:con="http://eviware.com/soapui/config"/></xml-fragment>]]></row>
          <row><![CDATA[<xml-fragment><con:entry xmlns:con="http://eviware.com/soapui/config">USPS</con:entry><con:entry xmlns:con="http://eviware.com/soapui/config">US-PM</con:entry><con:entry xmlns:con="http://eviware.com/soapui/config">Package</con:entry><con:entry xmlns:con="http://eviware.com/soapui/config">14203</con:entry><con:entry xmlns:con="http://eviware.com/soapui/config"><![CDATA[<sws:Address1>123 MAIN ST</sws:Address1>             <sws:City>BUFFALO</sws:City>             <sws:State>NY</sws:State>             <sws:ZIPCode>14203</sws:ZIPCode>             <sws:ZIPCodeAddOn>3042</sws:ZIPCodeAddOn>]]]]>><![CDATA[</con:entry><con:entry xmlns:con="http://eviware.com/soapui/config"/></xml-fragment>]]></row>
          <row><![CDATA[<xml-fragment><con:entry xmlns:con="http://eviware.com/soapui/config">USPS</con:entry><con:entry xmlns:con="http://eviware.com/soapui/config">US-MM</con:entry><con:entry xmlns:con="http://eviware.com/soapui/config">Package</con:entry><con:entry xmlns:con="http://eviware.com/soapui/config">14203</con:entry><con:entry xmlns:con="http://eviware.com/soapui/config"><![CDATA[<sws:Address1>123 MAIN ST</sws:Address1>             <sws:City>BUFFALO</sws:City>             <sws:State>NY</sws:State>             <sws:ZIPCode>14203</sws:ZIPCode>             <sws:ZIPCodeAddOn>3042</sws:ZIPCodeAddOn>]]]]>><![CDATA[</con:entry><con:entry xmlns:con="http://eviware.com/soapui/config"/></xml-fragment>]]></row>
          <row><![CDATA[<xml-fragment><con:entry xmlns:con="http://eviware.com/soapui/config">USPS</con:entry><con:entry xmlns:con="http://eviware.com/soapui/config">US-MM</con:entry><con:entry xmlns:con="http://eviware.com/soapui/config">Thick Envelope</con:entry><con:entry xmlns:con="http://eviware.com/soapui/config">14203</con:entry><con:entry xmlns:con="http://eviware.com/soapui/config"><![CDATA[<sws:Address1>123 MAIN ST</sws:Address1>             <sws:City>BUFFALO</sws:City>             <sws:State>NY</sws:State>             <sws:ZIPCode>14203</sws:ZIPCode>             <sws:ZIPCodeAddOn>3042</sws:ZIPCodeAddOn>]]]]>><![CDATA[</con:entry><con:entry xmlns:con="http://eviware.com/soapui/config"/></xml-fragment>]]></row>
          <row><![CDATA[<xml-fragment><con:entry xmlns:con="http://eviware.com/soapui/config">USPS</con:entry><con:entry xmlns:con="http://eviware.com/soapui/config">US-XM</con:entry><con:entry xmlns:con="http://eviware.com/soapui/config">Package</con:entry><con:entry xmlns:con="http://eviware.com/soapui/config">14203</con:entry><con:entry xmlns:con="http://eviware.com/soapui/config"><![CDATA[<sws:Address1>123 MAIN ST</sws:Address1>             <sws:City>BUFFALO</sws:City>             <sws:State>NY</sws:State>             <sws:ZIPCode>14203</sws:ZIPCode>             <sws:ZIPCodeAddOn>3042</sws:ZIPCodeAddOn>]]]]>><![CDATA[</con:entry><con:entry xmlns:con="http://eviware.com/soapui/config"/></xml-fragment>]]></row>
          <row><![CDATA[<xml-fragment><con:entry xmlns:con="http://eviware.com/soapui/config">USPS</con:entry><con:entry xmlns:con="http://eviware.com/soapui/config">US-XM</con:entry><con:entry xmlns:con="http://eviware.com/soapui/config">Large Package</con:entry><con:entry xmlns:con="http://eviware.com/soapui/config">14203</con:entry><con:entry xmlns:con="http://eviware.com/soapui/config"><![CDATA[<sws:Address1>123 MAIN ST</sws:Address1>             <sws:City>BUFFALO</sws:City>             <sws:State>NY</sws:State>             <sws:ZIPCode>14203</sws:ZIPCode>             <sws:ZIPCodeAddOn>3042</sws:ZIPCodeAddOn>]]]]>><![CDATA[</con:entry><con:entry xmlns:con="http://eviware.com/soapui/config"/></xml-fragment>]]></row>
          <row><![CDATA[<xml-fragment><con:entry xmlns:con="http://eviware.com/soapui/config">USPS</con:entry><con:entry xmlns:con="http://eviware.com/soapui/config">US-XM</con:entry><con:entry xmlns:con="http://eviware.com/soapui/config">Thick Envelope</con:entry><con:entry xmlns:con="http://eviware.com/soapui/config">14203</con:entry><con:entry xmlns:con="http://eviware.com/soapui/config"><![CDATA[<sws:Address1>123 MAIN ST</sws:Address1>             <sws:City>BUFFALO</sws:City>             <sws:State>NY</sws:State>             <sws:ZIPCode>14203</sws:ZIPCode>             <sws:ZIPCodeAddOn>3042</sws:ZIPCodeAddOn>]]]]>><![CDATA[</con:entry><con:entry xmlns:con="http://eviware.com/soapui/config"/></xml-fragment>]]></row>
          <row><![CDATA[<xml-fragment><con:entry xmlns:con="http://eviware.com/soapui/config">USPS</con:entry><con:entry xmlns:con="http://eviware.com/soapui/config">US-XM</con:entry><con:entry xmlns:con="http://eviware.com/soapui/config">Flat Rate Envelope</con:entry><con:entry xmlns:con="http://eviware.com/soapui/config">14203</con:entry><con:entry xmlns:con="http://eviware.com/soapui/config"><![CDATA[<sws:Address1>123 MAIN ST</sws:Address1>             <sws:City>BUFFALO</sws:City>             <sws:State>NY</sws:State>             <sws:ZIPCode>14203</sws:ZIPCode>             <sws:ZIPCodeAddOn>3042</sws:ZIPCodeAddOn>]]]]>><![CDATA[</con:entry><con:entry xmlns:con="http://eviware.com/soapui/config"/></xml-fragment>]]></row>
          <row><![CDATA[<xml-fragment><con:entry xmlns:con="http://eviware.com/soapui/config">USPS</con:entry><con:entry xmlns:con="http://eviware.com/soapui/config">US-XM</con:entry><con:entry xmlns:con="http://eviware.com/soapui/config">Legal Flat Rate Envelope</con:entry><con:entry xmlns:con="http://eviware.com/soapui/config">14203</con:entry><con:entry xmlns:con="http://eviware.com/soapui/config"><![CDATA[<sws:Address1>123 MAIN ST</sws:Address1>             <sws:City>BUFFALO</sws:City>             <sws:State>NY</sws:State>             <sws:ZIPCode>14203</sws:ZIPCode>             <sws:ZIPCodeAddOn>3042</sws:ZIPCodeAddOn>]]]]>><![CDATA[</con:entry><con:entry xmlns:con="http://eviware.com/soapui/config"/></xml-fragment>]]></row>
          <row><![CDATA[<xml-fragment><con:entry xmlns:con="http://eviware.com/soapui/config">USPS</con:entry><con:entry xmlns:con="http://eviware.com/soapui/config">US-XM</con:entry><con:entry xmlns:con="http://eviware.com/soapui/config">Flat Rate Padded Envelope</con:entry><con:entry xmlns:con="http://eviware.com/soapui/config">14203</con:entry><con:entry xmlns:con="http://eviware.com/soapui/config"><![CDATA[<sws:Address1>123 MAIN ST</sws:Address1>             <sws:City>BUFFALO</sws:City>             <sws:State>NY</sws:State>             <sws:ZIPCode>14203</sws:ZIPCode>             <sws:ZIPCodeAddOn>3042</sws:ZIPCodeAddOn>]]]]>><![CDATA[</con:entry><con:entry xmlns:con="http://eviware.com/soapui/config"/></xml-fragment>]]></row>
          <row><![CDATA[<xml-fragment><con:entry xmlns:con="http://eviware.com/soapui/config">USPS</con:entry><con:entry xmlns:con="http://eviware.com/soapui/config">US-PMI</con:entry><con:entry xmlns:con="http://eviware.com/soapui/config">Small Flat Rate Box</con:entry><con:entry xmlns:con="http://eviware.com/soapui/config">A1C 2V5</con:entry><con:entry xmlns:con="http://eviware.com/soapui/config"><![CDATA[<sws:Address1>8 Merrymeeting Rd</sws:Address1>             <sws:Address2/>             <sws:City>St John's</sws:City>             <sws:State>NL</sws:State>             <sws:PostalCode>A1C 2V5</sws:PostalCode>             <sws:Country>CA</sws:Country>]]]]>><![CDATA[</con:entry><con:entry xmlns:con="http://eviware.com/soapui/config"/></xml-fragment>]]></row>
          <row><![CDATA[<xml-fragment><con:entry xmlns:con="http://eviware.com/soapui/config">USPS</con:entry><con:entry xmlns:con="http://eviware.com/soapui/config">US-PMI</con:entry><con:entry xmlns:con="http://eviware.com/soapui/config">Large Flat Rate Box</con:entry><con:entry xmlns:con="http://eviware.com/soapui/config">A1C 2V5</con:entry><con:entry xmlns:con="http://eviware.com/soapui/config"><![CDATA[<sws:Address1>8 Merrymeeting Rd</sws:Address1>             <sws:Address2/>             <sws:City>St John's</sws:City>             <sws:State>NL</sws:State>             <sws:PostalCode>A1C 2V5</sws:PostalCode>             <sws:Country>CA</sws:Country>]]]]>><![CDATA[</con:entry><con:entry xmlns:con="http://eviware.com/soapui/config"/></xml-fragment>]]></row>
          <row><![CDATA[<xml-fragment><con:entry xmlns:con="http://eviware.com/soapui/config">USPS</con:entry><con:entry xmlns:con="http://eviware.com/soapui/config">US-PMI</con:entry><con:entry xmlns:con="http://eviware.com/soapui/config">Legal Flat Rate Envelope</con:entry><con:entry xmlns:con="http://eviware.com/soapui/config">A1C 2V5</con:entry><con:entry xmlns:con="http://eviware.com/soapui/config"><![CDATA[<sws:Address1>8 Merrymeeting Rd</sws:Address1>             <sws:Address2/>             <sws:City>St John's</sws:City>             <sws:State>NL</sws:State>             <sws:PostalCode>A1C 2V5</sws:PostalCode>             <sws:Country>CA</sws:Country>]]]]>><![CDATA[</con:entry><con:entry xmlns:con="http://eviware.com/soapui/config"/></xml-fragment>]]></row>
          <row><![CDATA[<xml-fragment><con:entry xmlns:con="http://eviware.com/soapui/config">USPS</con:entry><con:entry xmlns:con="http://eviware.com/soapui/config">US-PMI</con:entry><con:entry xmlns:con="http://eviware.com/soapui/config">Flat Rate Padded Envelope</con:entry><con:entry xmlns:con="http://eviware.com/soapui/config">A1C 2V5</con:entry><con:entry xmlns:con="http://eviware.com/soapui/config"><![CDATA[<sws:Address1>8 Merrymeeting Rd</sws:Address1>             <sws:Address2/>             <sws:City>St John's</sws:City>             <sws:State>NL</sws:State>             <sws:PostalCode>A1C 2V5</sws:PostalCode>             <sws:Country>CA</sws:Country>]]]]>><![CDATA[</con:entry><con:entry xmlns:con="http://eviware.com/soapui/config"/></xml-fragment>]]></row>
          <row><![CDATA[<xml-fragment><con:entry xmlns:con="http://eviware.com/soapui/config">USPS</con:entry><con:entry xmlns:con="http://eviware.com/soapui/config">US-PMI</con:entry><con:entry xmlns:con="http://eviware.com/soapui/config">Flat Rate Box</con:entry><con:entry xmlns:con="http://eviware.com/soapui/config">A1C 2V5</con:entry><con:entry xmlns:con="http://eviware.com/soapui/config"><![CDATA[<sws:Address1>8 Merrymeeting Rd</sws:Address1>             <sws:Address2/>             <sws:City>St John's</sws:City>             <sws:State>NL</sws:State>             <sws:PostalCode>A1C 2V5</sws:PostalCode>             <sws:Country>CA</sws:Country>]]]]>><![CDATA[</con:entry><con:entry xmlns:con="http://eviware.com/soapui/config"/></xml-fragment>]]></row>
          <row><![CDATA[<xml-fragment><con:entry xmlns:con="http://eviware.com/soapui/config">USPS</con:entry><con:entry xmlns:con="http://eviware.com/soapui/config">US-EMI</con:entry><con:entry xmlns:con="http://eviware.com/soapui/config">Package</con:entry><con:entry xmlns:con="http://eviware.com/soapui/config">A1C 2V5</con:entry><con:entry xmlns:con="http://eviware.com/soapui/config"><![CDATA[<sws:Address1>8 Merrymeeting Rd</sws:Address1>             <sws:Address2/>             <sws:City>St John's</sws:City>             <sws:State>NL</sws:State>             <sws:PostalCode>A1C 2V5</sws:PostalCode>             <sws:Country>CA</sws:Country>]]]]>><![CDATA[</con:entry><con:entry xmlns:con="http://eviware.com/soapui/config"/></xml-fragment>]]></row>
          <row><![CDATA[<xml-fragment><con:entry xmlns:con="http://eviware.com/soapui/config">USPS</con:entry><con:entry xmlns:con="http://eviware.com/soapui/config">US-EMI</con:entry><con:entry xmlns:con="http://eviware.com/soapui/config">Thick Envelope</con:entry><con:entry xmlns:con="http://eviware.com/soapui/config">A1C 2V5</con:entry><con:entry xmlns:con="http://eviware.com/soapui/config"><![CDATA[<sws:Address1>8 Merrymeeting Rd</sws:Address1>             <sws:Address2/>             <sws:City>St John's</sws:City>             <sws:State>NL</sws:State>             <sws:PostalCode>A1C 2V5</sws:PostalCode>             <sws:Country>CA</sws:Country>]]]]>><![CDATA[</con:entry><con:entry xmlns:con="http://eviware.com/soapui/config"/></xml-fragment>]]></row>
          <row><![CDATA[<xml-fragment><con:entry xmlns:con="http://eviware.com/soapui/config">USPS</con:entry><con:entry xmlns:con="http://eviware.com/soapui/config">US-EMI</con:entry><con:entry xmlns:con="http://eviware.com/soapui/config">Legal Flat Rate Envelope</con:entry><con:entry xmlns:con="http://eviware.com/soapui/config">A1C 2V5</con:entry><con:entry xmlns:con="http://eviware.com/soapui/config"><![CDATA[<sws:Address1>8 Merrymeeting Rd</sws:Address1>             <sws:Address2/>             <sws:City>St John's</sws:City>             <sws:State>NL</sws:State>             <sws:PostalCode>A1C 2V5</sws:PostalCode>             <sws:Country>CA</sws:Country>]]]]>><![CDATA[</con:entry><con:entry xmlns:con="http://eviware.com/soapui/config"/></xml-fragment>]]></row>
          <row><![CDATA[<xml-fragment><con:entry xmlns:con="http://eviware.com/soapui/config">USPS</con:entry><con:entry xmlns:con="http://eviware.com/soapui/config">US-EMI</con:entry><con:entry xmlns:con="http://eviware.com/soapui/config">Flat Rate Envelope</con:entry><con:entry xmlns:con="http://eviware.com/soapui/config">A1C 2V5</con:entry><con:entry xmlns:con="http://eviware.com/soapui/config"><![CDATA[<sws:Address1>8 Merrymeeting Rd</sws:Address1>             <sws:Address2/>             <sws:City>St John's</sws:City>             <sws:State>NL</sws:State>             <sws:PostalCode>A1C 2V5</sws:PostalCode>             <sws:Country>CA</sws:Country>]]]]>><![CDATA[</con:entry><con:entry xmlns:con="http://eviware.com/soapui/config"/></xml-fragment>]]></row>
          <row><![CDATA[<xml-fragment><con:entry xmlns:con="http://eviware.com/soapui/config">USPS</con:entry><con:entry xmlns:con="http://eviware.com/soapui/config">US-EMI</con:entry><con:entry xmlns:con="http://eviware.com/soapui/config">Flat Rate Padded Envelope</con:entry><con:entry xmlns:con="http://eviware.com/soapui/config">A1C 2V5</con:entry><con:entry xmlns:con="http://eviware.com/soapui/config"><![CDATA[<sws:Address1>8 Merrymeeting Rd</sws:Address1>             <sws:Address2/>             <sws:City>St John's</sws:City>             <sws:State>NL</sws:State>             <sws:PostalCode>A1C 2V5</sws:PostalCode>             <sws:Country>CA</sws:Country>]]]]>><![CDATA[</con:entry><con:entry xmlns:con="http://eviware.com/soapui/config"/></xml-fragment>]]></row>
          <row><![CDATA[<xml-fragment><con:entry xmlns:con="http://eviware.com/soapui/config">UPS</con:entry><con:entry xmlns:con="http://eviware.com/soapui/config">UPS-NDA</con:entry><con:entry xmlns:con="http://eviware.com/soapui/config">Package</con:entry><con:entry xmlns:con="http://eviware.com/soapui/config"/><con:entry xmlns:con="http://eviware.com/soapui/config"/><con:entry xmlns:con="http://eviware.com/soapui/config"/></xml-fragment>]]></row>
          <row><![CDATA[<xml-fragment><con:entry xmlns:con="http://eviware.com/soapui/config">DHL</con:entry><con:entry xmlns:con="http://eviware.com/soapui/config">DHL-EWW </con:entry><con:entry xmlns:con="http://eviware.com/soapui/config">Package</con:entry><con:entry xmlns:con="http://eviware.com/soapui/config"/><con:entry xmlns:con="http://eviware.com/soapui/config"/><con:entry xmlns:con="http://eviware.com/soapui/config"/></xml-fragment>]]></row>
          <row><![CDATA[<xml-fragment><con:entry xmlns:con="http://eviware.com/soapui/config">FedEx</con:entry><con:entry xmlns:con="http://eviware.com/soapui/config">FX-PO</con:entry><con:entry xmlns:con="http://eviware.com/soapui/config">Package</con:entry><con:entry xmlns:con="http://eviware.com/soapui/config"/><con:entry xmlns:con="http://eviware.com/soapui/config"/><con:entry xmlns:con="http://eviware.com/soapui/config"/></xml-fragment>]]></row>
          <row><![CDATA[<xml-fragment><con:entry xmlns:con="http://eviware.com/soapui/config">CanadaPost</con:entry><con:entry xmlns:con="http://eviware.com/soapui/config">CP-PM</con:entry><con:entry xmlns:con="http://eviware.com/soapui/config">Package</con:entry><con:entry xmlns:con="http://eviware.com/soapui/config"/><con:entry xmlns:con="http://eviware.com/soapui/config"/><con:entry xmlns:con="http://eviware.com/soapui/config"/></xml-fragment>]]></row>
          <row><![CDATA[<xml-fragment><con:entry xmlns:con="http://eviware.com/soapui/config">GlobalPost</con:entry><con:entry xmlns:con="http://eviware.com/soapui/config">SC-GPPSSS</con:entry><con:entry xmlns:con="http://eviware.com/soapui/config">Package</con:entry><con:entry xmlns:con="http://eviware.com/soapui/config"/><con:entry xmlns:con="http://eviware.com/soapui/config"/><con:entry xmlns:con="http://eviware.com/soapui/config"/></xml-fragment>]]></row>
          <recognizeAsPlainText>true</recognizeAsPlainText>
        </con:configuration>
      </con:dataSource>
      <con:shared>true</con:shared>
      <con:restartShared>true</con:restartShared>
      <con:property>Carrier</con:property>
      <con:property>Service Type</con:property>
      <con:property>Package Type</con:property>
      <con:property>ToZip</con:property>
      <con:property>ToAddress</con:property>
      <con:restartOnRun>true</con:restartOnRun>
    </con:config>
  </con:testStep>
  <con:testStep type="groovy" name="ControlFlow" id="415966a0-7fc1-46bc-baf0-13f98c4f1e21">
    <con:settings/>
    <con:config>
      <script>def carrierFromMainDS = context.expand( '${Data Source#Carrier}' )
def carrierFromPrintsDS = context.expand( '${Print#Carrier}' )
 

log.info(carrierFromMainDS)
log.info(carrierFromPrintsDS)
if(carrierFromMainDS != carrierFromPrintsDS)
{
	testRunner.gotoStepByName("PrintsLoop")
}</script>
    </con:config>
  </con:testStep>
  <con:testStep type="request" id="fc8091ad-6e73-406f-9bb8-ab63114f17ca" name="Create Indicium">
    <con:settings/>
    <con:config xsi:type="con:RequestStep" xmlns:xsi="http://www.w3.org/2001/XMLSchema-instance">
      <con:interface>SwsimV111Soap</con:interface>
      <con:operation>CreateIndicium</con:operation>
      <con:request name="Create Indicium" outgoingWss="" incomingWss="" timeout="" sslKeystore="" useWsAddressing="false" useWsReliableMessaging="false" wssPasswordType="" id="10a8cc89-181f-4e58-afbe-a1ae226e9193">
        <con:settings>
          <con:setting id="com.eviware.soapui.impl.wsdl.WsdlRequest@request-headers">&lt;entry key="SoapAction" value="${#Project#Namespace}/CreateIndicium" xmlns="http://eviware.com/soapui/config"/></con:setting>
        </con:settings>
        <con:encoding>UTF-8</con:encoding>
        <con:endpoint>${#Project#ServiceEndpoint}</con:endpoint>
        <con:request><![CDATA[<soapenv:Envelope xmlns:soapenv="http://schemas.xmlsoap.org/soap/envelope/" xmlns:sws="${#Project#Namespace}">
   <soapenv:Header/>
   <soapenv:Body>
      <sws:CreateIndicium>
         <sws:Credentials>
            <sws:IntegrationID>C27D7CDC-076E-4D62-98AA-AE45BF9B4B96</sws:IntegrationID>
            <sws:Username>rband459668</sws:Username>
            <sws:Password>pass1$</sws:Password>
         </sws:Credentials>
         <sws:IntegratorTxID>${=java.util.UUID.randomUUID()}</sws:IntegratorTxID>
         <sws:Rate>
            <sws:From>
               <sws:FullName>Rounak Bandyopadhyay</sws:FullName>
               <sws:Address1>4444 WESTHEIMER RD #313D</sws:Address1>
               <sws:City>HOUSTON</sws:City>
               <sws:State>TX</sws:State>
               <sws:ZIPCode>77027</sws:ZIPCode>
               <sws:PhoneNumber>6509876543</sws:PhoneNumber>
               <sws:EmailAddress>rbandyopadhyay@stamps.com</sws:EmailAddress>
            </sws:From>
            <sws:To>
               <sws:FullName>BEN REILLY</sws:FullName>
               <sws:Company>LARGE ENVELOPE OR FLAT</sws:Company>
               ${Print#ToAddress}
               <sws:PhoneNumber>8884340055</sws:PhoneNumber>
            </sws:To>
            <sws:ServiceType>${Print#Service Type}</sws:ServiceType>
            <sws:PrintLayout>Normal4X6</sws:PrintLayout>
            <sws:WeightOz>1</sws:WeightOz>
            <sws:PackageType>${Print#Package Type}</sws:PackageType>
            <sws:Length>0.5</sws:Length>
            <sws:Width>0.5</sws:Width>
            <sws:Height>0.5</sws:Height>
            <sws:ShipDate>${#Project#ShipDate}</sws:ShipDate>
            <sws:DeclaredValue>50</sws:DeclaredValue>
         </sws:Rate>
         <sws:Customs>
            <sws:ContentType>Merchandise</sws:ContentType>
            <sws:LicenseNumber>License 123</sws:LicenseNumber>
            <sws:CertificateNumber>Cert No. 345</sws:CertificateNumber>
            <sws:InvoiceNumber>Invoice 678</sws:InvoiceNumber>
            <sws:CustomsLines>
               <sws:CustomsLine>
                  <sws:Description>Merchandise</sws:Description>
                  <sws:Quantity>1</sws:Quantity>
                  <sws:Value>3.99</sws:Value>
                  <sws:WeightOz>1</sws:WeightOz>
                  <sws:HSTariffNumber>123456</sws:HSTariffNumber>
                  <sws:CountryOfOrigin>US</sws:CountryOfOrigin>
               </sws:CustomsLine>
            </sws:CustomsLines>
            <sws:SendersCustomsReference>Senders</sws:SendersCustomsReference>
         </sws:Customs>
         <sws:ImageType>Pdf</sws:ImageType>
         <sws:nonDeliveryOption>Abandon</sws:nonDeliveryOption>
         <!--<sws:GroupCode>${Services#GroupCode}</sws:GroupCode>
         <sws:Description>${Services#Description}</sws:Description>-->
      </sws:CreateIndicium>
   <sws1:CreateIndicium xmlns:sws1="http://stamps.com/xml/namespace/2021/01/swsim/SwsimV111"/></soapenv:Body>
</soapenv:Envelope>]]></con:request>
        <con:assertion type="Valid HTTP Status Codes" id="db998173-38e9-4d63-a324-da27124767db" name="Valid HTTP Status Codes">
          <con:settings/>
          <con:configuration>
            <codes>200</codes>
          </con:configuration>
        </con:assertion>
        <con:assertion type="SOAP Fault Assertion" id="75566402-056c-48b8-a370-753973b72a74" name="Not SOAP Fault"/>
        <con:credentials>
          <con:selectedAuthProfile>No Authorization</con:selectedAuthProfile>
          <con:authType>No Authorization</con:authType>
        </con:credentials>
        <con:jmsConfig JMSDeliveryMode="PERSISTENT"/>
        <con:wsaConfig mustUnderstand="NONE" version="200508" action="http://stamps.com/xml/namespace/2021/01/swsim/SwsimV111/CreateIndicium"/>
        <con:wsrmConfig version="1.2"/>
      </con:request>
    </con:config>
  </con:testStep>
  <con:testStep type="request" id="ccdeaa40-9288-4118-8a5f-2d70aec97eef" name="Account Info">
    <con:settings/>
    <con:config xsi:type="con:RequestStep" xmlns:xsi="http://www.w3.org/2001/XMLSchema-instance">
      <con:interface>SwsimV111Soap</con:interface>
      <con:operation>GetAccountInfo</con:operation>
      <con:request name="Account Info" outgoingWss="" incomingWss="" timeout="" sslKeystore="" useWsAddressing="false" useWsReliableMessaging="false" wssPasswordType="" id="85a5f0dd-c607-4978-8d43-db1b2622f28e">
        <con:settings>
          <con:setting id="com.eviware.soapui.impl.wsdl.WsdlRequest@request-headers">&lt;entry key="SoapAction" value="${#Project#Namespace}/GetAccountInfo" xmlns="http://eviware.com/soapui/config"/></con:setting>
        </con:settings>
        <con:encoding>UTF-8</con:encoding>
        <con:endpoint>${#Project#ServiceEndpoint}</con:endpoint>
        <con:request><![CDATA[<soapenv:Envelope xmlns:soapenv="http://schemas.xmlsoap.org/soap/envelope/" xmlns:sws="${#Project#Namespace}">
   <soapenv:Header/>
   <soapenv:Body>
      <sws:GetAccountInfo>
         <sws:Credentials>
              <sws:IntegrationID>C27D7CDC-076E-4D62-98AA-AE45BF9B4B96</sws:IntegrationID>
            <sws:Username>rband459668</sws:Username>
            <sws:Password>pass1$</sws:Password>
         </sws:Credentials>
      </sws:GetAccountInfo>
   </soapenv:Body>
</soapenv:Envelope>]]></con:request>
        <con:assertion type="Valid HTTP Status Codes" id="cb9f4326-8a15-46ad-b5ca-62708b3fe0a2" name="Valid HTTP Status Codes">
          <con:settings/>
          <con:configuration>
            <codes>200</codes>
          </con:configuration>
        </con:assertion>
        <con:assertion type="SOAP Fault Assertion" id="badd569f-a798-479a-98d2-2a3400872309" name="Not SOAP Fault"/>
        <con:credentials>
          <con:selectedAuthProfile>No Authorization</con:selectedAuthProfile>
          <con:authType>No Authorization</con:authType>
        </con:credentials>
        <con:jmsConfig JMSDeliveryMode="PERSISTENT"/>
        <con:wsaConfig mustUnderstand="NONE" version="200508" action="http://stamps.com/xml/namespace/2021/01/swsim/SwsimV111/GetAccountInfo"/>
        <con:wsrmConfig version="1.2"/>
      </con:request>
    </con:config>
  </con:testStep>
  <con:testStep type="datasink" name="DataSink1" id="5fb263d0-28b4-4a22-b20a-e5a179c4ebb3">
    <con:settings/>
    <con:config xsi:type="con:DataSinkStep" xmlns:xsi="http://www.w3.org/2001/XMLSchema-instance">
      <con:dataSink type="SubReport">
        <con:configuration/>
      </con:dataSink>
      <con:properties>
        <con:property>
          <con:name>PackageType</con:name>
          <con:value>${Print#Package Type}</con:value>
        </con:property>
        <con:property>
          <con:name>serviceType</con:name>
          <con:value>${Print#Service Type}</con:value>
        </con:property>
        <con:property>
          <con:name>TrackingNumber</con:name>
          <con:value>${Create Indicium#Response#declare namespace ns1='http://stamps.com/xml/namespace/2021/01/swsim/SwsimV111'; //ns1:CreateIndiciumResponse[1]/ns1:TrackingNumber[1]}</con:value>
        </con:property>
      </con:properties>
    </con:config>
  </con:testStep>
  <con:testStep type="groovy" name="Check Database" id="eb6278c2-2254-4cd0-a627-f218ff4fa442" disabled="true">
    <con:settings/>
    <con:config>
      <script>import groovy.sql.Sql;

// For this Groovy you need to grab the TrackingNumber from &lt;CreateIndicium>
def trackingNumber = context.expand( '${DataSink1#TrackingNumber}' )
 
// Then log TrackingNumber
log.info("TrackingNumber:"+trackingNumber)

// Build and log ConnectionString
def pOSTALDBServer = context.expand( '${#Project#POSTALDBServer}' )
def connectionString = "jdbc:sqlserver://"+pOSTALDBServer+":1433;databaseName=Postal;user=qalab;password=StampsQA!"

def commandTest = "SELECT  * FROM [Postal].[dbo].[sdct_Postal_UniversalPrintLog] where ConfirmationNumber = '"+trackingNumber+"'"
def results =  GetValueFromDb(connectionString,commandTest)

//get all the data points need to be verified
def UniversalPostageID = 	results[0].UniversalPostageID
def StampsTxID = results[0].StampsTxID
def ConfirmationNumber = results[0].ConfirmationNumber



// Now log each of these values in the DataSink
log.info("UniversalPostageID:"+UniversalPostageID)
log.info("StampsTxID:"+StampsTxID)
log.info("ConfirmationNumber:"+ConfirmationNumber)


testRunner.testCase.setPropertyValue("UniversalPostageID", UniversalPostageID.toString())
testRunner.testCase.setPropertyValue("StampsTxID",StampsTxID.toString())
testRunner.testCase.setPropertyValue("ConfirmationNumber",ConfirmationNumber.toString())


////////// METHOD //////////////
def ArrayList GetValueFromDb(String ConnectionString, String CommandTest){
	//ArrayList tmpValues = []; 
	def sql = Sql.newInstance(ConnectionString, "com.microsoft.sqlserver.jdbc.SQLServerDriver")
	def results = sql.rows(CommandTest)
	
	return results;
}</script>
    </con:config>
  </con:testStep>
  <con:testStep type="httprequest" name="Elastic Search" id="3168cb84-20d2-42aa-8e4d-0948befe4fb7">
    <con:settings/>
    <con:config method="POST" xsi:type="con:HttpRequest" id="10ca0323-22f6-45f9-babc-9da32b5b3993" name="Elastic Search" downloadIncludedResources="false" postQueryString="false" mediaType="application/json" xmlns:xsi="http://www.w3.org/2001/XMLSchema-instance">
      <con:settings>
        <con:setting id="com.eviware.soapui.impl.wsdl.WsdlRequest@request-headers">&lt;xml-fragment/></con:setting>
      </con:settings>
      <con:endpoint>https://vpc-qa007-printhistory-index-t2vuxykqylxrjgqulhezacs2re.us-west-1.es.amazonaws.com/qa007-printhistory-index/_search?</con:endpoint>
      <con:request>{
    "query": {
                "match" : {  "_id" : "6276173319"}
            }
}</con:request>
      <con:credentials>
        <con:selectedAuthProfile>No Authorization</con:selectedAuthProfile>
        <con:authType>No Authorization</con:authType>
      </con:credentials>
      <con:jmsConfig JMSDeliveryMode="PERSISTENT"/>
      <con:parameters/>
    </con:config>
  </con:testStep>
  <con:testStep type="groovy" name="ELastic Search verification" id="dc29524f-6ec4-40d8-9218-189e257e02fc">
    <con:settings/>
    <con:config>
      <script>// can only be done once we get the end point up and running.
def hits = context.expand( '${Elastic Search#Response#$[\'hits\'][\'total\'][\'value\']}' )
def tracking_number = context.expand( '${Elastic Search#Response#$[\'hits\'][\'hits\'][0][\'_source\'][\'label\'][\'tracking_number\']}' )
def Cust_id = context.expand( '${Elastic Search#Response#$[\'hits\'][\'hits\'][0][\'_source\'][\'cust_id\']}' )
def Universal_id = context.expand( '${Elastic Search#Response#$[\'hits\'][\'hits\'][0][\'_source\'][\'label\'][\'universal_id\']}' )
def carrier = context.expand( '${Elastic Search#Response#$[\'hits\'][\'hits\'][0][\'_source\'][\'label\'][\'carrier\']}' )
def username = context.expand( '${Elastic Search#Response#$[\'hits\'][\'hits\'][0][\'_source\'][\'username\']}' )
def tx_id = context.expand( '${Elastic Search#Response#$[\'hits\'][\'hits\'][0][\'_source\'][\'label\'][\'label_id\']}' )


if(hits == "1"){
	
	
}else{
	log.info("Number of hits is greater than 1:"+hits)
}</script>
    </con:config>
  </con:testStep>
  <con:testStep type="datasourceloop" name="PrintsLoop" id="1105bde6-7e66-4e63-ac36-4673c364a2a6">
    <con:settings/>
    <con:config>
      <dataSourceStep>Prints</dataSourceStep>
      <targetStep>ControlFlow</targetStep>
      <discardResults>true</discardResults>
    </con:config>
  </con:testStep>
  <con:testStep type="datasourceloop" name="Data Source Loop" id="c3ba8653-88d5-4cca-bb47-eb1e7f68ddd1">
    <con:settings/>
    <con:config>
      <dataSourceStep>Data Source</dataSourceStep>
      <targetStep>Groovy Script Name</targetStep>
      <discardResults>true</discardResults>
    </con:config>
  </con:testStep>
  <con:properties>
    <con:property>
      <con:name>username</con:name>
      <con:value>rband403848</con:value>
    </con:property>
  </con:properties>
  <con:reportParameters/>
  <con:breakPoints>
    <con:testStepId>6bc41cc9-87c9-47a4-a8ad-e6adf738c394</con:testStepId>
    <con:status>NONE</con:status>
    <con:properties/>
  </con:breakPoints>
  <con:breakPoints>
    <con:testStepId>8060cf0d-4d7d-46e3-b05b-a6b5419d8198</con:testStepId>
    <con:status>NONE</con:status>
    <con:properties/>
  </con:breakPoints>
  <con:breakPoints>
    <con:testStepId>a5e1ce38-8750-4ab6-aa11-9fbb1e520b5d</con:testStepId>
    <con:status>NONE</con:status>
    <con:properties/>
  </con:breakPoints>
  <con:breakPoints>
    <con:testStepId>38369b69-196d-4246-9a49-b1c302c97250</con:testStepId>
    <con:status>NONE</con:status>
    <con:properties/>
  </con:breakPoints>
  <con:breakPoints>
    <con:testStepId>187fb436-22bc-41f9-a59e-2562dcd83e98</con:testStepId>
    <con:status>NONE</con:status>
    <con:properties/>
  </con:breakPoints>
  <con:breakPoints>
    <con:testStepId>0581e6e1-9bee-4ec1-854a-cd834b38dd5b</con:testStepId>
    <con:status>NONE</con:status>
    <con:properties/>
  </con:breakPoints>
</con:testCase>
